#
# A fatal error has been detected by the Java Runtime Environment:
#
#  SIGSEGV (0xb) at pc=0x00007f4cdc96b009, pid=15665, tid=15666
#
# JRE version: OpenJDK Runtime Environment (9.0) (build 9-internal+0-2016-04-14-195246.buildd.src)
# Java VM: OpenJDK 64-Bit Server VM (9-internal+0-2016-04-14-195246.buildd.src, mixed mode, tiered, compressed oops, g1 gc, linux-amd64)
# Problematic frame:
# C  [libjava.so+0x1d009]  JNU_GetEnv+0x19
#
# Core dump will be written. Default location: Core dumps may be processed with "/usr/share/apport/apport %p %s %c %d %P" (or dumping to /media/mohit/01D3B5938BD2E2F0/MS/HWU/IR/Assign1/core.15665)
#
# If you would like to submit a bug report, please visit:
#   http://bugreport.java.com/bugreport/crash.jsp
# The crash happened outside the Java Virtual Machine in native code.
# See problematic frame for where to report the bug.
#

---------------  S U M M A R Y ------------

Command Line: robot

Host: Intel(R) Core(TM) i7-7500U CPU @ 2.70GHz, 4 cores, 15G, Ubuntu 16.04.5 LTS
Time: Thu Sep 27 14:29:38 2018 BST elapsed time: 0 seconds (0d 0h 0m 0s)

---------------  T H R E A D  ---------------

Current thread (0x00007f4cd8011000):  JavaThread "main" [_thread_in_native, id=15666, stack(0x00007f4cdf6aa000,0x00007f4cdf7ab000)]

Stack: [0x00007f4cdf6aa000,0x00007f4cdf7ab000],  sp=0x00007f4cdf7a83b0,  free space=1016k
Native frames: (J=compiled Java code, j=interpreted, Vv=VM code, C=native code)
C  [libjava.so+0x1d009]  JNU_GetEnv+0x19
C  [libfontmanager.so+0x33f8e]
C  [libfreetype.so.6+0x14d2b]  FT_Stream_Seek+0x1b

Java frames: (J=compiled Java code, j=interpreted, Vv=VM code)
j  sun.font.FreetypeFontScaler.initNativeScaler(Lsun/font/Font2D;IIZI)J+0 java.desktop@9-internal
j  sun.font.FreetypeFontScaler.<init>(Lsun/font/Font2D;IZI)V+26 java.desktop@9-internal
v  ~StubRoutines::call_stub
j  sun.reflect.NativeConstructorAccessorImpl.newInstance0(Ljava/lang/reflect/Constructor;[Ljava/lang/Object;)Ljava/lang/Object;+0 java.base@9-internal
j  sun.reflect.NativeConstructorAccessorImpl.newInstance([Ljava/lang/Object;)Ljava/lang/Object;+85 java.base@9-internal
j  sun.reflect.DelegatingConstructorAccessorImpl.newInstance([Ljava/lang/Object;)Ljava/lang/Object;+5 java.base@9-internal
j  java.lang.reflect.Constructor.newInstance([Ljava/lang/Object;)Ljava/lang/Object;+65 java.base@9-internal
j  sun.font.FontScaler.getScaler(Lsun/font/Font2D;IZI)Lsun/font/FontScaler;+39 java.desktop@9-internal
j  sun.font.TrueTypeFont.getScaler()Lsun/font/FontScaler;+21 java.desktop@9-internal
j  sun.font.FileFontStrike.<init>(Lsun/font/FileFont;Lsun/font/FontStrikeDesc;)V+204 java.desktop@9-internal
j  sun.font.FileFont.createStrike(Lsun/font/FontStrikeDesc;)Lsun/font/FontStrike;+18 java.desktop@9-internal
j  sun.font.Font2D.getStrike(Lsun/font/FontStrikeDesc;Z)Lsun/font/FontStrike;+92 java.desktop@9-internal
j  sun.font.Font2D.getStrike(Lsun/font/FontStrikeDesc;)Lsun/font/FontStrike;+3 java.desktop@9-internal
j  sun.font.CompositeStrike.getStrikeForSlot(I)Lsun/font/PhysicalStrike;+23 java.desktop@9-internal
j  sun.font.CompositeStrike.getFontMetrics()Lsun/font/StrikeMetrics;+31 java.desktop@9-internal
j  sun.font.FontDesignMetrics.initMatrixAndMetrics()V+28 java.desktop@9-internal
j  sun.font.FontDesignMetrics.<init>(Ljava/awt/Font;Ljava/awt/font/FontRenderContext;)V+62 java.desktop@9-internal
j  sun.font.FontDesignMetrics.getMetrics(Ljava/awt/Font;Ljava/awt/font/FontRenderContext;)Lsun/font/FontDesignMetrics;+128 java.desktop@9-internal
j  sun.swing.SwingUtilities2.getFontMetrics(Ljavax/swing/JComponent;Ljava/awt/Font;)Ljava/awt/FontMetrics;+15 java.desktop@9-internal
j  javax.swing.JComponent.getFontMetrics(Ljava/awt/Font;)Ljava/awt/FontMetrics;+2 java.desktop@9-internal
j  javax.swing.plaf.basic.BasicLabelUI.getPreferredSize(Ljavax/swing/JComponent;)Ljava/awt/Dimension;+144 java.desktop@9-internal
j  javax.swing.JComponent.getPreferredSize()Ljava/awt/Dimension;+26 java.desktop@9-internal
j  javax.swing.JSlider.updateLabelUIs()V+44 java.desktop@9-internal
j  javax.swing.JSlider.setLabelTable(Ljava/util/Dictionary;)V+11 java.desktop@9-internal
j  javax.swing.JSlider.setPaintLabels(Z)V+33 java.desktop@9-internal
j  robot.<init>()V+581
j  robot.main([Ljava/lang/String;)V+8
v  ~StubRoutines::call_stub

siginfo: si_signo: 11 (SIGSEGV), si_code: 1 (SEGV_MAPERR), si_addr: 0x0000000000000000

Register to memory mapping:

RAX=0x0000000000000000 is an unknown value
RBX=0x0000000000000000 is an unknown value
RCX=0x0000000000000000 is an unknown value
RDX=0x0000000000010002 is an unknown value
RSP=0x00007f4cdf7a83b0 is pointing into the stack for thread: 0x00007f4cd8011000
RBP=0x00007f4cdf7a83c0 is pointing into the stack for thread: 0x00007f4cd8011000
RSI=0x0000000000010002 is an unknown value
RDI=0x0000000000000000 is an unknown value
R8 =0x0000000000000000 is an unknown value
R9 =0x000000000048d000 is an unknown value
R10=0x00000000000001db is an unknown value
R11=0x00007f4cdc96aff0: JNU_GetEnv+0x0000000000000000 in /usr/lib/jvm/java-9-openjdk-amd64/lib/amd64/libjava.so at 0x00007f4cdc94e000
R12=0x00007f4cd847e210 is an unknown value
R13=0x0000000000000000 is an unknown value
R14=0x0000000000000000 is an unknown value
R15=0x00007f4cd848cf70 is an unknown value


Registers:
RAX=0x0000000000000000, RBX=0x0000000000000000, RCX=0x0000000000000000, RDX=0x0000000000010002
RSP=0x00007f4cdf7a83b0, RBP=0x00007f4cdf7a83c0, RSI=0x0000000000010002, RDI=0x0000000000000000
R8 =0x0000000000000000, R9 =0x000000000048d000, R10=0x00000000000001db, R11=0x00007f4cdc96aff0
R12=0x00007f4cd847e210, R13=0x0000000000000000, R14=0x0000000000000000, R15=0x00007f4cd848cf70
RIP=0x00007f4cdc96b009, EFLAGS=0x0000000000010246, CSGSFS=0x002b000000000033, ERR=0x0000000000000004
  TRAPNO=0x000000000000000e

Top of Stack: (sp=0x00007f4cdf7a83b0)
0x00007f4cdf7a83b0:   0000000000000000 34927f6cfccc5100
0x00007f4cdf7a83c0:   00007f4cdf7a8400 00007f4c886b2f8e
0x00007f4cdf7a83d0:   00007f4cd8000078 00007f4cd847e210
0x00007f4cdf7a83e0:   0000000000000000 0000000000000000
0x00007f4cdf7a83f0:   00007f4cd847e210 00007f4cd848cf70
0x00007f4cdf7a8400:   0000000000000000 00007f4c883e9d2b
0x00007f4cdf7a8410:   0000000000000000 00007f4c8867bd80
0x00007f4cdf7a8420:   0000000000000000 00007f4c883fd8e0
0x00007f4cdf7a8430:   0000000000000002 0000003200000008
0x00007f4cdf7a8440:   0000000000000000 0000000000000000
0x00007f4cdf7a8450:   0000006e0000005b 0000000000000000
0x00007f4cdf7a8460:   0000000000000000 0000007c00000077
0x00007f4cdf7a8470:   0000000000000000 0000000000000000
0x00007f4cdf7a8480:   000000004e8b41d0 468b41e04e8b45e8
0x00007f4cdf7a8490:   0000000000000000 00007f4cd8000020
0x00007f4cdf7a84a0:   0000000000000070 00007f4cdf7a8554
0x00007f4cdf7a84b0:   00007f4cd848c3a0 00007f4cd848cf70
0x00007f4cdf7a84c0:   00007f4cdf7a8554 00007f4cdf079184
0x00007f4cdf7a84d0:   00007f4cdf7a8620 00007f4cdf7a8504
0x00007f4cdf7a84e0:   00007f4c886789e0 34927f6cfccc5100
0x00007f4cdf7a84f0:   0000000000000070 00007f4cd847e2d0
0x00007f4cdf7a8500:   00007f4c886789e0 00007f4cdf7a8618
0x00007f4cdf7a8510:   00007f4cd848c3a0 00007f4cd848cf70
0x00007f4cdf7a8520:   00007f4cd848d4a0 00007f4c883ec4c2
0x00007f4cdf7a8530:   0000000100000000 00007f4cdf7a8620
0x00007f4cdf7a8540:   0000000000000000 0000000000000000
0x00007f4cdf7a8550:   00000000df7a8618 34927f6cfccc5100
0x00007f4cdf7a8560:   00007f4cd847e2d0 00007f4cdf7a8620
0x00007f4cdf7a8570:   0000000000000000 00007f4cd848c2c8
0x00007f4cdf7a8580:   00007f4cdf7a8820 00007f4cd848c228
0x00007f4cdf7a8590:   00007f4cd848c3a0 00007f4c883ee581
0x00007f4cdf7a85a0:   00007f4cdf7a8620 00007f4c883ee376 

Instructions: (pc=0x00007f4cdc96b009)
0x00007f4cdc96afe9:   ff eb ea 0f 1f 40 00 55 89 f2 48 89 e5 48 83 ec
0x00007f4cdc96aff9:   10 64 48 8b 04 25 28 00 00 00 48 89 45 f8 31 c0
0x00007f4cdc96b009:   48 8b 07 48 8d 75 f0 ff 50 30 48 8b 4d f8 64 48
0x00007f4cdc96b019:   33 0c 25 28 00 00 00 48 8b 45 f0 75 02 c9 c3 e8 


---------------  P R O C E S S  ---------------

Java Threads: ( => current thread )
  0x00007f4cd8428800 JavaThread "AWT-XAWT" daemon [_thread_in_native, id=15691, stack(0x00007f4c5caee000,0x00007f4c5cbef000)]
  0x00007f4cd8401800 JavaThread "Java2D Disposer" daemon [_thread_blocked, id=15690, stack(0x00007f4c880af000,0x00007f4c881b0000)]
  0x00007f4cd8305000 JavaThread "Service Thread" daemon [_thread_blocked, id=15688, stack(0x00007f4c8a10e000,0x00007f4c8a20f000)]
  0x00007f4cd8236800 JavaThread "Common-Cleaner" daemon [_thread_blocked, id=15687, stack(0x00007f4c8a20f000,0x00007f4c8a310000)]
  0x00007f4cd821f000 JavaThread "Sweeper thread" daemon [_thread_blocked, id=15686, stack(0x00007f4c8a73a000,0x00007f4c8a83b000)]
  0x00007f4cd821d800 JavaThread "C1 CompilerThread2" daemon [_thread_blocked, id=15685, stack(0x00007f4c8a83b000,0x00007f4c8a93c000)]
  0x00007f4cd821b800 JavaThread "C2 CompilerThread1" daemon [_thread_blocked, id=15684, stack(0x00007f4c8a93c000,0x00007f4c8aa3d000)]
  0x00007f4cd8219800 JavaThread "C2 CompilerThread0" daemon [_thread_blocked, id=15683, stack(0x00007f4c8aa3d000,0x00007f4c8ab3e000)]
  0x00007f4cd8215000 JavaThread "Signal Dispatcher" daemon [_thread_blocked, id=15682, stack(0x00007f4c8ab3e000,0x00007f4c8ac3f000)]
  0x00007f4cd8213000 JavaThread "Surrogate Locker Thread (Concurrent GC)" daemon [_thread_blocked, id=15681, stack(0x00007f4c8ac3f000,0x00007f4c8ad40000)]
  0x00007f4cd8201800 JavaThread "Finalizer" daemon [_thread_blocked, id=15680, stack(0x00007f4c8b6ff000,0x00007f4c8b800000)]
  0x00007f4cd81fd800 JavaThread "Reference Handler" daemon [_thread_blocked, id=15679, stack(0x00007f4c90100000,0x00007f4c90201000)]
=>0x00007f4cd8011000 JavaThread "main" [_thread_in_native, id=15666, stack(0x00007f4cdf6aa000,0x00007f4cdf7ab000)]

Other Threads:
  0x00007f4cd81f3800 VMThread [stack: 0x00007f4c90201000,0x00007f4c90302000] [id=15678]
  0x00007f4cd8307800 WatcherThread [stack: 0x00007f4c8a00d000,0x00007f4c8a10e000] [id=15689]

Threads with active compile tasks:

VM state:not at safepoint (normal execution)

VM Mutex/Monitor currently owned by a thread: None

heap address: 0x00000006c6a00000, size: 3990 MB, Compressed Oops mode: Zero based, Oop shift amount: 3
Narrow klass base: 0x0000000000000000, Narrow klass shift: 3
Compressed class space size: 1073741824 Address: 0x00000007c0000000

Heap:
 garbage-first heap   total 256000K, used 6144K [0x00000006c6a00000, 0x00000006c6b007d0, 0x00000007c0000000)
  region size 1024K, 7 young (7168K), 0 survivors (0K)
 Metaspace       used 10789K, capacity 11226K, committed 11392K, reserved 1058816K
  class space    used 1218K, capacity 1379K, committed 1408K, reserved 1048576K

Heap Regions: E=young(eden), S=young(survivor), O=old, HS=humongous(starts), HC=humongous(continues), CS=collection set, F=free, A=archive, TS=gc time stamp, AC=allocation context, TAMS=top-at-mark-start (previous, next)
|   0|0x00000006c6a00000, 0x00000006c6a00000, 0x00000006c6b00000|  0%| F|  |TS  0|AC  0|TAMS 0x00000006c6a00000, 0x00000006c6a00000|
|   1|0x00000006c6b00000, 0x00000006c6b00000, 0x00000006c6c00000|  0%| F|  |TS  0|AC  0|TAMS 0x00000006c6b00000, 0x00000006c6b00000|
|   2|0x00000006c6c00000, 0x00000006c6c00000, 0x00000006c6d00000|  0%| F|  |TS  0|AC  0|TAMS 0x00000006c6c00000, 0x00000006c6c00000|
|   3|0x00000006c6d00000, 0x00000006c6d00000, 0x00000006c6e00000|  0%| F|  |TS  0|AC  0|TAMS 0x00000006c6d00000, 0x00000006c6d00000|
|   4|0x00000006c6e00000, 0x00000006c6e00000, 0x00000006c6f00000|  0%| F|  |TS  0|AC  0|TAMS 0x00000006c6e00000, 0x00000006c6e00000|
|   5|0x00000006c6f00000, 0x00000006c6f00000, 0x00000006c7000000|  0%| F|  |TS  0|AC  0|TAMS 0x00000006c6f00000, 0x00000006c6f00000|
|   6|0x00000006c7000000, 0x00000006c7000000, 0x00000006c7100000|  0%| F|  |TS  0|AC  0|TAMS 0x00000006c7000000, 0x00000006c7000000|
|   7|0x00000006c7100000, 0x00000006c7100000, 0x00000006c7200000|  0%| F|  |TS  0|AC  0|TAMS 0x00000006c7100000, 0x00000006c7100000|
|   8|0x00000006c7200000, 0x00000006c7200000, 0x00000006c7300000|  0%| F|  |TS  0|AC  0|TAMS 0x00000006c7200000, 0x00000006c7200000|
|   9|0x00000006c7300000, 0x00000006c7300000, 0x00000006c7400000|  0%| F|  |TS  0|AC  0|TAMS 0x00000006c7300000, 0x00000006c7300000|
|  10|0x00000006c7400000, 0x00000006c7400000, 0x00000006c7500000|  0%| F|  |TS  0|AC  0|TAMS 0x00000006c7400000, 0x00000006c7400000|
|  11|0x00000006c7500000, 0x00000006c7500000, 0x00000006c7600000|  0%| F|  |TS  0|AC  0|TAMS 0x00000006c7500000, 0x00000006c7500000|
|  12|0x00000006c7600000, 0x00000006c7600000, 0x00000006c7700000|  0%| F|  |TS  0|AC  0|TAMS 0x00000006c7600000, 0x00000006c7600000|
|  13|0x00000006c7700000, 0x00000006c7700000, 0x00000006c7800000|  0%| F|  |TS  0|AC  0|TAMS 0x00000006c7700000, 0x00000006c7700000|
|  14|0x00000006c7800000, 0x00000006c7800000, 0x00000006c7900000|  0%| F|  |TS  0|AC  0|TAMS 0x00000006c7800000, 0x00000006c7800000|
|  15|0x00000006c7900000, 0x00000006c7900000, 0x00000006c7a00000|  0%| F|  |TS  0|AC  0|TAMS 0x00000006c7900000, 0x00000006c7900000|
|  16|0x00000006c7a00000, 0x00000006c7a00000, 0x00000006c7b00000|  0%| F|  |TS  0|AC  0|TAMS 0x00000006c7a00000, 0x00000006c7a00000|
|  17|0x00000006c7b00000, 0x00000006c7b00000, 0x00000006c7c00000|  0%| F|  |TS  0|AC  0|TAMS 0x00000006c7b00000, 0x00000006c7b00000|
|  18|0x00000006c7c00000, 0x00000006c7c00000, 0x00000006c7d00000|  0%| F|  |TS  0|AC  0|TAMS 0x00000006c7c00000, 0x00000006c7c00000|
|  19|0x00000006c7d00000, 0x00000006c7d00000, 0x00000006c7e00000|  0%| F|  |TS  0|AC  0|TAMS 0x00000006c7d00000, 0x00000006c7d00000|
|  20|0x00000006c7e00000, 0x00000006c7e00000, 0x00000006c7f00000|  0%| F|  |TS  0|AC  0|TAMS 0x00000006c7e00000, 0x00000006c7e00000|
|  21|0x00000006c7f00000, 0x00000006c7f00000, 0x00000006c8000000|  0%| F|  |TS  0|AC  0|TAMS 0x00000006c7f00000, 0x00000006c7f00000|
|  22|0x00000006c8000000, 0x00000006c8000000, 0x00000006c8100000|  0%| F|  |TS  0|AC  0|TAMS 0x00000006c8000000, 0x00000006c8000000|
|  23|0x00000006c8100000, 0x00000006c8100000, 0x00000006c8200000|  0%| F|  |TS  0|AC  0|TAMS 0x00000006c8100000, 0x00000006c8100000|
|  24|0x00000006c8200000, 0x00000006c8200000, 0x00000006c8300000|  0%| F|  |TS  0|AC  0|TAMS 0x00000006c8200000, 0x00000006c8200000|
|  25|0x00000006c8300000, 0x00000006c8300000, 0x00000006c8400000|  0%| F|  |TS  0|AC  0|TAMS 0x00000006c8300000, 0x00000006c8300000|
|  26|0x00000006c8400000, 0x00000006c8400000, 0x00000006c8500000|  0%| F|  |TS  0|AC  0|TAMS 0x00000006c8400000, 0x00000006c8400000|
|  27|0x00000006c8500000, 0x00000006c8500000, 0x00000006c8600000|  0%| F|  |TS  0|AC  0|TAMS 0x00000006c8500000, 0x00000006c8500000|
|  28|0x00000006c8600000, 0x00000006c8600000, 0x00000006c8700000|  0%| F|  |TS  0|AC  0|TAMS 0x00000006c8600000, 0x00000006c8600000|
|  29|0x00000006c8700000, 0x00000006c8700000, 0x00000006c8800000|  0%| F|  |TS  0|AC  0|TAMS 0x00000006c8700000, 0x00000006c8700000|
|  30|0x00000006c8800000, 0x00000006c8800000, 0x00000006c8900000|  0%| F|  |TS  0|AC  0|TAMS 0x00000006c8800000, 0x00000006c8800000|
|  31|0x00000006c8900000, 0x00000006c8900000, 0x00000006c8a00000|  0%| F|  |TS  0|AC  0|TAMS 0x00000006c8900000, 0x00000006c8900000|
|  32|0x00000006c8a00000, 0x00000006c8a00000, 0x00000006c8b00000|  0%| F|  |TS  0|AC  0|TAMS 0x00000006c8a00000, 0x00000006c8a00000|
|  33|0x00000006c8b00000, 0x00000006c8b00000, 0x00000006c8c00000|  0%| F|  |TS  0|AC  0|TAMS 0x00000006c8b00000, 0x00000006c8b00000|
|  34|0x00000006c8c00000, 0x00000006c8c00000, 0x00000006c8d00000|  0%| F|  |TS  0|AC  0|TAMS 0x00000006c8c00000, 0x00000006c8c00000|
|  35|0x00000006c8d00000, 0x00000006c8d00000, 0x00000006c8e00000|  0%| F|  |TS  0|AC  0|TAMS 0x00000006c8d00000, 0x00000006c8d00000|
|  36|0x00000006c8e00000, 0x00000006c8e00000, 0x00000006c8f00000|  0%| F|  |TS  0|AC  0|TAMS 0x00000006c8e00000, 0x00000006c8e00000|
|  37|0x00000006c8f00000, 0x00000006c8f00000, 0x00000006c9000000|  0%| F|  |TS  0|AC  0|TAMS 0x00000006c8f00000, 0x00000006c8f00000|
|  38|0x00000006c9000000, 0x00000006c9000000, 0x00000006c9100000|  0%| F|  |TS  0|AC  0|TAMS 0x00000006c9000000, 0x00000006c9000000|
|  39|0x00000006c9100000, 0x00000006c9100000, 0x00000006c9200000|  0%| F|  |TS  0|AC  0|TAMS 0x00000006c9100000, 0x00000006c9100000|
|  40|0x00000006c9200000, 0x00000006c9200000, 0x00000006c9300000|  0%| F|  |TS  0|AC  0|TAMS 0x00000006c9200000, 0x00000006c9200000|
|  41|0x00000006c9300000, 0x00000006c9300000, 0x00000006c9400000|  0%| F|  |TS  0|AC  0|TAMS 0x00000006c9300000, 0x00000006c9300000|
|  42|0x00000006c9400000, 0x00000006c9400000, 0x00000006c9500000|  0%| F|  |TS  0|AC  0|TAMS 0x00000006c9400000, 0x00000006c9400000|
|  43|0x00000006c9500000, 0x00000006c9500000, 0x00000006c9600000|  0%| F|  |TS  0|AC  0|TAMS 0x00000006c9500000, 0x00000006c9500000|
|  44|0x00000006c9600000, 0x00000006c9600000, 0x00000006c9700000|  0%| F|  |TS  0|AC  0|TAMS 0x00000006c9600000, 0x00000006c9600000|
|  45|0x00000006c9700000, 0x00000006c9700000, 0x00000006c9800000|  0%| F|  |TS  0|AC  0|TAMS 0x00000006c9700000, 0x00000006c9700000|
|  46|0x00000006c9800000, 0x00000006c9800000, 0x00000006c9900000|  0%| F|  |TS  0|AC  0|TAMS 0x00000006c9800000, 0x00000006c9800000|
|  47|0x00000006c9900000, 0x00000006c9900000, 0x00000006c9a00000|  0%| F|  |TS  0|AC  0|TAMS 0x00000006c9900000, 0x00000006c9900000|
|  48|0x00000006c9a00000, 0x00000006c9a00000, 0x00000006c9b00000|  0%| F|  |TS  0|AC  0|TAMS 0x00000006c9a00000, 0x00000006c9a00000|
|  49|0x00000006c9b00000, 0x00000006c9b00000, 0x00000006c9c00000|  0%| F|  |TS  0|AC  0|TAMS 0x00000006c9b00000, 0x00000006c9b00000|
|  50|0x00000006c9c00000, 0x00000006c9c00000, 0x00000006c9d00000|  0%| F|  |TS  0|AC  0|TAMS 0x00000006c9c00000, 0x00000006c9c00000|
|  51|0x00000006c9d00000, 0x00000006c9d00000, 0x00000006c9e00000|  0%| F|  |TS  0|AC  0|TAMS 0x00000006c9d00000, 0x00000006c9d00000|
|  52|0x00000006c9e00000, 0x00000006c9e00000, 0x00000006c9f00000|  0%| F|  |TS  0|AC  0|TAMS 0x00000006c9e00000, 0x00000006c9e00000|
|  53|0x00000006c9f00000, 0x00000006c9f00000, 0x00000006ca000000|  0%| F|  |TS  0|AC  0|TAMS 0x00000006c9f00000, 0x00000006c9f00000|
|  54|0x00000006ca000000, 0x00000006ca000000, 0x00000006ca100000|  0%| F|  |TS  0|AC  0|TAMS 0x00000006ca000000, 0x00000006ca000000|
|  55|0x00000006ca100000, 0x00000006ca100000, 0x00000006ca200000|  0%| F|  |TS  0|AC  0|TAMS 0x00000006ca100000, 0x00000006ca100000|
|  56|0x00000006ca200000, 0x00000006ca200000, 0x00000006ca300000|  0%| F|  |TS  0|AC  0|TAMS 0x00000006ca200000, 0x00000006ca200000|
|  57|0x00000006ca300000, 0x00000006ca300000, 0x00000006ca400000|  0%| F|  |TS  0|AC  0|TAMS 0x00000006ca300000, 0x00000006ca300000|
|  58|0x00000006ca400000, 0x00000006ca400000, 0x00000006ca500000|  0%| F|  |TS  0|AC  0|TAMS 0x00000006ca400000, 0x00000006ca400000|
|  59|0x00000006ca500000, 0x00000006ca500000, 0x00000006ca600000|  0%| F|  |TS  0|AC  0|TAMS 0x00000006ca500000, 0x00000006ca500000|
|  60|0x00000006ca600000, 0x00000006ca600000, 0x00000006ca700000|  0%| F|  |TS  0|AC  0|TAMS 0x00000006ca600000, 0x00000006ca600000|
|  61|0x00000006ca700000, 0x00000006ca700000, 0x00000006ca800000|  0%| F|  |TS  0|AC  0|TAMS 0x00000006ca700000, 0x00000006ca700000|
|  62|0x00000006ca800000, 0x00000006ca800000, 0x00000006ca900000|  0%| F|  |TS  0|AC  0|TAMS 0x00000006ca800000, 0x00000006ca800000|
|  63|0x00000006ca900000, 0x00000006ca900000, 0x00000006caa00000|  0%| F|  |TS  0|AC  0|TAMS 0x00000006ca900000, 0x00000006ca900000|
|  64|0x00000006caa00000, 0x00000006caa00000, 0x00000006cab00000|  0%| F|  |TS  0|AC  0|TAMS 0x00000006caa00000, 0x00000006caa00000|
|  65|0x00000006cab00000, 0x00000006cab00000, 0x00000006cac00000|  0%| F|  |TS  0|AC  0|TAMS 0x00000006cab00000, 0x00000006cab00000|
|  66|0x00000006cac00000, 0x00000006cac00000, 0x00000006cad00000|  0%| F|  |TS  0|AC  0|TAMS 0x00000006cac00000, 0x00000006cac00000|
|  67|0x00000006cad00000, 0x00000006cad00000, 0x00000006cae00000|  0%| F|  |TS  0|AC  0|TAMS 0x00000006cad00000, 0x00000006cad00000|
|  68|0x00000006cae00000, 0x00000006cae00000, 0x00000006caf00000|  0%| F|  |TS  0|AC  0|TAMS 0x00000006cae00000, 0x00000006cae00000|
|  69|0x00000006caf00000, 0x00000006caf00000, 0x00000006cb000000|  0%| F|  |TS  0|AC  0|TAMS 0x00000006caf00000, 0x00000006caf00000|
|  70|0x00000006cb000000, 0x00000006cb000000, 0x00000006cb100000|  0%| F|  |TS  0|AC  0|TAMS 0x00000006cb000000, 0x00000006cb000000|
|  71|0x00000006cb100000, 0x00000006cb100000, 0x00000006cb200000|  0%| F|  |TS  0|AC  0|TAMS 0x00000006cb100000, 0x00000006cb100000|
|  72|0x00000006cb200000, 0x00000006cb200000, 0x00000006cb300000|  0%| F|  |TS  0|AC  0|TAMS 0x00000006cb200000, 0x00000006cb200000|
|  73|0x00000006cb300000, 0x00000006cb300000, 0x00000006cb400000|  0%| F|  |TS  0|AC  0|TAMS 0x00000006cb300000, 0x00000006cb300000|
|  74|0x00000006cb400000, 0x00000006cb400000, 0x00000006cb500000|  0%| F|  |TS  0|AC  0|TAMS 0x00000006cb400000, 0x00000006cb400000|
|  75|0x00000006cb500000, 0x00000006cb500000, 0x00000006cb600000|  0%| F|  |TS  0|AC  0|TAMS 0x00000006cb500000, 0x00000006cb500000|
|  76|0x00000006cb600000, 0x00000006cb600000, 0x00000006cb700000|  0%| F|  |TS  0|AC  0|TAMS 0x00000006cb600000, 0x00000006cb600000|
|  77|0x00000006cb700000, 0x00000006cb700000, 0x00000006cb800000|  0%| F|  |TS  0|AC  0|TAMS 0x00000006cb700000, 0x00000006cb700000|
|  78|0x00000006cb800000, 0x00000006cb800000, 0x00000006cb900000|  0%| F|  |TS  0|AC  0|TAMS 0x00000006cb800000, 0x00000006cb800000|
|  79|0x00000006cb900000, 0x00000006cb900000, 0x00000006cba00000|  0%| F|  |TS  0|AC  0|TAMS 0x00000006cb900000, 0x00000006cb900000|
|  80|0x00000006cba00000, 0x00000006cba00000, 0x00000006cbb00000|  0%| F|  |TS  0|AC  0|TAMS 0x00000006cba00000, 0x00000006cba00000|
|  81|0x00000006cbb00000, 0x00000006cbb00000, 0x00000006cbc00000|  0%| F|  |TS  0|AC  0|TAMS 0x00000006cbb00000, 0x00000006cbb00000|
|  82|0x00000006cbc00000, 0x00000006cbc00000, 0x00000006cbd00000|  0%| F|  |TS  0|AC  0|TAMS 0x00000006cbc00000, 0x00000006cbc00000|
|  83|0x00000006cbd00000, 0x00000006cbd00000, 0x00000006cbe00000|  0%| F|  |TS  0|AC  0|TAMS 0x00000006cbd00000, 0x00000006cbd00000|
|  84|0x00000006cbe00000, 0x00000006cbe00000, 0x00000006cbf00000|  0%| F|  |TS  0|AC  0|TAMS 0x00000006cbe00000, 0x00000006cbe00000|
|  85|0x00000006cbf00000, 0x00000006cbf00000, 0x00000006cc000000|  0%| F|  |TS  0|AC  0|TAMS 0x00000006cbf00000, 0x00000006cbf00000|
|  86|0x00000006cc000000, 0x00000006cc000000, 0x00000006cc100000|  0%| F|  |TS  0|AC  0|TAMS 0x00000006cc000000, 0x00000006cc000000|
|  87|0x00000006cc100000, 0x00000006cc100000, 0x00000006cc200000|  0%| F|  |TS  0|AC  0|TAMS 0x00000006cc100000, 0x00000006cc100000|
|  88|0x00000006cc200000, 0x00000006cc200000, 0x00000006cc300000|  0%| F|  |TS  0|AC  0|TAMS 0x00000006cc200000, 0x00000006cc200000|
|  89|0x00000006cc300000, 0x00000006cc300000, 0x00000006cc400000|  0%| F|  |TS  0|AC  0|TAMS 0x00000006cc300000, 0x00000006cc300000|
|  90|0x00000006cc400000, 0x00000006cc400000, 0x00000006cc500000|  0%| F|  |TS  0|AC  0|TAMS 0x00000006cc400000, 0x00000006cc400000|
|  91|0x00000006cc500000, 0x00000006cc500000, 0x00000006cc600000|  0%| F|  |TS  0|AC  0|TAMS 0x00000006cc500000, 0x00000006cc500000|
|  92|0x00000006cc600000, 0x00000006cc600000, 0x00000006cc700000|  0%| F|  |TS  0|AC  0|TAMS 0x00000006cc600000, 0x00000006cc600000|
|  93|0x00000006cc700000, 0x00000006cc700000, 0x00000006cc800000|  0%| F|  |TS  0|AC  0|TAMS 0x00000006cc700000, 0x00000006cc700000|
|  94|0x00000006cc800000, 0x00000006cc800000, 0x00000006cc900000|  0%| F|  |TS  0|AC  0|TAMS 0x00000006cc800000, 0x00000006cc800000|
|  95|0x00000006cc900000, 0x00000006cc900000, 0x00000006cca00000|  0%| F|  |TS  0|AC  0|TAMS 0x00000006cc900000, 0x00000006cc900000|
|  96|0x00000006cca00000, 0x00000006cca00000, 0x00000006ccb00000|  0%| F|  |TS  0|AC  0|TAMS 0x00000006cca00000, 0x00000006cca00000|
|  97|0x00000006ccb00000, 0x00000006ccb00000, 0x00000006ccc00000|  0%| F|  |TS  0|AC  0|TAMS 0x00000006ccb00000, 0x00000006ccb00000|
|  98|0x00000006ccc00000, 0x00000006ccc00000, 0x00000006ccd00000|  0%| F|  |TS  0|AC  0|TAMS 0x00000006ccc00000, 0x00000006ccc00000|
|  99|0x00000006ccd00000, 0x00000006ccd00000, 0x00000006cce00000|  0%| F|  |TS  0|AC  0|TAMS 0x00000006ccd00000, 0x00000006ccd00000|
| 100|0x00000006cce00000, 0x00000006cce00000, 0x00000006ccf00000|  0%| F|  |TS  0|AC  0|TAMS 0x00000006cce00000, 0x00000006cce00000|
| 101|0x00000006ccf00000, 0x00000006ccf00000, 0x00000006cd000000|  0%| F|  |TS  0|AC  0|TAMS 0x00000006ccf00000, 0x00000006ccf00000|
| 102|0x00000006cd000000, 0x00000006cd000000, 0x00000006cd100000|  0%| F|  |TS  0|AC  0|TAMS 0x00000006cd000000, 0x00000006cd000000|
| 103|0x00000006cd100000, 0x00000006cd100000, 0x00000006cd200000|  0%| F|  |TS  0|AC  0|TAMS 0x00000006cd100000, 0x00000006cd100000|
| 104|0x00000006cd200000, 0x00000006cd200000, 0x00000006cd300000|  0%| F|  |TS  0|AC  0|TAMS 0x00000006cd200000, 0x00000006cd200000|
| 105|0x00000006cd300000, 0x00000006cd300000, 0x00000006cd400000|  0%| F|  |TS  0|AC  0|TAMS 0x00000006cd300000, 0x00000006cd300000|
| 106|0x00000006cd400000, 0x00000006cd400000, 0x00000006cd500000|  0%| F|  |TS  0|AC  0|TAMS 0x00000006cd400000, 0x00000006cd400000|
| 107|0x00000006cd500000, 0x00000006cd500000, 0x00000006cd600000|  0%| F|  |TS  0|AC  0|TAMS 0x00000006cd500000, 0x00000006cd500000|
| 108|0x00000006cd600000, 0x00000006cd600000, 0x00000006cd700000|  0%| F|  |TS  0|AC  0|TAMS 0x00000006cd600000, 0x00000006cd600000|
| 109|0x00000006cd700000, 0x00000006cd700000, 0x00000006cd800000|  0%| F|  |TS  0|AC  0|TAMS 0x00000006cd700000, 0x00000006cd700000|
| 110|0x00000006cd800000, 0x00000006cd800000, 0x00000006cd900000|  0%| F|  |TS  0|AC  0|TAMS 0x00000006cd800000, 0x00000006cd800000|
| 111|0x00000006cd900000, 0x00000006cd900000, 0x00000006cda00000|  0%| F|  |TS  0|AC  0|TAMS 0x00000006cd900000, 0x00000006cd900000|
| 112|0x00000006cda00000, 0x00000006cda00000, 0x00000006cdb00000|  0%| F|  |TS  0|AC  0|TAMS 0x00000006cda00000, 0x00000006cda00000|
| 113|0x00000006cdb00000, 0x00000006cdb00000, 0x00000006cdc00000|  0%| F|  |TS  0|AC  0|TAMS 0x00000006cdb00000, 0x00000006cdb00000|
| 114|0x00000006cdc00000, 0x00000006cdc00000, 0x00000006cdd00000|  0%| F|  |TS  0|AC  0|TAMS 0x00000006cdc00000, 0x00000006cdc00000|
| 115|0x00000006cdd00000, 0x00000006cdd00000, 0x00000006cde00000|  0%| F|  |TS  0|AC  0|TAMS 0x00000006cdd00000, 0x00000006cdd00000|
| 116|0x00000006cde00000, 0x00000006cde00000, 0x00000006cdf00000|  0%| F|  |TS  0|AC  0|TAMS 0x00000006cde00000, 0x00000006cde00000|
| 117|0x00000006cdf00000, 0x00000006cdf00000, 0x00000006ce000000|  0%| F|  |TS  0|AC  0|TAMS 0x00000006cdf00000, 0x00000006cdf00000|
| 118|0x00000006ce000000, 0x00000006ce000000, 0x00000006ce100000|  0%| F|  |TS  0|AC  0|TAMS 0x00000006ce000000, 0x00000006ce000000|
| 119|0x00000006ce100000, 0x00000006ce100000, 0x00000006ce200000|  0%| F|  |TS  0|AC  0|TAMS 0x00000006ce100000, 0x00000006ce100000|
| 120|0x00000006ce200000, 0x00000006ce200000, 0x00000006ce300000|  0%| F|  |TS  0|AC  0|TAMS 0x00000006ce200000, 0x00000006ce200000|
| 121|0x00000006ce300000, 0x00000006ce300000, 0x00000006ce400000|  0%| F|  |TS  0|AC  0|TAMS 0x00000006ce300000, 0x00000006ce300000|
| 122|0x00000006ce400000, 0x00000006ce400000, 0x00000006ce500000|  0%| F|  |TS  0|AC  0|TAMS 0x00000006ce400000, 0x00000006ce400000|
| 123|0x00000006ce500000, 0x00000006ce500000, 0x00000006ce600000|  0%| F|  |TS  0|AC  0|TAMS 0x00000006ce500000, 0x00000006ce500000|
| 124|0x00000006ce600000, 0x00000006ce600000, 0x00000006ce700000|  0%| F|  |TS  0|AC  0|TAMS 0x00000006ce600000, 0x00000006ce600000|
| 125|0x00000006ce700000, 0x00000006ce700000, 0x00000006ce800000|  0%| F|  |TS  0|AC  0|TAMS 0x00000006ce700000, 0x00000006ce700000|
| 126|0x00000006ce800000, 0x00000006ce800000, 0x00000006ce900000|  0%| F|  |TS  0|AC  0|TAMS 0x00000006ce800000, 0x00000006ce800000|
| 127|0x00000006ce900000, 0x00000006ce900000, 0x00000006cea00000|  0%| F|  |TS  0|AC  0|TAMS 0x00000006ce900000, 0x00000006ce900000|
| 128|0x00000006cea00000, 0x00000006cea00000, 0x00000006ceb00000|  0%| F|  |TS  0|AC  0|TAMS 0x00000006cea00000, 0x00000006cea00000|
| 129|0x00000006ceb00000, 0x00000006ceb00000, 0x00000006cec00000|  0%| F|  |TS  0|AC  0|TAMS 0x00000006ceb00000, 0x00000006ceb00000|
| 130|0x00000006cec00000, 0x00000006cec00000, 0x00000006ced00000|  0%| F|  |TS  0|AC  0|TAMS 0x00000006cec00000, 0x00000006cec00000|
| 131|0x00000006ced00000, 0x00000006ced00000, 0x00000006cee00000|  0%| F|  |TS  0|AC  0|TAMS 0x00000006ced00000, 0x00000006ced00000|
| 132|0x00000006cee00000, 0x00000006cee00000, 0x00000006cef00000|  0%| F|  |TS  0|AC  0|TAMS 0x00000006cee00000, 0x00000006cee00000|
| 133|0x00000006cef00000, 0x00000006cef00000, 0x00000006cf000000|  0%| F|  |TS  0|AC  0|TAMS 0x00000006cef00000, 0x00000006cef00000|
| 134|0x00000006cf000000, 0x00000006cf000000, 0x00000006cf100000|  0%| F|  |TS  0|AC  0|TAMS 0x00000006cf000000, 0x00000006cf000000|
| 135|0x00000006cf100000, 0x00000006cf100000, 0x00000006cf200000|  0%| F|  |TS  0|AC  0|TAMS 0x00000006cf100000, 0x00000006cf100000|
| 136|0x00000006cf200000, 0x00000006cf200000, 0x00000006cf300000|  0%| F|  |TS  0|AC  0|TAMS 0x00000006cf200000, 0x00000006cf200000|
| 137|0x00000006cf300000, 0x00000006cf300000, 0x00000006cf400000|  0%| F|  |TS  0|AC  0|TAMS 0x00000006cf300000, 0x00000006cf300000|
| 138|0x00000006cf400000, 0x00000006cf400000, 0x00000006cf500000|  0%| F|  |TS  0|AC  0|TAMS 0x00000006cf400000, 0x00000006cf400000|
| 139|0x00000006cf500000, 0x00000006cf500000, 0x00000006cf600000|  0%| F|  |TS  0|AC  0|TAMS 0x00000006cf500000, 0x00000006cf500000|
| 140|0x00000006cf600000, 0x00000006cf600000, 0x00000006cf700000|  0%| F|  |TS  0|AC  0|TAMS 0x00000006cf600000, 0x00000006cf600000|
| 141|0x00000006cf700000, 0x00000006cf700000, 0x00000006cf800000|  0%| F|  |TS  0|AC  0|TAMS 0x00000006cf700000, 0x00000006cf700000|
| 142|0x00000006cf800000, 0x00000006cf800000, 0x00000006cf900000|  0%| F|  |TS  0|AC  0|TAMS 0x00000006cf800000, 0x00000006cf800000|
| 143|0x00000006cf900000, 0x00000006cf900000, 0x00000006cfa00000|  0%| F|  |TS  0|AC  0|TAMS 0x00000006cf900000, 0x00000006cf900000|
| 144|0x00000006cfa00000, 0x00000006cfa00000, 0x00000006cfb00000|  0%| F|  |TS  0|AC  0|TAMS 0x00000006cfa00000, 0x00000006cfa00000|
| 145|0x00000006cfb00000, 0x00000006cfb00000, 0x00000006cfc00000|  0%| F|  |TS  0|AC  0|TAMS 0x00000006cfb00000, 0x00000006cfb00000|
| 146|0x00000006cfc00000, 0x00000006cfc00000, 0x00000006cfd00000|  0%| F|  |TS  0|AC  0|TAMS 0x00000006cfc00000, 0x00000006cfc00000|
| 147|0x00000006cfd00000, 0x00000006cfd00000, 0x00000006cfe00000|  0%| F|  |TS  0|AC  0|TAMS 0x00000006cfd00000, 0x00000006cfd00000|
| 148|0x00000006cfe00000, 0x00000006cfe00000, 0x00000006cff00000|  0%| F|  |TS  0|AC  0|TAMS 0x00000006cfe00000, 0x00000006cfe00000|
| 149|0x00000006cff00000, 0x00000006cff00000, 0x00000006d0000000|  0%| F|  |TS  0|AC  0|TAMS 0x00000006cff00000, 0x00000006cff00000|
| 150|0x00000006d0000000, 0x00000006d0000000, 0x00000006d0100000|  0%| F|  |TS  0|AC  0|TAMS 0x00000006d0000000, 0x00000006d0000000|
| 151|0x00000006d0100000, 0x00000006d0100000, 0x00000006d0200000|  0%| F|  |TS  0|AC  0|TAMS 0x00000006d0100000, 0x00000006d0100000|
| 152|0x00000006d0200000, 0x00000006d0200000, 0x00000006d0300000|  0%| F|  |TS  0|AC  0|TAMS 0x00000006d0200000, 0x00000006d0200000|
| 153|0x00000006d0300000, 0x00000006d0300000, 0x00000006d0400000|  0%| F|  |TS  0|AC  0|TAMS 0x00000006d0300000, 0x00000006d0300000|
| 154|0x00000006d0400000, 0x00000006d0400000, 0x00000006d0500000|  0%| F|  |TS  0|AC  0|TAMS 0x00000006d0400000, 0x00000006d0400000|
| 155|0x00000006d0500000, 0x00000006d0500000, 0x00000006d0600000|  0%| F|  |TS  0|AC  0|TAMS 0x00000006d0500000, 0x00000006d0500000|
| 156|0x00000006d0600000, 0x00000006d0600000, 0x00000006d0700000|  0%| F|  |TS  0|AC  0|TAMS 0x00000006d0600000, 0x00000006d0600000|
| 157|0x00000006d0700000, 0x00000006d0700000, 0x00000006d0800000|  0%| F|  |TS  0|AC  0|TAMS 0x00000006d0700000, 0x00000006d0700000|
| 158|0x00000006d0800000, 0x00000006d0800000, 0x00000006d0900000|  0%| F|  |TS  0|AC  0|TAMS 0x00000006d0800000, 0x00000006d0800000|
| 159|0x00000006d0900000, 0x00000006d0900000, 0x00000006d0a00000|  0%| F|  |TS  0|AC  0|TAMS 0x00000006d0900000, 0x00000006d0900000|
| 160|0x00000006d0a00000, 0x00000006d0a00000, 0x00000006d0b00000|  0%| F|  |TS  0|AC  0|TAMS 0x00000006d0a00000, 0x00000006d0a00000|
| 161|0x00000006d0b00000, 0x00000006d0b00000, 0x00000006d0c00000|  0%| F|  |TS  0|AC  0|TAMS 0x00000006d0b00000, 0x00000006d0b00000|
| 162|0x00000006d0c00000, 0x00000006d0c00000, 0x00000006d0d00000|  0%| F|  |TS  0|AC  0|TAMS 0x00000006d0c00000, 0x00000006d0c00000|
| 163|0x00000006d0d00000, 0x00000006d0d00000, 0x00000006d0e00000|  0%| F|  |TS  0|AC  0|TAMS 0x00000006d0d00000, 0x00000006d0d00000|
| 164|0x00000006d0e00000, 0x00000006d0e00000, 0x00000006d0f00000|  0%| F|  |TS  0|AC  0|TAMS 0x00000006d0e00000, 0x00000006d0e00000|
| 165|0x00000006d0f00000, 0x00000006d0f00000, 0x00000006d1000000|  0%| F|  |TS  0|AC  0|TAMS 0x00000006d0f00000, 0x00000006d0f00000|
| 166|0x00000006d1000000, 0x00000006d1000000, 0x00000006d1100000|  0%| F|  |TS  0|AC  0|TAMS 0x00000006d1000000, 0x00000006d1000000|
| 167|0x00000006d1100000, 0x00000006d1100000, 0x00000006d1200000|  0%| F|  |TS  0|AC  0|TAMS 0x00000006d1100000, 0x00000006d1100000|
| 168|0x00000006d1200000, 0x00000006d1200000, 0x00000006d1300000|  0%| F|  |TS  0|AC  0|TAMS 0x00000006d1200000, 0x00000006d1200000|
| 169|0x00000006d1300000, 0x00000006d1300000, 0x00000006d1400000|  0%| F|  |TS  0|AC  0|TAMS 0x00000006d1300000, 0x00000006d1300000|
| 170|0x00000006d1400000, 0x00000006d1400000, 0x00000006d1500000|  0%| F|  |TS  0|AC  0|TAMS 0x00000006d1400000, 0x00000006d1400000|
| 171|0x00000006d1500000, 0x00000006d1500000, 0x00000006d1600000|  0%| F|  |TS  0|AC  0|TAMS 0x00000006d1500000, 0x00000006d1500000|
| 172|0x00000006d1600000, 0x00000006d1600000, 0x00000006d1700000|  0%| F|  |TS  0|AC  0|TAMS 0x00000006d1600000, 0x00000006d1600000|
| 173|0x00000006d1700000, 0x00000006d1700000, 0x00000006d1800000|  0%| F|  |TS  0|AC  0|TAMS 0x00000006d1700000, 0x00000006d1700000|
| 174|0x00000006d1800000, 0x00000006d1800000, 0x00000006d1900000|  0%| F|  |TS  0|AC  0|TAMS 0x00000006d1800000, 0x00000006d1800000|
| 175|0x00000006d1900000, 0x00000006d1900000, 0x00000006d1a00000|  0%| F|  |TS  0|AC  0|TAMS 0x00000006d1900000, 0x00000006d1900000|
| 176|0x00000006d1a00000, 0x00000006d1a00000, 0x00000006d1b00000|  0%| F|  |TS  0|AC  0|TAMS 0x00000006d1a00000, 0x00000006d1a00000|
| 177|0x00000006d1b00000, 0x00000006d1b00000, 0x00000006d1c00000|  0%| F|  |TS  0|AC  0|TAMS 0x00000006d1b00000, 0x00000006d1b00000|
| 178|0x00000006d1c00000, 0x00000006d1c00000, 0x00000006d1d00000|  0%| F|  |TS  0|AC  0|TAMS 0x00000006d1c00000, 0x00000006d1c00000|
| 179|0x00000006d1d00000, 0x00000006d1d00000, 0x00000006d1e00000|  0%| F|  |TS  0|AC  0|TAMS 0x00000006d1d00000, 0x00000006d1d00000|
| 180|0x00000006d1e00000, 0x00000006d1e00000, 0x00000006d1f00000|  0%| F|  |TS  0|AC  0|TAMS 0x00000006d1e00000, 0x00000006d1e00000|
| 181|0x00000006d1f00000, 0x00000006d1f00000, 0x00000006d2000000|  0%| F|  |TS  0|AC  0|TAMS 0x00000006d1f00000, 0x00000006d1f00000|
| 182|0x00000006d2000000, 0x00000006d2000000, 0x00000006d2100000|  0%| F|  |TS  0|AC  0|TAMS 0x00000006d2000000, 0x00000006d2000000|
| 183|0x00000006d2100000, 0x00000006d2100000, 0x00000006d2200000|  0%| F|  |TS  0|AC  0|TAMS 0x00000006d2100000, 0x00000006d2100000|
| 184|0x00000006d2200000, 0x00000006d2200000, 0x00000006d2300000|  0%| F|  |TS  0|AC  0|TAMS 0x00000006d2200000, 0x00000006d2200000|
| 185|0x00000006d2300000, 0x00000006d2300000, 0x00000006d2400000|  0%| F|  |TS  0|AC  0|TAMS 0x00000006d2300000, 0x00000006d2300000|
| 186|0x00000006d2400000, 0x00000006d2400000, 0x00000006d2500000|  0%| F|  |TS  0|AC  0|TAMS 0x00000006d2400000, 0x00000006d2400000|
| 187|0x00000006d2500000, 0x00000006d2500000, 0x00000006d2600000|  0%| F|  |TS  0|AC  0|TAMS 0x00000006d2500000, 0x00000006d2500000|
| 188|0x00000006d2600000, 0x00000006d2600000, 0x00000006d2700000|  0%| F|  |TS  0|AC  0|TAMS 0x00000006d2600000, 0x00000006d2600000|
| 189|0x00000006d2700000, 0x00000006d2700000, 0x00000006d2800000|  0%| F|  |TS  0|AC  0|TAMS 0x00000006d2700000, 0x00000006d2700000|
| 190|0x00000006d2800000, 0x00000006d2800000, 0x00000006d2900000|  0%| F|  |TS  0|AC  0|TAMS 0x00000006d2800000, 0x00000006d2800000|
| 191|0x00000006d2900000, 0x00000006d2900000, 0x00000006d2a00000|  0%| F|  |TS  0|AC  0|TAMS 0x00000006d2900000, 0x00000006d2900000|
| 192|0x00000006d2a00000, 0x00000006d2a00000, 0x00000006d2b00000|  0%| F|  |TS  0|AC  0|TAMS 0x00000006d2a00000, 0x00000006d2a00000|
| 193|0x00000006d2b00000, 0x00000006d2b00000, 0x00000006d2c00000|  0%| F|  |TS  0|AC  0|TAMS 0x00000006d2b00000, 0x00000006d2b00000|
| 194|0x00000006d2c00000, 0x00000006d2c00000, 0x00000006d2d00000|  0%| F|  |TS  0|AC  0|TAMS 0x00000006d2c00000, 0x00000006d2c00000|
| 195|0x00000006d2d00000, 0x00000006d2d00000, 0x00000006d2e00000|  0%| F|  |TS  0|AC  0|TAMS 0x00000006d2d00000, 0x00000006d2d00000|
| 196|0x00000006d2e00000, 0x00000006d2e00000, 0x00000006d2f00000|  0%| F|  |TS  0|AC  0|TAMS 0x00000006d2e00000, 0x00000006d2e00000|
| 197|0x00000006d2f00000, 0x00000006d2f00000, 0x00000006d3000000|  0%| F|  |TS  0|AC  0|TAMS 0x00000006d2f00000, 0x00000006d2f00000|
| 198|0x00000006d3000000, 0x00000006d3000000, 0x00000006d3100000|  0%| F|  |TS  0|AC  0|TAMS 0x00000006d3000000, 0x00000006d3000000|
| 199|0x00000006d3100000, 0x00000006d3100000, 0x00000006d3200000|  0%| F|  |TS  0|AC  0|TAMS 0x00000006d3100000, 0x00000006d3100000|
| 200|0x00000006d3200000, 0x00000006d3200000, 0x00000006d3300000|  0%| F|  |TS  0|AC  0|TAMS 0x00000006d3200000, 0x00000006d3200000|
| 201|0x00000006d3300000, 0x00000006d3300000, 0x00000006d3400000|  0%| F|  |TS  0|AC  0|TAMS 0x00000006d3300000, 0x00000006d3300000|
| 202|0x00000006d3400000, 0x00000006d3400000, 0x00000006d3500000|  0%| F|  |TS  0|AC  0|TAMS 0x00000006d3400000, 0x00000006d3400000|
| 203|0x00000006d3500000, 0x00000006d3500000, 0x00000006d3600000|  0%| F|  |TS  0|AC  0|TAMS 0x00000006d3500000, 0x00000006d3500000|
| 204|0x00000006d3600000, 0x00000006d3600000, 0x00000006d3700000|  0%| F|  |TS  0|AC  0|TAMS 0x00000006d3600000, 0x00000006d3600000|
| 205|0x00000006d3700000, 0x00000006d3700000, 0x00000006d3800000|  0%| F|  |TS  0|AC  0|TAMS 0x00000006d3700000, 0x00000006d3700000|
| 206|0x00000006d3800000, 0x00000006d3800000, 0x00000006d3900000|  0%| F|  |TS  0|AC  0|TAMS 0x00000006d3800000, 0x00000006d3800000|
| 207|0x00000006d3900000, 0x00000006d3900000, 0x00000006d3a00000|  0%| F|  |TS  0|AC  0|TAMS 0x00000006d3900000, 0x00000006d3900000|
| 208|0x00000006d3a00000, 0x00000006d3a00000, 0x00000006d3b00000|  0%| F|  |TS  0|AC  0|TAMS 0x00000006d3a00000, 0x00000006d3a00000|
| 209|0x00000006d3b00000, 0x00000006d3b00000, 0x00000006d3c00000|  0%| F|  |TS  0|AC  0|TAMS 0x00000006d3b00000, 0x00000006d3b00000|
| 210|0x00000006d3c00000, 0x00000006d3c00000, 0x00000006d3d00000|  0%| F|  |TS  0|AC  0|TAMS 0x00000006d3c00000, 0x00000006d3c00000|
| 211|0x00000006d3d00000, 0x00000006d3d00000, 0x00000006d3e00000|  0%| F|  |TS  0|AC  0|TAMS 0x00000006d3d00000, 0x00000006d3d00000|
| 212|0x00000006d3e00000, 0x00000006d3e00000, 0x00000006d3f00000|  0%| F|  |TS  0|AC  0|TAMS 0x00000006d3e00000, 0x00000006d3e00000|
| 213|0x00000006d3f00000, 0x00000006d3f00000, 0x00000006d4000000|  0%| F|  |TS  0|AC  0|TAMS 0x00000006d3f00000, 0x00000006d3f00000|
| 214|0x00000006d4000000, 0x00000006d4000000, 0x00000006d4100000|  0%| F|  |TS  0|AC  0|TAMS 0x00000006d4000000, 0x00000006d4000000|
| 215|0x00000006d4100000, 0x00000006d4100000, 0x00000006d4200000|  0%| F|  |TS  0|AC  0|TAMS 0x00000006d4100000, 0x00000006d4100000|
| 216|0x00000006d4200000, 0x00000006d4200000, 0x00000006d4300000|  0%| F|  |TS  0|AC  0|TAMS 0x00000006d4200000, 0x00000006d4200000|
| 217|0x00000006d4300000, 0x00000006d4300000, 0x00000006d4400000|  0%| F|  |TS  0|AC  0|TAMS 0x00000006d4300000, 0x00000006d4300000|
| 218|0x00000006d4400000, 0x00000006d4400000, 0x00000006d4500000|  0%| F|  |TS  0|AC  0|TAMS 0x00000006d4400000, 0x00000006d4400000|
| 219|0x00000006d4500000, 0x00000006d4500000, 0x00000006d4600000|  0%| F|  |TS  0|AC  0|TAMS 0x00000006d4500000, 0x00000006d4500000|
| 220|0x00000006d4600000, 0x00000006d4600000, 0x00000006d4700000|  0%| F|  |TS  0|AC  0|TAMS 0x00000006d4600000, 0x00000006d4600000|
| 221|0x00000006d4700000, 0x00000006d4700000, 0x00000006d4800000|  0%| F|  |TS  0|AC  0|TAMS 0x00000006d4700000, 0x00000006d4700000|
| 222|0x00000006d4800000, 0x00000006d4800000, 0x00000006d4900000|  0%| F|  |TS  0|AC  0|TAMS 0x00000006d4800000, 0x00000006d4800000|
| 223|0x00000006d4900000, 0x00000006d4900000, 0x00000006d4a00000|  0%| F|  |TS  0|AC  0|TAMS 0x00000006d4900000, 0x00000006d4900000|
| 224|0x00000006d4a00000, 0x00000006d4a00000, 0x00000006d4b00000|  0%| F|  |TS  0|AC  0|TAMS 0x00000006d4a00000, 0x00000006d4a00000|
| 225|0x00000006d4b00000, 0x00000006d4b00000, 0x00000006d4c00000|  0%| F|  |TS  0|AC  0|TAMS 0x00000006d4b00000, 0x00000006d4b00000|
| 226|0x00000006d4c00000, 0x00000006d4c00000, 0x00000006d4d00000|  0%| F|  |TS  0|AC  0|TAMS 0x00000006d4c00000, 0x00000006d4c00000|
| 227|0x00000006d4d00000, 0x00000006d4d00000, 0x00000006d4e00000|  0%| F|  |TS  0|AC  0|TAMS 0x00000006d4d00000, 0x00000006d4d00000|
| 228|0x00000006d4e00000, 0x00000006d4e00000, 0x00000006d4f00000|  0%| F|  |TS  0|AC  0|TAMS 0x00000006d4e00000, 0x00000006d4e00000|
| 229|0x00000006d4f00000, 0x00000006d4f00000, 0x00000006d5000000|  0%| F|  |TS  0|AC  0|TAMS 0x00000006d4f00000, 0x00000006d4f00000|
| 230|0x00000006d5000000, 0x00000006d5000000, 0x00000006d5100000|  0%| F|  |TS  0|AC  0|TAMS 0x00000006d5000000, 0x00000006d5000000|
| 231|0x00000006d5100000, 0x00000006d5100000, 0x00000006d5200000|  0%| F|  |TS  0|AC  0|TAMS 0x00000006d5100000, 0x00000006d5100000|
| 232|0x00000006d5200000, 0x00000006d5200000, 0x00000006d5300000|  0%| F|  |TS  0|AC  0|TAMS 0x00000006d5200000, 0x00000006d5200000|
| 233|0x00000006d5300000, 0x00000006d5300000, 0x00000006d5400000|  0%| F|  |TS  0|AC  0|TAMS 0x00000006d5300000, 0x00000006d5300000|
| 234|0x00000006d5400000, 0x00000006d5400000, 0x00000006d5500000|  0%| F|  |TS  0|AC  0|TAMS 0x00000006d5400000, 0x00000006d5400000|
| 235|0x00000006d5500000, 0x00000006d5500000, 0x00000006d5600000|  0%| F|  |TS  0|AC  0|TAMS 0x00000006d5500000, 0x00000006d5500000|
| 236|0x00000006d5600000, 0x00000006d5600000, 0x00000006d5700000|  0%| F|  |TS  0|AC  0|TAMS 0x00000006d5600000, 0x00000006d5600000|
| 237|0x00000006d5700000, 0x00000006d5700000, 0x00000006d5800000|  0%| F|  |TS  0|AC  0|TAMS 0x00000006d5700000, 0x00000006d5700000|
| 238|0x00000006d5800000, 0x00000006d5800000, 0x00000006d5900000|  0%| F|  |TS  0|AC  0|TAMS 0x00000006d5800000, 0x00000006d5800000|
| 239|0x00000006d5900000, 0x00000006d5900000, 0x00000006d5a00000|  0%| F|  |TS  0|AC  0|TAMS 0x00000006d5900000, 0x00000006d5900000|
| 240|0x00000006d5a00000, 0x00000006d5a00000, 0x00000006d5b00000|  0%| F|  |TS  0|AC  0|TAMS 0x00000006d5a00000, 0x00000006d5a00000|
| 241|0x00000006d5b00000, 0x00000006d5b00000, 0x00000006d5c00000|  0%| F|  |TS  0|AC  0|TAMS 0x00000006d5b00000, 0x00000006d5b00000|
| 242|0x00000006d5c00000, 0x00000006d5c00000, 0x00000006d5d00000|  0%| F|  |TS  0|AC  0|TAMS 0x00000006d5c00000, 0x00000006d5c00000|
| 243|0x00000006d5d00000, 0x00000006d5d7b6a8, 0x00000006d5e00000| 48%| E|  |TS  0|AC  0|TAMS 0x00000006d5d00000, 0x00000006d5d00000|
| 244|0x00000006d5e00000, 0x00000006d5f00000, 0x00000006d5f00000|100%| E|CS|TS  0|AC  0|TAMS 0x00000006d5e00000, 0x00000006d5e00000|
| 245|0x00000006d5f00000, 0x00000006d6000000, 0x00000006d6000000|100%| E|CS|TS  0|AC  0|TAMS 0x00000006d5f00000, 0x00000006d5f00000|
| 246|0x00000006d6000000, 0x00000006d6100000, 0x00000006d6100000|100%| E|CS|TS  0|AC  0|TAMS 0x00000006d6000000, 0x00000006d6000000|
| 247|0x00000006d6100000, 0x00000006d6200000, 0x00000006d6200000|100%| E|CS|TS  0|AC  0|TAMS 0x00000006d6100000, 0x00000006d6100000|
| 248|0x00000006d6200000, 0x00000006d6300000, 0x00000006d6300000|100%| E|CS|TS  0|AC  0|TAMS 0x00000006d6200000, 0x00000006d6200000|
| 249|0x00000006d6300000, 0x00000006d6400000, 0x00000006d6400000|100%| E|CS|TS  0|AC  0|TAMS 0x00000006d6300000, 0x00000006d6300000|

Card table byte_map: [0x00007f4c9b06a000,0x00007f4c9b835000] byte_map_base: 0x00007f4c97a35000

Marking Bits (Prev, Next): (CMBitMap*) 0x00007f4cd8088b60, (CMBitMap*) 0x00007f4cd8088bb8
 Prev Bits: [0x00007f4c96a47000, 0x00007f4c9a89f000)
 Next Bits: [0x00007f4c92bef000, 0x00007f4c96a47000)

Polling page: 0x00007f4cdf7f1000

CodeHeap 'non-nmethods': size=5696Kb used=1244Kb max_used=1260Kb free=4451Kb
 bounds [0x00007f4cc1843000, 0x00007f4cc1ab3000, 0x00007f4cc1dd3000]
CodeHeap 'profiled nmethods': size=120032Kb used=819Kb max_used=819Kb free=119213Kb
 bounds [0x00007f4cc1dd3000, 0x00007f4cc2043000, 0x00007f4cc930b000]
CodeHeap 'non-profiled nmethods': size=120032Kb used=178Kb max_used=178Kb free=119853Kb
 bounds [0x00007f4cc930b000, 0x00007f4cc957b000, 0x00007f4cd0843000]
 total_blobs=1172 nmethods=533 adapters=414
 compilation: enabled

Compilation events (10 events):
Event: 0.252 Thread 0x00007f4cd821d800 nmethod 520 0x00007f4cc9333d90 code [0x00007f4cc9333f00, 0x00007f4cc9334010]
Event: 0.253 Thread 0x00007f4cd821d800  530       3       java.nio.HeapByteBuffer::_get (7 bytes)
Event: 0.253 Thread 0x00007f4cd821d800 nmethod 530 0x00007f4cc1e9dd10 code [0x00007f4cc1e9de80, 0x00007f4cc1e9dff0]
Event: 0.253 Thread 0x00007f4cd821d800  531       1       java.nio.Buffer::position (5 bytes)
Event: 0.253 Thread 0x00007f4cd821d800 nmethod 531 0x00007f4cc9334090 code [0x00007f4cc9334200, 0x00007f4cc9334310]
Event: 0.254 Thread 0x00007f4cd821d800  532       1       sun.util.locale.BaseLocale::getLanguage (5 bytes)
Event: 0.254 Thread 0x00007f4cd821d800 nmethod 532 0x00007f4cc9334390 code [0x00007f4cc9334500, 0x00007f4cc9334610]
Event: 0.254 Thread 0x00007f4cd821d800  534       3       java.lang.StringLatin1::toLowerCase (180 bytes)
Event: 0.255 Thread 0x00007f4cd8219800 nmethod 517 0x00007f4cc9334690 code [0x00007f4cc9334820, 0x00007f4cc9334e18]
Event: 0.255 Thread 0x00007f4cd8219800  523       4       java.lang.AbstractStringBuilder::ensureCapacityInternal (39 bytes)

GC Heap History (0 events):
No events

Deoptimization events (10 events):
Event: 0.095 Thread 0x00007f4cd8011000 Uncommon trap: reason=bimorphic_or_optimized_type_check action=maybe_recompile pc=0x00007f4cc9318b48 method=java.util.HashMap.getNode(ILjava/lang/Object;)Ljava/util/HashMap$Node; @ 59
Event: 0.157 Thread 0x00007f4cd8011000 Uncommon trap: reason=unstable_if action=reinterpret pc=0x00007f4cc931837c method=java.lang.String.charAt(I)C @ 4
Event: 0.159 Thread 0x00007f4cd8011000 Uncommon trap: reason=unstable_if action=reinterpret pc=0x00007f4cc931162c method=java.lang.String.hashCode()I @ 20
Event: 0.159 Thread 0x00007f4cd8011000 Uncommon trap: reason=predicate action=maybe_recompile pc=0x00007f4cc9324c10 method=jdk.internal.org.objectweb.asm.ByteVector.putUTF8(Ljava/lang/String;)Ljdk/internal/org/objectweb/asm/ByteVector; @ 80
Event: 0.223 Thread 0x00007f4cd8011000 Uncommon trap: reason=unstable_if action=reinterpret pc=0x00007f4cc9316dd0 method=java.util.HashMap.hash(Ljava/lang/Object;)I @ 1
Event: 0.226 Thread 0x00007f4cd8011000 Uncommon trap: reason=unstable_if action=reinterpret pc=0x00007f4cc930e008 method=java.util.HashMap.hash(Ljava/lang/Object;)I @ 1
Event: 0.248 Thread 0x00007f4cd8011000 Uncommon trap: reason=class_check action=maybe_recompile pc=0x00007f4cc93156f0 method=java.util.HashMap.putVal(ILjava/lang/Object;Ljava/lang/Object;ZZ)Ljava/lang/Object; @ 203
Event: 0.248 Thread 0x00007f4cd8011000 Uncommon trap: reason=class_check action=maybe_recompile pc=0x00007f4cc93156a4 method=java.util.HashMap.putVal(ILjava/lang/Object;Ljava/lang/Object;ZZ)Ljava/lang/Object; @ 91
Event: 0.248 Thread 0x00007f4cd8011000 Uncommon trap: reason=class_check action=maybe_recompile pc=0x00007f4cc93156a4 method=java.util.HashMap.putVal(ILjava/lang/Object;Ljava/lang/Object;ZZ)Ljava/lang/Object; @ 91
Event: 0.248 Thread 0x00007f4cd8011000 Uncommon trap: reason=class_check action=maybe_recompile pc=0x00007f4cc93156a4 method=java.util.HashMap.putVal(ILjava/lang/Object;Ljava/lang/Object;ZZ)Ljava/lang/Object; @ 91

Classes redefined (0 events):
No events

Internal exceptions (7 events):
Event: 0.130 Thread 0x00007f4cd8011000 Exception <a 'java/lang/ClassNotFoundException': sun/awt/resources/awtProvider> (0x00000006d601eb28) thrown at [/build/openjdk-9-argm_o/openjdk-9-9~b114/src/hotspot/src/share/vm/classfile/systemDictionary.cpp, line 224]
Event: 0.139 Thread 0x00007f4cd8011000 Exception <a 'java/io/FileNotFoundException'> (0x00000006d605e7f0) thrown at [/build/openjdk-9-argm_o/openjdk-9-9~b114/src/hotspot/src/share/vm/prims/jni.cpp, line 605]
Event: 0.140 Thread 0x00007f4cd8011000 Exception <a 'java/io/FileNotFoundException'> (0x00000006d6066800) thrown at [/build/openjdk-9-argm_o/openjdk-9-9~b114/src/hotspot/src/share/vm/prims/jni.cpp, line 605]
Event: 0.219 Thread 0x00007f4cd8011000 Exception <a 'java/lang/ClassNotFoundException': com/sun/swing/internal/plaf/metal/resources/metalProvider> (0x00000006d5e823e8) thrown at [/build/openjdk-9-argm_o/openjdk-9-9~b114/src/hotspot/src/share/vm/classfile/systemDictionary.cpp, line 224]
Event: 0.220 Thread 0x00007f4cd8011000 Exception <a 'java/lang/ClassNotFoundException': com/sun/swing/internal/plaf/basic/resources/basicProvider> (0x00000006d5e85ee8) thrown at [/build/openjdk-9-argm_o/openjdk-9-9~b114/src/hotspot/src/share/vm/classfile/systemDictionary.cpp, line 224]
Event: 0.223 Thread 0x00007f4cd8011000 Implicit null exception at 0x00007f4cc9316d38 to 0x00007f4cc9316dc6
Event: 0.226 Thread 0x00007f4cd8011000 Implicit null exception at 0x00007f4cc930df8f to 0x00007f4cc930dff9

Events (10 events):
Event: 0.254 loading class sun/nio/cs/UTF_16$Decoder
Event: 0.254 loading class sun/nio/cs/UnicodeDecoder
Event: 0.254 loading class sun/nio/cs/UnicodeDecoder done
Event: 0.254 loading class sun/nio/cs/UTF_16$Decoder done
Event: 0.254 loading class sun/font/FileFontStrike
Event: 0.254 loading class sun/font/FileFontStrike done
Event: 0.254 loading class sun/font/FontScaler
Event: 0.254 loading class sun/font/FontScaler done
Event: 0.254 loading class sun/font/FreetypeFontScaler
Event: 0.254 loading class sun/font/FreetypeFontScaler done


Dynamic libraries:
00400000-00401000 r-xp 00000000 08:06 1987601                            /usr/lib/jvm/java-9-openjdk-amd64/bin/java
00600000-00601000 r--p 00000000 08:06 1987601                            /usr/lib/jvm/java-9-openjdk-amd64/bin/java
00601000-00602000 rw-p 00001000 08:06 1987601                            /usr/lib/jvm/java-9-openjdk-amd64/bin/java
0148b000-014ac000 rw-p 00000000 00:00 0                                  [heap]
6c6a00000-6d6400000 rw-p 00000000 00:00 0 
6d6400000-7c0000000 ---p 00000000 00:00 0 
7c0000000-7c0160000 rw-p 00000000 00:00 0 
7c0160000-800000000 ---p 00000000 00:00 0 
7f4c48000000-7f4c48021000 rw-p 00000000 00:00 0 
7f4c48021000-7f4c4c000000 ---p 00000000 00:00 0 
7f4c4c000000-7f4c4c021000 rw-p 00000000 00:00 0 
7f4c4c021000-7f4c50000000 ---p 00000000 00:00 0 
7f4c50000000-7f4c50021000 rw-p 00000000 00:00 0 
7f4c50021000-7f4c54000000 ---p 00000000 00:00 0 
7f4c54000000-7f4c54021000 rw-p 00000000 00:00 0 
7f4c54021000-7f4c58000000 ---p 00000000 00:00 0 
7f4c58000000-7f4c58021000 rw-p 00000000 00:00 0 
7f4c58021000-7f4c5c000000 ---p 00000000 00:00 0 
7f4c5c8ee000-7f4c5caae000 rw-p 00000000 00:00 0 
7f4c5caae000-7f4c5caee000 ---p 00000000 00:00 0 
7f4c5caee000-7f4c5caf2000 ---p 00000000 00:00 0 
7f4c5caf2000-7f4c5cbef000 rw-p 00000000 00:00 0 
7f4c5cbef000-7f4c5cbf4000 r-xp 00000000 08:06 1843173                    /usr/lib/x86_64-linux-gnu/libXfixes.so.3.1.0
7f4c5cbf4000-7f4c5cdf3000 ---p 00005000 08:06 1843173                    /usr/lib/x86_64-linux-gnu/libXfixes.so.3.1.0
7f4c5cdf3000-7f4c5cdf4000 r--p 00004000 08:06 1843173                    /usr/lib/x86_64-linux-gnu/libXfixes.so.3.1.0
7f4c5cdf4000-7f4c5cdf5000 rw-p 00005000 08:06 1843173                    /usr/lib/x86_64-linux-gnu/libXfixes.so.3.1.0
7f4c5cdf5000-7f4c5cdfe000 r-xp 00000000 08:06 1836218                    /usr/lib/x86_64-linux-gnu/libXcursor.so.1.0.2
7f4c5cdfe000-7f4c5cffd000 ---p 00009000 08:06 1836218                    /usr/lib/x86_64-linux-gnu/libXcursor.so.1.0.2
7f4c5cffd000-7f4c5cffe000 r--p 00008000 08:06 1836218                    /usr/lib/x86_64-linux-gnu/libXcursor.so.1.0.2
7f4c5cffe000-7f4c5cfff000 rw-p 00009000 08:06 1836218                    /usr/lib/x86_64-linux-gnu/libXcursor.so.1.0.2
7f4c5cfff000-7f4c60000000 rw-p 00000000 00:00 0 
7f4c60000000-7f4c60145000 rw-p 00000000 00:00 0 
7f4c60145000-7f4c64000000 ---p 00000000 00:00 0 
7f4c64000000-7f4c64021000 rw-p 00000000 00:00 0 
7f4c64021000-7f4c68000000 ---p 00000000 00:00 0 
7f4c68000000-7f4c6825f000 rw-p 00000000 00:00 0 
7f4c6825f000-7f4c6c000000 ---p 00000000 00:00 0 
7f4c6c000000-7f4c6c1b4000 rw-p 00000000 00:00 0 
7f4c6c1b4000-7f4c70000000 ---p 00000000 00:00 0 
7f4c70000000-7f4c70021000 rw-p 00000000 00:00 0 
7f4c70021000-7f4c74000000 ---p 00000000 00:00 0 
7f4c74000000-7f4c74021000 rw-p 00000000 00:00 0 
7f4c74021000-7f4c78000000 ---p 00000000 00:00 0 
7f4c78000000-7f4c78021000 rw-p 00000000 00:00 0 
7f4c78021000-7f4c7c000000 ---p 00000000 00:00 0 
7f4c7c000000-7f4c7c021000 rw-p 00000000 00:00 0 
7f4c7c021000-7f4c80000000 ---p 00000000 00:00 0 
7f4c80000000-7f4c80021000 rw-p 00000000 00:00 0 
7f4c80021000-7f4c84000000 ---p 00000000 00:00 0 
7f4c84000000-7f4c84021000 rw-p 00000000 00:00 0 
7f4c84021000-7f4c88000000 ---p 00000000 00:00 0 
7f4c880af000-7f4c880b3000 ---p 00000000 00:00 0 
7f4c880b3000-7f4c881b0000 rw-p 00000000 00:00 0 
7f4c881b0000-7f4c881d4000 r-xp 00000000 08:06 10228456                   /lib/x86_64-linux-gnu/libpng12.so.0.54.0
7f4c881d4000-7f4c883d3000 ---p 00024000 08:06 10228456                   /lib/x86_64-linux-gnu/libpng12.so.0.54.0
7f4c883d3000-7f4c883d4000 r--p 00023000 08:06 10228456                   /lib/x86_64-linux-gnu/libpng12.so.0.54.0
7f4c883d4000-7f4c883d5000 rw-p 00024000 08:06 10228456                   /lib/x86_64-linux-gnu/libpng12.so.0.54.0
7f4c883d5000-7f4c88479000 r-xp 00000000 08:06 1843596                    /usr/lib/x86_64-linux-gnu/libfreetype.so.6.12.1
7f4c88479000-7f4c88678000 ---p 000a4000 08:06 1843596                    /usr/lib/x86_64-linux-gnu/libfreetype.so.6.12.1
7f4c88678000-7f4c8867e000 r--p 000a3000 08:06 1843596                    /usr/lib/x86_64-linux-gnu/libfreetype.so.6.12.1
7f4c8867e000-7f4c8867f000 rw-p 000a9000 08:06 1843596                    /usr/lib/x86_64-linux-gnu/libfreetype.so.6.12.1
7f4c8867f000-7f4c88745000 r-xp 00000000 08:06 2379387                    /usr/lib/jvm/java-9-openjdk-amd64/lib/amd64/libfontmanager.so
7f4c88745000-7f4c88944000 ---p 000c6000 08:06 2379387                    /usr/lib/jvm/java-9-openjdk-amd64/lib/amd64/libfontmanager.so
7f4c88944000-7f4c88947000 r--p 000c5000 08:06 2379387                    /usr/lib/jvm/java-9-openjdk-amd64/lib/amd64/libfontmanager.so
7f4c88947000-7f4c88948000 rw-p 000c8000 08:06 2379387                    /usr/lib/jvm/java-9-openjdk-amd64/lib/amd64/libfontmanager.so
7f4c88948000-7f4c88949000 rw-p 00000000 00:00 0 
7f4c88949000-7f4c8894e000 r-xp 00000000 08:06 1843169                    /usr/lib/x86_64-linux-gnu/libXdmcp.so.6.0.0
7f4c8894e000-7f4c88b4d000 ---p 00005000 08:06 1843169                    /usr/lib/x86_64-linux-gnu/libXdmcp.so.6.0.0
7f4c88b4d000-7f4c88b4e000 r--p 00004000 08:06 1843169                    /usr/lib/x86_64-linux-gnu/libXdmcp.so.6.0.0
7f4c88b4e000-7f4c88b4f000 rw-p 00005000 08:06 1843169                    /usr/lib/x86_64-linux-gnu/libXdmcp.so.6.0.0
7f4c88b4f000-7f4c88b51000 r-xp 00000000 08:06 1843158                    /usr/lib/x86_64-linux-gnu/libXau.so.6.0.0
7f4c88b51000-7f4c88d51000 ---p 00002000 08:06 1843158                    /usr/lib/x86_64-linux-gnu/libXau.so.6.0.0
7f4c88d51000-7f4c88d52000 r--p 00002000 08:06 1843158                    /usr/lib/x86_64-linux-gnu/libXau.so.6.0.0
7f4c88d52000-7f4c88d53000 rw-p 00003000 08:06 1843158                    /usr/lib/x86_64-linux-gnu/libXau.so.6.0.0
7f4c88d53000-7f4c88d74000 r-xp 00000000 08:06 1844582                    /usr/lib/x86_64-linux-gnu/libxcb.so.1.1.0
7f4c88d74000-7f4c88f73000 ---p 00021000 08:06 1844582                    /usr/lib/x86_64-linux-gnu/libxcb.so.1.1.0
7f4c88f73000-7f4c88f74000 r--p 00020000 08:06 1844582                    /usr/lib/x86_64-linux-gnu/libxcb.so.1.1.0
7f4c88f74000-7f4c88f75000 rw-p 00021000 08:06 1844582                    /usr/lib/x86_64-linux-gnu/libxcb.so.1.1.0
7f4c88f75000-7f4c88f84000 r-xp 00000000 08:06 1843181                    /usr/lib/x86_64-linux-gnu/libXi.so.6.1.0
7f4c88f84000-7f4c89183000 ---p 0000f000 08:06 1843181                    /usr/lib/x86_64-linux-gnu/libXi.so.6.1.0
7f4c89183000-7f4c89184000 r--p 0000e000 08:06 1843181                    /usr/lib/x86_64-linux-gnu/libXi.so.6.1.0
7f4c89184000-7f4c89185000 rw-p 0000f000 08:06 1843181                    /usr/lib/x86_64-linux-gnu/libXi.so.6.1.0
7f4c89185000-7f4c8918a000 r-xp 00000000 08:06 1843199                    /usr/lib/x86_64-linux-gnu/libXtst.so.6.1.0
7f4c8918a000-7f4c89389000 ---p 00005000 08:06 1843199                    /usr/lib/x86_64-linux-gnu/libXtst.so.6.1.0
7f4c89389000-7f4c8938a000 r--p 00004000 08:06 1843199                    /usr/lib/x86_64-linux-gnu/libXtst.so.6.1.0
7f4c8938a000-7f4c8938b000 rw-p 00005000 08:06 1843199                    /usr/lib/x86_64-linux-gnu/libXtst.so.6.1.0
7f4c8938b000-7f4c89394000 r-xp 00000000 08:06 1843193                    /usr/lib/x86_64-linux-gnu/libXrender.so.1.3.0
7f4c89394000-7f4c89593000 ---p 00009000 08:06 1843193                    /usr/lib/x86_64-linux-gnu/libXrender.so.1.3.0
7f4c89593000-7f4c89594000 r--p 00008000 08:06 1843193                    /usr/lib/x86_64-linux-gnu/libXrender.so.1.3.0
7f4c89594000-7f4c89595000 rw-p 00009000 08:06 1843193                    /usr/lib/x86_64-linux-gnu/libXrender.so.1.3.0
7f4c89595000-7f4c896ca000 r-xp 00000000 08:06 1840714                    /usr/lib/x86_64-linux-gnu/libX11.so.6.3.0
7f4c896ca000-7f4c898ca000 ---p 00135000 08:06 1840714                    /usr/lib/x86_64-linux-gnu/libX11.so.6.3.0
7f4c898ca000-7f4c898cb000 r--p 00135000 08:06 1840714                    /usr/lib/x86_64-linux-gnu/libX11.so.6.3.0
7f4c898cb000-7f4c898cf000 rw-p 00136000 08:06 1840714                    /usr/lib/x86_64-linux-gnu/libX11.so.6.3.0
7f4c898cf000-7f4c898e0000 r-xp 00000000 08:06 1843171                    /usr/lib/x86_64-linux-gnu/libXext.so.6.4.0
7f4c898e0000-7f4c89adf000 ---p 00011000 08:06 1843171                    /usr/lib/x86_64-linux-gnu/libXext.so.6.4.0
7f4c89adf000-7f4c89ae0000 r--p 00010000 08:06 1843171                    /usr/lib/x86_64-linux-gnu/libXext.so.6.4.0
7f4c89ae0000-7f4c89ae1000 rw-p 00011000 08:06 1843171                    /usr/lib/x86_64-linux-gnu/libXext.so.6.4.0
7f4c89ae1000-7f4c89b38000 r-xp 00000000 08:06 2379414                    /usr/lib/jvm/java-9-openjdk-amd64/lib/amd64/libawt_xawt.so
7f4c89b38000-7f4c89d38000 ---p 00057000 08:06 2379414                    /usr/lib/jvm/java-9-openjdk-amd64/lib/amd64/libawt_xawt.so
7f4c89d38000-7f4c89d39000 r--p 00057000 08:06 2379414                    /usr/lib/jvm/java-9-openjdk-amd64/lib/amd64/libawt_xawt.so
7f4c89d39000-7f4c89d3c000 rw-p 00058000 08:06 2379414                    /usr/lib/jvm/java-9-openjdk-amd64/lib/amd64/libawt_xawt.so
7f4c89d3c000-7f4c89d3d000 rw-p 00000000 00:00 0 
7f4c89d3d000-7f4c89ddd000 r-xp 00000000 08:06 2379386                    /usr/lib/jvm/java-9-openjdk-amd64/lib/amd64/libawt.so
7f4c89ddd000-7f4c89fdc000 ---p 000a0000 08:06 2379386                    /usr/lib/jvm/java-9-openjdk-amd64/lib/amd64/libawt.so
7f4c89fdc000-7f4c89fdd000 r--p 0009f000 08:06 2379386                    /usr/lib/jvm/java-9-openjdk-amd64/lib/amd64/libawt.so
7f4c89fdd000-7f4c89fe8000 rw-p 000a0000 08:06 2379386                    /usr/lib/jvm/java-9-openjdk-amd64/lib/amd64/libawt.so
7f4c89fe8000-7f4c8a00d000 rw-p 00000000 00:00 0 
7f4c8a00d000-7f4c8a00e000 ---p 00000000 00:00 0 
7f4c8a00e000-7f4c8a10e000 rw-p 00000000 00:00 0 
7f4c8a10e000-7f4c8a112000 ---p 00000000 00:00 0 
7f4c8a112000-7f4c8a20f000 rw-p 00000000 00:00 0 
7f4c8a20f000-7f4c8a213000 ---p 00000000 00:00 0 
7f4c8a213000-7f4c8a310000 rw-p 00000000 00:00 0 
7f4c8a310000-7f4c8a326000 r-xp 00000000 08:06 2379388                    /usr/lib/jvm/java-9-openjdk-amd64/lib/amd64/libnet.so
7f4c8a326000-7f4c8a525000 ---p 00016000 08:06 2379388                    /usr/lib/jvm/java-9-openjdk-amd64/lib/amd64/libnet.so
7f4c8a525000-7f4c8a526000 r--p 00015000 08:06 2379388                    /usr/lib/jvm/java-9-openjdk-amd64/lib/amd64/libnet.so
7f4c8a526000-7f4c8a527000 rw-p 00016000 08:06 2379388                    /usr/lib/jvm/java-9-openjdk-amd64/lib/amd64/libnet.so
7f4c8a527000-7f4c8a538000 r-xp 00000000 08:06 2379415                    /usr/lib/jvm/java-9-openjdk-amd64/lib/amd64/libnio.so
7f4c8a538000-7f4c8a738000 ---p 00011000 08:06 2379415                    /usr/lib/jvm/java-9-openjdk-amd64/lib/amd64/libnio.so
7f4c8a738000-7f4c8a739000 r--p 00011000 08:06 2379415                    /usr/lib/jvm/java-9-openjdk-amd64/lib/amd64/libnio.so
7f4c8a739000-7f4c8a73a000 rw-p 00012000 08:06 2379415                    /usr/lib/jvm/java-9-openjdk-amd64/lib/amd64/libnio.so
7f4c8a73a000-7f4c8a73e000 ---p 00000000 00:00 0 
7f4c8a73e000-7f4c8a83b000 rw-p 00000000 00:00 0 
7f4c8a83b000-7f4c8a83f000 ---p 00000000 00:00 0 
7f4c8a83f000-7f4c8a93c000 rw-p 00000000 00:00 0 
7f4c8a93c000-7f4c8a940000 ---p 00000000 00:00 0 
7f4c8a940000-7f4c8aa3d000 rw-p 00000000 00:00 0 
7f4c8aa3d000-7f4c8aa41000 ---p 00000000 00:00 0 
7f4c8aa41000-7f4c8ab3e000 rw-p 00000000 00:00 0 
7f4c8ab3e000-7f4c8ab42000 ---p 00000000 00:00 0 
7f4c8ab42000-7f4c8ac3f000 rw-p 00000000 00:00 0 
7f4c8ac3f000-7f4c8ac43000 ---p 00000000 00:00 0 
7f4c8ac43000-7f4c8ad40000 rw-p 00000000 00:00 0 
7f4c8ad40000-7f4c8b6ff000 r--p 00000000 08:06 1842172                    /usr/lib/locale/locale-archive
7f4c8b6ff000-7f4c8b703000 ---p 00000000 00:00 0 
7f4c8b703000-7f4c8c000000 rw-p 00000000 00:00 0 
7f4c8c000000-7f4c8c021000 rw-p 00000000 00:00 0 
7f4c8c021000-7f4c90000000 ---p 00000000 00:00 0 
7f4c90100000-7f4c90104000 ---p 00000000 00:00 0 
7f4c90104000-7f4c90201000 rw-p 00000000 00:00 0 
7f4c90201000-7f4c90202000 ---p 00000000 00:00 0 
7f4c90202000-7f4c92aee000 rw-p 00000000 00:00 0 
7f4c92aee000-7f4c92aef000 ---p 00000000 00:00 0 
7f4c92aef000-7f4c92fd7000 rw-p 00000000 00:00 0 
7f4c92fd7000-7f4c96a47000 ---p 00000000 00:00 0 
7f4c96a47000-7f4c96e2f000 rw-p 00000000 00:00 0 
7f4c96e2f000-7f4c9a89f000 ---p 00000000 00:00 0 
7f4c9a89f000-7f4c9a91c000 rw-p 00000000 00:00 0 
7f4c9a91c000-7f4c9b06a000 ---p 00000000 00:00 0 
7f4c9b06a000-7f4c9b0e7000 rw-p 00000000 00:00 0 
7f4c9b0e7000-7f4c9c000000 ---p 00000000 00:00 0 
7f4c9c000000-7f4c9c021000 rw-p 00000000 00:00 0 
7f4c9c021000-7f4ca0000000 ---p 00000000 00:00 0 
7f4ca0000000-7f4ca0021000 rw-p 00000000 00:00 0 
7f4ca0021000-7f4ca4000000 ---p 00000000 00:00 0 
7f4ca4000000-7f4ca4021000 rw-p 00000000 00:00 0 
7f4ca4021000-7f4ca8000000 ---p 00000000 00:00 0 
7f4ca8000000-7f4ca8021000 rw-p 00000000 00:00 0 
7f4ca8021000-7f4cac000000 ---p 00000000 00:00 0 
7f4cac000000-7f4cac021000 rw-p 00000000 00:00 0 
7f4cac021000-7f4cb0000000 ---p 00000000 00:00 0 
7f4cb0000000-7f4cb0021000 rw-p 00000000 00:00 0 
7f4cb0021000-7f4cb4000000 ---p 00000000 00:00 0 
7f4cb4000000-7f4cb4021000 rw-p 00000000 00:00 0 
7f4cb4021000-7f4cb8000000 ---p 00000000 00:00 0 
7f4cb8000000-7f4cb8021000 rw-p 00000000 00:00 0 
7f4cb8021000-7f4cbc000000 ---p 00000000 00:00 0 
7f4cbc000000-7f4cbc021000 rw-p 00000000 00:00 0 
7f4cbc021000-7f4cc0000000 ---p 00000000 00:00 0 
7f4cc000f000-7f4cc0085000 rw-p 00000000 00:00 0 
7f4cc0085000-7f4cc0086000 ---p 00000000 00:00 0 
7f4cc0086000-7f4cc02fd000 rw-p 00000000 00:00 0 
7f4cc02fd000-7f4cc0a4b000 ---p 00000000 00:00 0 
7f4cc0a4b000-7f4cc0a4c000 ---p 00000000 00:00 0 
7f4cc0a4c000-7f4cc0b4c000 rw-p 00000000 00:00 0 
7f4cc0b4c000-7f4cc0b4d000 ---p 00000000 00:00 0 
7f4cc0b4d000-7f4cc0c4d000 rw-p 00000000 00:00 0 
7f4cc0c4d000-7f4cc0c4e000 ---p 00000000 00:00 0 
7f4cc0c4e000-7f4cc0d4e000 rw-p 00000000 00:00 0 
7f4cc0d4e000-7f4cc0d4f000 ---p 00000000 00:00 0 
7f4cc0d4f000-7f4cc0e4f000 rw-p 00000000 00:00 0 
7f4cc0e4f000-7f4cc0e50000 ---p 00000000 00:00 0 
7f4cc0e50000-7f4cc1354000 rw-p 00000000 00:00 0 
7f4cc1354000-7f4cc1355000 ---p 00000000 00:00 0 
7f4cc1355000-7f4cc1455000 rw-p 00000000 00:00 0 
7f4cc1455000-7f4cc1456000 ---p 00000000 00:00 0 
7f4cc1456000-7f4cc1556000 rw-p 00000000 00:00 0 
7f4cc1556000-7f4cc1557000 ---p 00000000 00:00 0 
7f4cc1557000-7f4cc1657000 rw-p 00000000 00:00 0 
7f4cc1657000-7f4cc1658000 ---p 00000000 00:00 0 
7f4cc1658000-7f4cc175d000 rw-p 00000000 00:00 0 
7f4cc175d000-7f4cc1843000 ---p 00000000 00:00 0 
7f4cc1843000-7f4cc1ab3000 rwxp 00000000 00:00 0 
7f4cc1ab3000-7f4cc1dd3000 ---p 00000000 00:00 0 
7f4cc1dd3000-7f4cc2043000 rwxp 00000000 00:00 0 
7f4cc2043000-7f4cc930b000 ---p 00000000 00:00 0 
7f4cc930b000-7f4cc957b000 rwxp 00000000 00:00 0 
7f4cc957b000-7f4cd0843000 ---p 00000000 00:00 0 
7f4cd0843000-7f4cd7bf2000 r--s 00000000 08:06 1987606                    /usr/lib/jvm/java-9-openjdk-amd64/lib/modules
7f4cd7bf2000-7f4cd7bf7000 r-xp 00000000 08:06 2379402                    /usr/lib/jvm/java-9-openjdk-amd64/lib/amd64/libjimage.so
7f4cd7bf7000-7f4cd7df6000 ---p 00005000 08:06 2379402                    /usr/lib/jvm/java-9-openjdk-amd64/lib/amd64/libjimage.so
7f4cd7df6000-7f4cd7df7000 r--p 00004000 08:06 2379402                    /usr/lib/jvm/java-9-openjdk-amd64/lib/amd64/libjimage.so
7f4cd7df7000-7f4cd7df8000 rw-p 00005000 08:06 2379402                    /usr/lib/jvm/java-9-openjdk-amd64/lib/amd64/libjimage.so
7f4cd7df8000-7f4cd7dff000 r-xp 00000000 08:06 2379398                    /usr/lib/jvm/java-9-openjdk-amd64/lib/amd64/libzip.so
7f4cd7dff000-7f4cd7ffe000 ---p 00007000 08:06 2379398                    /usr/lib/jvm/java-9-openjdk-amd64/lib/amd64/libzip.so
7f4cd7ffe000-7f4cd7fff000 r--p 00006000 08:06 2379398                    /usr/lib/jvm/java-9-openjdk-amd64/lib/amd64/libzip.so
7f4cd7fff000-7f4cd8000000 rw-p 00007000 08:06 2379398                    /usr/lib/jvm/java-9-openjdk-amd64/lib/amd64/libzip.so
7f4cd8000000-7f4cd8491000 rw-p 00000000 00:00 0 
7f4cd8491000-7f4cdc000000 ---p 00000000 00:00 0 
7f4cdc023000-7f4cdc028000 rw-p 00000000 00:00 0 
7f4cdc028000-7f4cdc10e000 ---p 00000000 00:00 0 
7f4cdc10e000-7f4cdc119000 r-xp 00000000 08:06 10228414                   /lib/x86_64-linux-gnu/libnss_files-2.23.so
7f4cdc119000-7f4cdc318000 ---p 0000b000 08:06 10228414                   /lib/x86_64-linux-gnu/libnss_files-2.23.so
7f4cdc318000-7f4cdc319000 r--p 0000a000 08:06 10228414                   /lib/x86_64-linux-gnu/libnss_files-2.23.so
7f4cdc319000-7f4cdc31a000 rw-p 0000b000 08:06 10228414                   /lib/x86_64-linux-gnu/libnss_files-2.23.so
7f4cdc31a000-7f4cdc320000 rw-p 00000000 00:00 0 
7f4cdc320000-7f4cdc32b000 r-xp 00000000 08:06 10228424                   /lib/x86_64-linux-gnu/libnss_nis-2.23.so
7f4cdc32b000-7f4cdc52a000 ---p 0000b000 08:06 10228424                   /lib/x86_64-linux-gnu/libnss_nis-2.23.so
7f4cdc52a000-7f4cdc52b000 r--p 0000a000 08:06 10228424                   /lib/x86_64-linux-gnu/libnss_nis-2.23.so
7f4cdc52b000-7f4cdc52c000 rw-p 0000b000 08:06 10228424                   /lib/x86_64-linux-gnu/libnss_nis-2.23.so
7f4cdc52c000-7f4cdc542000 r-xp 00000000 08:06 10228408                   /lib/x86_64-linux-gnu/libnsl-2.23.so
7f4cdc542000-7f4cdc741000 ---p 00016000 08:06 10228408                   /lib/x86_64-linux-gnu/libnsl-2.23.so
7f4cdc741000-7f4cdc742000 r--p 00015000 08:06 10228408                   /lib/x86_64-linux-gnu/libnsl-2.23.so
7f4cdc742000-7f4cdc743000 rw-p 00016000 08:06 10228408                   /lib/x86_64-linux-gnu/libnsl-2.23.so
7f4cdc743000-7f4cdc745000 rw-p 00000000 00:00 0 
7f4cdc745000-7f4cdc74d000 r-xp 00000000 08:06 10228410                   /lib/x86_64-linux-gnu/libnss_compat-2.23.so
7f4cdc74d000-7f4cdc94c000 ---p 00008000 08:06 10228410                   /lib/x86_64-linux-gnu/libnss_compat-2.23.so
7f4cdc94c000-7f4cdc94d000 r--p 00007000 08:06 10228410                   /lib/x86_64-linux-gnu/libnss_compat-2.23.so
7f4cdc94d000-7f4cdc94e000 rw-p 00008000 08:06 10228410                   /lib/x86_64-linux-gnu/libnss_compat-2.23.so
7f4cdc94e000-7f4cdc979000 r-xp 00000000 08:06 2379381                    /usr/lib/jvm/java-9-openjdk-amd64/lib/amd64/libjava.so
7f4cdc979000-7f4cdcb78000 ---p 0002b000 08:06 2379381                    /usr/lib/jvm/java-9-openjdk-amd64/lib/amd64/libjava.so
7f4cdcb78000-7f4cdcb79000 r--p 0002a000 08:06 2379381                    /usr/lib/jvm/java-9-openjdk-amd64/lib/amd64/libjava.so
7f4cdcb79000-7f4cdcb7b000 rw-p 0002b000 08:06 2379381                    /usr/lib/jvm/java-9-openjdk-amd64/lib/amd64/libjava.so
7f4cdcb7b000-7f4cdcb88000 r-xp 00000000 08:06 2379382                    /usr/lib/jvm/java-9-openjdk-amd64/lib/amd64/libverify.so
7f4cdcb88000-7f4cdcd87000 ---p 0000d000 08:06 2379382                    /usr/lib/jvm/java-9-openjdk-amd64/lib/amd64/libverify.so
7f4cdcd87000-7f4cdcd89000 r--p 0000c000 08:06 2379382                    /usr/lib/jvm/java-9-openjdk-amd64/lib/amd64/libverify.so
7f4cdcd89000-7f4cdcd8a000 rw-p 0000e000 08:06 2379382                    /usr/lib/jvm/java-9-openjdk-amd64/lib/amd64/libverify.so
7f4cdcd8a000-7f4cdcd91000 r-xp 00000000 08:06 10228469                   /lib/x86_64-linux-gnu/librt-2.23.so
7f4cdcd91000-7f4cdcf90000 ---p 00007000 08:06 10228469                   /lib/x86_64-linux-gnu/librt-2.23.so
7f4cdcf90000-7f4cdcf91000 r--p 00006000 08:06 10228469                   /lib/x86_64-linux-gnu/librt-2.23.so
7f4cdcf91000-7f4cdcf92000 rw-p 00007000 08:06 10228469                   /lib/x86_64-linux-gnu/librt-2.23.so
7f4cdcf92000-7f4cdcfa8000 r-xp 00000000 08:06 10228353                   /lib/x86_64-linux-gnu/libgcc_s.so.1
7f4cdcfa8000-7f4cdd1a7000 ---p 00016000 08:06 10228353                   /lib/x86_64-linux-gnu/libgcc_s.so.1
7f4cdd1a7000-7f4cdd1a8000 rw-p 00015000 08:06 10228353                   /lib/x86_64-linux-gnu/libgcc_s.so.1
7f4cdd1a8000-7f4cdd2b0000 r-xp 00000000 08:06 10228385                   /lib/x86_64-linux-gnu/libm-2.23.so
7f4cdd2b0000-7f4cdd4af000 ---p 00108000 08:06 10228385                   /lib/x86_64-linux-gnu/libm-2.23.so
7f4cdd4af000-7f4cdd4b0000 r--p 00107000 08:06 10228385                   /lib/x86_64-linux-gnu/libm-2.23.so
7f4cdd4b0000-7f4cdd4b1000 rw-p 00108000 08:06 10228385                   /lib/x86_64-linux-gnu/libm-2.23.so
7f4cdd4b1000-7f4cdd623000 r-xp 00000000 08:06 1844331                    /usr/lib/x86_64-linux-gnu/libstdc++.so.6.0.21
7f4cdd623000-7f4cdd823000 ---p 00172000 08:06 1844331                    /usr/lib/x86_64-linux-gnu/libstdc++.so.6.0.21
7f4cdd823000-7f4cdd82d000 r--p 00172000 08:06 1844331                    /usr/lib/x86_64-linux-gnu/libstdc++.so.6.0.21
7f4cdd82d000-7f4cdd82f000 rw-p 0017c000 08:06 1844331                    /usr/lib/x86_64-linux-gnu/libstdc++.so.6.0.21
7f4cdd82f000-7f4cdd833000 rw-p 00000000 00:00 0 
7f4cdd833000-7f4cde691000 r-xp 00000000 08:06 2379395                    /usr/lib/jvm/java-9-openjdk-amd64/lib/amd64/server/libjvm.so
7f4cde691000-7f4cde891000 ---p 00e5e000 08:06 2379395                    /usr/lib/jvm/java-9-openjdk-amd64/lib/amd64/server/libjvm.so
7f4cde891000-7f4cde943000 r--p 00e5e000 08:06 2379395                    /usr/lib/jvm/java-9-openjdk-amd64/lib/amd64/server/libjvm.so
7f4cde943000-7f4cde975000 rw-p 00f10000 08:06 2379395                    /usr/lib/jvm/java-9-openjdk-amd64/lib/amd64/server/libjvm.so
7f4cde975000-7f4cde9ba000 rw-p 00000000 00:00 0 
7f4cde9ba000-7f4cde9d2000 r-xp 00000000 08:06 10228461                   /lib/x86_64-linux-gnu/libpthread-2.23.so
7f4cde9d2000-7f4cdebd1000 ---p 00018000 08:06 10228461                   /lib/x86_64-linux-gnu/libpthread-2.23.so
7f4cdebd1000-7f4cdebd2000 r--p 00017000 08:06 10228461                   /lib/x86_64-linux-gnu/libpthread-2.23.so
7f4cdebd2000-7f4cdebd3000 rw-p 00018000 08:06 10228461                   /lib/x86_64-linux-gnu/libpthread-2.23.so
7f4cdebd3000-7f4cdebd7000 rw-p 00000000 00:00 0 
7f4cdebd7000-7f4cdebda000 r-xp 00000000 08:06 10228339                   /lib/x86_64-linux-gnu/libdl-2.23.so
7f4cdebda000-7f4cdedd9000 ---p 00003000 08:06 10228339                   /lib/x86_64-linux-gnu/libdl-2.23.so
7f4cdedd9000-7f4cdedda000 r--p 00002000 08:06 10228339                   /lib/x86_64-linux-gnu/libdl-2.23.so
7f4cdedda000-7f4cdeddb000 rw-p 00003000 08:06 10228339                   /lib/x86_64-linux-gnu/libdl-2.23.so
7f4cdeddb000-7f4cdedf4000 r-xp 00000000 08:06 10228506                   /lib/x86_64-linux-gnu/libz.so.1.2.8
7f4cdedf4000-7f4cdeff3000 ---p 00019000 08:06 10228506                   /lib/x86_64-linux-gnu/libz.so.1.2.8
7f4cdeff3000-7f4cdeff4000 r--p 00018000 08:06 10228506                   /lib/x86_64-linux-gnu/libz.so.1.2.8
7f4cdeff4000-7f4cdeff5000 rw-p 00019000 08:06 10228506                   /lib/x86_64-linux-gnu/libz.so.1.2.8
7f4cdeff5000-7f4cdf1b5000 r-xp 00000000 08:06 10228315                   /lib/x86_64-linux-gnu/libc-2.23.so
7f4cdf1b5000-7f4cdf3b5000 ---p 001c0000 08:06 10228315                   /lib/x86_64-linux-gnu/libc-2.23.so
7f4cdf3b5000-7f4cdf3b9000 r--p 001c0000 08:06 10228315                   /lib/x86_64-linux-gnu/libc-2.23.so
7f4cdf3b9000-7f4cdf3bb000 rw-p 001c4000 08:06 10228315                   /lib/x86_64-linux-gnu/libc-2.23.so
7f4cdf3bb000-7f4cdf3bf000 rw-p 00000000 00:00 0 
7f4cdf3bf000-7f4cdf3cd000 r-xp 00000000 08:06 2379412                    /usr/lib/jvm/java-9-openjdk-amd64/lib/amd64/jli/libjli.so
7f4cdf3cd000-7f4cdf5cc000 ---p 0000e000 08:06 2379412                    /usr/lib/jvm/java-9-openjdk-amd64/lib/amd64/jli/libjli.so
7f4cdf5cc000-7f4cdf5cd000 r--p 0000d000 08:06 2379412                    /usr/lib/jvm/java-9-openjdk-amd64/lib/amd64/jli/libjli.so
7f4cdf5cd000-7f4cdf5ce000 rw-p 0000e000 08:06 2379412                    /usr/lib/jvm/java-9-openjdk-amd64/lib/amd64/jli/libjli.so
7f4cdf5ce000-7f4cdf5f4000 r-xp 00000000 08:06 10228287                   /lib/x86_64-linux-gnu/ld-2.23.so
7f4cdf64f000-7f4cdf6aa000 rw-p 00000000 00:00 0 
7f4cdf6aa000-7f4cdf6ae000 ---p 00000000 00:00 0 
7f4cdf6ae000-7f4cdf7af000 rw-p 00000000 00:00 0 
7f4cdf7b3000-7f4cdf7b4000 r--p 00000000 08:06 3032266                    /usr/share/locale-langpack/en_GB/LC_MESSAGES/libc.mo
7f4cdf7b4000-7f4cdf7e1000 rw-p 00000000 00:00 0 
7f4cdf7e1000-7f4cdf7e8000 ---p 00000000 00:00 0 
7f4cdf7e8000-7f4cdf7f0000 rw-s 00000000 08:06 9710238                    /tmp/hsperfdata_mohit/15665
7f4cdf7f0000-7f4cdf7f1000 rw-p 00000000 00:00 0 
7f4cdf7f1000-7f4cdf7f2000 r--p 00000000 00:00 0 
7f4cdf7f2000-7f4cdf7f3000 rw-p 00000000 00:00 0 
7f4cdf7f3000-7f4cdf7f4000 r--p 00025000 08:06 10228287                   /lib/x86_64-linux-gnu/ld-2.23.so
7f4cdf7f4000-7f4cdf7f5000 rw-p 00026000 08:06 10228287                   /lib/x86_64-linux-gnu/ld-2.23.so
7f4cdf7f5000-7f4cdf7f6000 rw-p 00000000 00:00 0 
7ffdc58d4000-7ffdc58f5000 rw-p 00000000 00:00 0                          [stack]
7ffdc59a8000-7ffdc59ab000 r--p 00000000 00:00 0                          [vvar]
7ffdc59ab000-7ffdc59ad000 r-xp 00000000 00:00 0                          [vdso]
ffffffffff600000-ffffffffff601000 r-xp 00000000 00:00 0                  [vsyscall]

VM Arguments:
java_command: robot
java_class_path (initial): /usr/share/java/j3dutils.jar:/usr/share/java/j3dcore.jar:/usr/share/java/vecmath.jar:.
Launcher Type: SUN_STANDARD

Environment Variables:
PATH=/home/mohit/bin:/home/mohit/.local/bin:/usr/local/sbin:/usr/local/bin:/usr/sbin:/usr/bin:/sbin:/bin:/usr/games:/usr/local/games:/snap/bin
SHELL=/bin/bash
DISPLAY=:0

Signal Handlers:
SIGSEGV: [libjvm.so+0xc12c20], sa_mask[0]=11111111011111111101111111111110, sa_flags=SA_RESTART|SA_SIGINFO
SIGBUS: [libjvm.so+0xc12c20], sa_mask[0]=11111111011111111101111111111110, sa_flags=SA_RESTART|SA_SIGINFO
SIGFPE: [libjvm.so+0xc12c20], sa_mask[0]=11111111011111111101111111111110, sa_flags=SA_RESTART|SA_SIGINFO
SIGPIPE: [libjvm.so+0xa3b600], sa_mask[0]=11111111011111111101111111111110, sa_flags=SA_RESTART|SA_SIGINFO
SIGXFSZ: [libjvm.so+0xa3b600], sa_mask[0]=11111111011111111101111111111110, sa_flags=SA_RESTART|SA_SIGINFO
SIGILL: [libjvm.so+0xc12c20], sa_mask[0]=11111111011111111101111111111110, sa_flags=SA_RESTART|SA_SIGINFO
SIGUSR2: [libjvm.so+0xa3b4a0], sa_mask[0]=00000000000000000000000000000000, sa_flags=SA_RESTART|SA_SIGINFO
SIGHUP: [libjvm.so+0xa3b870], sa_mask[0]=11111111011111111101111111111110, sa_flags=SA_RESTART|SA_SIGINFO
SIGINT: [libjvm.so+0xa3b870], sa_mask[0]=11111111011111111101111111111110, sa_flags=SA_RESTART|SA_SIGINFO
SIGTERM: [libjvm.so+0xa3b870], sa_mask[0]=11111111011111111101111111111110, sa_flags=SA_RESTART|SA_SIGINFO
SIGQUIT: [libjvm.so+0xa3b870], sa_mask[0]=11111111011111111101111111111110, sa_flags=SA_RESTART|SA_SIGINFO


---------------  S Y S T E M  ---------------

OS:DISTRIB_ID=Ubuntu
DISTRIB_RELEASE=16.04
DISTRIB_CODENAME=xenial
DISTRIB_DESCRIPTION="Ubuntu 16.04.5 LTS"
uname:Linux 4.15.0-34-generic #37~16.04.1-Ubuntu SMP Tue Aug 28 10:44:06 UTC 2018 x86_64
libc:glibc 2.23 NPTL 2.23 
rlimit: STACK 8192k, CORE 0k, NPROC 63466, NOFILE 1048576, AS infinity
load average:2.91 1.74 1.10

/proc/meminfo:
MemTotal:       16341324 kB
MemFree:         1295668 kB
MemAvailable:   10381696 kB
Buffers:          274944 kB
Cached:          9171180 kB
SwapCached:            0 kB
Active:          8458292 kB
Inactive:        5745060 kB
Active(anon):    4757800 kB
Inactive(anon):   500280 kB
Active(file):    3700492 kB
Inactive(file):  5244780 kB
Unevictable:         312 kB
Mlocked:             312 kB
SwapTotal:       1000444 kB
SwapFree:        1000444 kB
Dirty:              2788 kB
Writeback:             0 kB
AnonPages:       4757660 kB
Mapped:           486260 kB
Shmem:            501724 kB
Slab:             574440 kB
SReclaimable:     481980 kB
SUnreclaim:        92460 kB
KernelStack:       20816 kB
PageTables:       111040 kB
NFS_Unstable:          0 kB
Bounce:                0 kB
WritebackTmp:          0 kB
CommitLimit:     9171104 kB
Committed_AS:   19666208 kB
VmallocTotal:   34359738367 kB
VmallocUsed:           0 kB
VmallocChunk:          0 kB
HardwareCorrupted:     0 kB
AnonHugePages:         0 kB
ShmemHugePages:        0 kB
ShmemPmdMapped:        0 kB
CmaTotal:              0 kB
CmaFree:               0 kB
HugePages_Total:       0
HugePages_Free:        0
HugePages_Rsvd:        0
HugePages_Surp:        0
Hugepagesize:       2048 kB
DirectMap4k:      369972 kB
DirectMap2M:    14225408 kB
DirectMap1G:     2097152 kB


CPU:total 4 (2 cores per cpu, 2 threads per core) family 6 model 142 stepping 9, cmov, cx8, fxsr, mmx, sse, sse2, sse3, ssse3, sse4.1, sse4.2, popcnt, avx, avx2, aes, clmul, erms, 3dnowpref, lzcnt, ht, tsc, tscinvbit, bmi1, bmi2, adx

CPU Model and flags from /proc/cpuinfo:
model name	: Intel(R) Core(TM) i7-7500U CPU @ 2.70GHz
flags		: fpu vme de pse tsc msr pae mce cx8 apic sep mtrr pge mca cmov pat pse36 clflush dts acpi mmx fxsr sse sse2 ss ht tm pbe syscall nx pdpe1gb rdtscp lm constant_tsc art arch_perfmon pebs bts rep_good nopl xtopology nonstop_tsc cpuid aperfmperf tsc_known_freq pni pclmulqdq dtes64 monitor ds_cpl vmx est tm2 ssse3 sdbg fma cx16 xtpr pdcm pcid sse4_1 sse4_2 x2apic movbe popcnt tsc_deadline_timer aes xsave avx f16c rdrand lahf_lm abm 3dnowprefetch cpuid_fault epb invpcid_single pti ssbd ibrs ibpb stibp tpr_shadow vnmi flexpriority ept vpid fsgsbase tsc_adjust bmi1 avx2 smep bmi2 erms invpcid mpx rdseed adx smap clflushopt intel_pt xsaveopt xsavec xgetbv1 xsaves dtherm ida arat pln pts hwp hwp_notify hwp_act_window hwp_epp flush_l1d

Memory: 4k page, physical 16341324k(1295668k free), swap 1000444k(1000444k free)

vm_info: OpenJDK 64-Bit Server VM (9-internal+0-2016-04-14-195246.buildd.src) for linux-amd64 JRE (9-internal+0-2016-04-14-195246.buildd.src), built on Apr 14 2016 20:05:37 by "buildd" with gcc 5.3.1 20160413

END.
