#
# A fatal error has been detected by the Java Runtime Environment:
#
#  SIGSEGV (0xb) at pc=0x00007f8450c81009, pid=15062, tid=15063
#
# JRE version: OpenJDK Runtime Environment (9.0) (build 9-internal+0-2016-04-14-195246.buildd.src)
# Java VM: OpenJDK 64-Bit Server VM (9-internal+0-2016-04-14-195246.buildd.src, mixed mode, tiered, compressed oops, g1 gc, linux-amd64)
# Problematic frame:
# C  [libjava.so+0x1d009]  JNU_GetEnv+0x19
#
# Core dump will be written. Default location: Core dumps may be processed with "/usr/share/apport/apport %p %s %c %d %P" (or dumping to /media/mohit/01D3B5938BD2E2F0/MS/HWU/IR/Assign1/core.15062)
#
# If you would like to submit a bug report, please visit:
#   http://bugreport.java.com/bugreport/crash.jsp
# The crash happened outside the Java Virtual Machine in native code.
# See problematic frame for where to report the bug.
#

---------------  S U M M A R Y ------------

Command Line: robot

Host: Intel(R) Core(TM) i7-7500U CPU @ 2.70GHz, 4 cores, 15G, Ubuntu 16.04.5 LTS
Time: Thu Sep 27 14:28:39 2018 BST elapsed time: 5 seconds (0d 0h 0m 5s)

---------------  T H R E A D  ---------------

Current thread (0x00007f844c011000):  JavaThread "main" [_thread_in_native, id=15063, stack(0x00007f84539c0000,0x00007f8453ac1000)]

Stack: [0x00007f84539c0000,0x00007f8453ac1000],  sp=0x00007f8453abe3b0,  free space=1016k
Native frames: (J=compiled Java code, j=interpreted, Vv=VM code, C=native code)
C  [libjava.so+0x1d009]  JNU_GetEnv+0x19
C  [libfontmanager.so+0x33f8e]
C  [libfreetype.so.6+0x14d2b]  FT_Stream_Seek+0x1b

Java frames: (J=compiled Java code, j=interpreted, Vv=VM code)
j  sun.font.FreetypeFontScaler.initNativeScaler(Lsun/font/Font2D;IIZI)J+0 java.desktop@9-internal
j  sun.font.FreetypeFontScaler.<init>(Lsun/font/Font2D;IZI)V+26 java.desktop@9-internal
v  ~StubRoutines::call_stub
j  sun.reflect.NativeConstructorAccessorImpl.newInstance0(Ljava/lang/reflect/Constructor;[Ljava/lang/Object;)Ljava/lang/Object;+0 java.base@9-internal
j  sun.reflect.NativeConstructorAccessorImpl.newInstance([Ljava/lang/Object;)Ljava/lang/Object;+85 java.base@9-internal
j  sun.reflect.DelegatingConstructorAccessorImpl.newInstance([Ljava/lang/Object;)Ljava/lang/Object;+5 java.base@9-internal
j  java.lang.reflect.Constructor.newInstance([Ljava/lang/Object;)Ljava/lang/Object;+65 java.base@9-internal
j  sun.font.FontScaler.getScaler(Lsun/font/Font2D;IZI)Lsun/font/FontScaler;+39 java.desktop@9-internal
j  sun.font.TrueTypeFont.getScaler()Lsun/font/FontScaler;+21 java.desktop@9-internal
j  sun.font.FileFontStrike.<init>(Lsun/font/FileFont;Lsun/font/FontStrikeDesc;)V+204 java.desktop@9-internal
j  sun.font.FileFont.createStrike(Lsun/font/FontStrikeDesc;)Lsun/font/FontStrike;+18 java.desktop@9-internal
j  sun.font.Font2D.getStrike(Lsun/font/FontStrikeDesc;Z)Lsun/font/FontStrike;+92 java.desktop@9-internal
j  sun.font.Font2D.getStrike(Lsun/font/FontStrikeDesc;)Lsun/font/FontStrike;+3 java.desktop@9-internal
j  sun.font.CompositeStrike.getStrikeForSlot(I)Lsun/font/PhysicalStrike;+23 java.desktop@9-internal
j  sun.font.CompositeStrike.getFontMetrics()Lsun/font/StrikeMetrics;+31 java.desktop@9-internal
j  sun.font.FontDesignMetrics.initMatrixAndMetrics()V+28 java.desktop@9-internal
j  sun.font.FontDesignMetrics.<init>(Ljava/awt/Font;Ljava/awt/font/FontRenderContext;)V+62 java.desktop@9-internal
j  sun.font.FontDesignMetrics.getMetrics(Ljava/awt/Font;Ljava/awt/font/FontRenderContext;)Lsun/font/FontDesignMetrics;+128 java.desktop@9-internal
j  sun.swing.SwingUtilities2.getFontMetrics(Ljavax/swing/JComponent;Ljava/awt/Font;)Ljava/awt/FontMetrics;+15 java.desktop@9-internal
j  javax.swing.JComponent.getFontMetrics(Ljava/awt/Font;)Ljava/awt/FontMetrics;+2 java.desktop@9-internal
j  javax.swing.plaf.basic.BasicLabelUI.getPreferredSize(Ljavax/swing/JComponent;)Ljava/awt/Dimension;+144 java.desktop@9-internal
j  javax.swing.JComponent.getPreferredSize()Ljava/awt/Dimension;+26 java.desktop@9-internal
j  javax.swing.JSlider.updateLabelUIs()V+44 java.desktop@9-internal
j  javax.swing.JSlider.setLabelTable(Ljava/util/Dictionary;)V+11 java.desktop@9-internal
j  javax.swing.JSlider.setPaintLabels(Z)V+33 java.desktop@9-internal
j  robot.<init>()V+581
j  robot.main([Ljava/lang/String;)V+8
v  ~StubRoutines::call_stub

siginfo: si_signo: 11 (SIGSEGV), si_code: 1 (SEGV_MAPERR), si_addr: 0x0000000000000000

Register to memory mapping:

RAX=0x0000000000000000 is an unknown value
RBX=0x0000000000000000 is an unknown value
RCX=0x0000000000000000 is an unknown value
RDX=0x0000000000010002 is an unknown value
RSP=0x00007f8453abe3b0 is pointing into the stack for thread: 0x00007f844c011000
RBP=0x00007f8453abe3c0 is pointing into the stack for thread: 0x00007f844c011000
RSI=0x0000000000010002 is an unknown value
RDI=0x0000000000000000 is an unknown value
R8 =0x0000000000000000 is an unknown value
R9 =0x0000000000000000 is an unknown value
R10=0x00000000000001db is an unknown value
R11=0x00007f8450c80ff0: JNU_GetEnv+0x0000000000000000 in /usr/lib/jvm/java-9-openjdk-amd64/lib/amd64/libjava.so at 0x00007f8450c64000
R12=0x00007f844c2dfa40 is an unknown value
R13=0x0000000000000000 is an unknown value
R14=0x0000000000000000 is an unknown value
R15=0x00007f844c36fe30 is an unknown value


Registers:
RAX=0x0000000000000000, RBX=0x0000000000000000, RCX=0x0000000000000000, RDX=0x0000000000010002
RSP=0x00007f8453abe3b0, RBP=0x00007f8453abe3c0, RSI=0x0000000000010002, RDI=0x0000000000000000
R8 =0x0000000000000000, R9 =0x0000000000000000, R10=0x00000000000001db, R11=0x00007f8450c80ff0
R12=0x00007f844c2dfa40, R13=0x0000000000000000, R14=0x0000000000000000, R15=0x00007f844c36fe30
RIP=0x00007f8450c81009, EFLAGS=0x0000000000010246, CSGSFS=0x002b000000000033, ERR=0x0000000000000004
  TRAPNO=0x000000000000000e

Top of Stack: (sp=0x00007f8453abe3b0)
0x00007f8453abe3b0:   0000000000000000 d42cae0764fc2c00
0x00007f8453abe3c0:   00007f8453abe400 00007f83fc9b5f8e
0x00007f8453abe3d0:   00007f844c36f440 00007f844c2dfa40
0x00007f8453abe3e0:   0000000000000000 0000000000000000
0x00007f8453abe3f0:   00007f844c2dfa40 00007f844c36fe30
0x00007f8453abe400:   0000000000000000 00007f83fc6ecd2b
0x00007f8453abe410:   0000000000000000 00007f83fc97ed80
0x00007f8453abe420:   0000000000000000 00007f83fc7008e0
0x00007f8453abe430:   0000000000000002 0000003200000008
0x00007f8453abe440:   0000000000000000 0000000000000000
0x00007f8453abe450:   0000006e0000005b 0000000000000000
0x00007f8453abe460:   0000000000000000 0000007c00000077
0x00007f8453abe470:   0000000000000000 0000000000000000
0x00007f8453abe480:   000000004e8b41d0 468b41e04e8b45e8
0x00007f8453abe490:   0000000000000000 00007f844c000020
0x00007f8453abe4a0:   0000000000000070 00007f8453abe554
0x00007f8453abe4b0:   00007f844c36f440 00007f844c36fe30
0x00007f8453abe4c0:   00007f8453abe554 00007f845338f184
0x00007f8453abe4d0:   00007f8453abe620 00007f8453abe504
0x00007f8453abe4e0:   00007f83fc97b9e0 d42cae0764fc2c00
0x00007f8453abe4f0:   0000000000000070 00007f844c2dfb50
0x00007f8453abe500:   00007f83fc97b9e0 00007f8453abe618
0x00007f8453abe510:   00007f844c36f440 00007f844c36fe30
0x00007f8453abe520:   00007f844c370360 00007f83fc6ef4c2
0x00007f8453abe530:   0000000100000000 00007f8453abe620
0x00007f8453abe540:   0000000000000000 0000000000000000
0x00007f8453abe550:   0000000053abe618 d42cae0764fc2c00
0x00007f8453abe560:   00007f844c2dfb50 00007f8453abe620
0x00007f8453abe570:   0000000000000000 00007f844c36f368
0x00007f8453abe580:   00007f8453abe820 00007f844c36f2c8
0x00007f8453abe590:   00007f844c36f440 00007f83fc6f1581
0x00007f8453abe5a0:   00007f8453abe620 00007f83fc6f1376 

Instructions: (pc=0x00007f8450c81009)
0x00007f8450c80fe9:   ff eb ea 0f 1f 40 00 55 89 f2 48 89 e5 48 83 ec
0x00007f8450c80ff9:   10 64 48 8b 04 25 28 00 00 00 48 89 45 f8 31 c0
0x00007f8450c81009:   48 8b 07 48 8d 75 f0 ff 50 30 48 8b 4d f8 64 48
0x00007f8450c81019:   33 0c 25 28 00 00 00 48 8b 45 f0 75 02 c9 c3 e8 


---------------  P R O C E S S  ---------------

Java Threads: ( => current thread )
  0x00007f83b4001000 JavaThread "SeedGenerator Thread" daemon [_thread_blocked, id=15110, stack(0x00007f83d09f7000,0x00007f83d0af8000)]
  0x00007f844c7aa000 JavaThread "SeedGenerator Thread" daemon [_thread_in_Java, id=15089, stack(0x00007f83d0af8000,0x00007f83d0bf9000)]
  0x00007f844c430800 JavaThread "AWT-XAWT" daemon [_thread_in_native, id=15088, stack(0x00007f83fc0a7000,0x00007f83fc1a8000)]
  0x00007f844c409000 JavaThread "Java2D Disposer" daemon [_thread_blocked, id=15087, stack(0x00007f83fc3b2000,0x00007f83fc4b3000)]
  0x00007f844c2f4000 JavaThread "Service Thread" daemon [_thread_blocked, id=15085, stack(0x00007f83fe411000,0x00007f83fe512000)]
  0x00007f844c236000 JavaThread "Common-Cleaner" daemon [_thread_blocked, id=15084, stack(0x00007f83fe512000,0x00007f83fe613000)]
  0x00007f844c227000 JavaThread "Sweeper thread" daemon [_thread_blocked, id=15083, stack(0x00007f83fea3d000,0x00007f83feb3e000)]
  0x00007f844c225800 JavaThread "C1 CompilerThread2" daemon [_thread_blocked, id=15082, stack(0x00007f83feb3e000,0x00007f83fec3f000)]
  0x00007f844c223800 JavaThread "C2 CompilerThread1" daemon [_thread_blocked, id=15081, stack(0x00007f83fec3f000,0x00007f83fed40000)]
  0x00007f844c221800 JavaThread "C2 CompilerThread0" daemon [_thread_blocked, id=15080, stack(0x00007f83fed40000,0x00007f83fee41000)]
  0x00007f844c21d800 JavaThread "Signal Dispatcher" daemon [_thread_blocked, id=15079, stack(0x00007f84040f9000,0x00007f84041fa000)]
  0x00007f844c21b000 JavaThread "Surrogate Locker Thread (Concurrent GC)" daemon [_thread_blocked, id=15078, stack(0x00007f84041fa000,0x00007f84042fb000)]
  0x00007f844c209800 JavaThread "Finalizer" daemon [_thread_blocked, id=15077, stack(0x00007f84042fb000,0x00007f84043fc000)]
  0x00007f844c1fd800 JavaThread "Reference Handler" daemon [_thread_blocked, id=15076, stack(0x00007f84043fc000,0x00007f84044fd000)]
=>0x00007f844c011000 JavaThread "main" [_thread_in_native, id=15063, stack(0x00007f84539c0000,0x00007f8453ac1000)]

Other Threads:
  0x00007f844c1f3800 VMThread [stack: 0x00007f84044fd000,0x00007f84045fe000] [id=15075]
  0x00007f844c2f7000 WatcherThread [stack: 0x00007f83fe310000,0x00007f83fe411000] [id=15086]

Threads with active compile tasks:

VM state:not at safepoint (normal execution)

VM Mutex/Monitor currently owned by a thread: None

heap address: 0x00000006c6a00000, size: 3990 MB, Compressed Oops mode: Zero based, Oop shift amount: 3
Narrow klass base: 0x0000000000000000, Narrow klass shift: 3
Compressed class space size: 1073741824 Address: 0x00000007c0000000

Heap:
 garbage-first heap   total 256000K, used 7168K [0x00000006c6a00000, 0x00000006c6b007d0, 0x00000007c0000000)
  region size 1024K, 8 young (8192K), 0 survivors (0K)
 Metaspace       used 11448K, capacity 11888K, committed 12288K, reserved 1060864K
  class space    used 1297K, capacity 1446K, committed 1536K, reserved 1048576K

Heap Regions: E=young(eden), S=young(survivor), O=old, HS=humongous(starts), HC=humongous(continues), CS=collection set, F=free, A=archive, TS=gc time stamp, AC=allocation context, TAMS=top-at-mark-start (previous, next)
|   0|0x00000006c6a00000, 0x00000006c6a00000, 0x00000006c6b00000|  0%| F|  |TS  0|AC  0|TAMS 0x00000006c6a00000, 0x00000006c6a00000|
|   1|0x00000006c6b00000, 0x00000006c6b00000, 0x00000006c6c00000|  0%| F|  |TS  0|AC  0|TAMS 0x00000006c6b00000, 0x00000006c6b00000|
|   2|0x00000006c6c00000, 0x00000006c6c00000, 0x00000006c6d00000|  0%| F|  |TS  0|AC  0|TAMS 0x00000006c6c00000, 0x00000006c6c00000|
|   3|0x00000006c6d00000, 0x00000006c6d00000, 0x00000006c6e00000|  0%| F|  |TS  0|AC  0|TAMS 0x00000006c6d00000, 0x00000006c6d00000|
|   4|0x00000006c6e00000, 0x00000006c6e00000, 0x00000006c6f00000|  0%| F|  |TS  0|AC  0|TAMS 0x00000006c6e00000, 0x00000006c6e00000|
|   5|0x00000006c6f00000, 0x00000006c6f00000, 0x00000006c7000000|  0%| F|  |TS  0|AC  0|TAMS 0x00000006c6f00000, 0x00000006c6f00000|
|   6|0x00000006c7000000, 0x00000006c7000000, 0x00000006c7100000|  0%| F|  |TS  0|AC  0|TAMS 0x00000006c7000000, 0x00000006c7000000|
|   7|0x00000006c7100000, 0x00000006c7100000, 0x00000006c7200000|  0%| F|  |TS  0|AC  0|TAMS 0x00000006c7100000, 0x00000006c7100000|
|   8|0x00000006c7200000, 0x00000006c7200000, 0x00000006c7300000|  0%| F|  |TS  0|AC  0|TAMS 0x00000006c7200000, 0x00000006c7200000|
|   9|0x00000006c7300000, 0x00000006c7300000, 0x00000006c7400000|  0%| F|  |TS  0|AC  0|TAMS 0x00000006c7300000, 0x00000006c7300000|
|  10|0x00000006c7400000, 0x00000006c7400000, 0x00000006c7500000|  0%| F|  |TS  0|AC  0|TAMS 0x00000006c7400000, 0x00000006c7400000|
|  11|0x00000006c7500000, 0x00000006c7500000, 0x00000006c7600000|  0%| F|  |TS  0|AC  0|TAMS 0x00000006c7500000, 0x00000006c7500000|
|  12|0x00000006c7600000, 0x00000006c7600000, 0x00000006c7700000|  0%| F|  |TS  0|AC  0|TAMS 0x00000006c7600000, 0x00000006c7600000|
|  13|0x00000006c7700000, 0x00000006c7700000, 0x00000006c7800000|  0%| F|  |TS  0|AC  0|TAMS 0x00000006c7700000, 0x00000006c7700000|
|  14|0x00000006c7800000, 0x00000006c7800000, 0x00000006c7900000|  0%| F|  |TS  0|AC  0|TAMS 0x00000006c7800000, 0x00000006c7800000|
|  15|0x00000006c7900000, 0x00000006c7900000, 0x00000006c7a00000|  0%| F|  |TS  0|AC  0|TAMS 0x00000006c7900000, 0x00000006c7900000|
|  16|0x00000006c7a00000, 0x00000006c7a00000, 0x00000006c7b00000|  0%| F|  |TS  0|AC  0|TAMS 0x00000006c7a00000, 0x00000006c7a00000|
|  17|0x00000006c7b00000, 0x00000006c7b00000, 0x00000006c7c00000|  0%| F|  |TS  0|AC  0|TAMS 0x00000006c7b00000, 0x00000006c7b00000|
|  18|0x00000006c7c00000, 0x00000006c7c00000, 0x00000006c7d00000|  0%| F|  |TS  0|AC  0|TAMS 0x00000006c7c00000, 0x00000006c7c00000|
|  19|0x00000006c7d00000, 0x00000006c7d00000, 0x00000006c7e00000|  0%| F|  |TS  0|AC  0|TAMS 0x00000006c7d00000, 0x00000006c7d00000|
|  20|0x00000006c7e00000, 0x00000006c7e00000, 0x00000006c7f00000|  0%| F|  |TS  0|AC  0|TAMS 0x00000006c7e00000, 0x00000006c7e00000|
|  21|0x00000006c7f00000, 0x00000006c7f00000, 0x00000006c8000000|  0%| F|  |TS  0|AC  0|TAMS 0x00000006c7f00000, 0x00000006c7f00000|
|  22|0x00000006c8000000, 0x00000006c8000000, 0x00000006c8100000|  0%| F|  |TS  0|AC  0|TAMS 0x00000006c8000000, 0x00000006c8000000|
|  23|0x00000006c8100000, 0x00000006c8100000, 0x00000006c8200000|  0%| F|  |TS  0|AC  0|TAMS 0x00000006c8100000, 0x00000006c8100000|
|  24|0x00000006c8200000, 0x00000006c8200000, 0x00000006c8300000|  0%| F|  |TS  0|AC  0|TAMS 0x00000006c8200000, 0x00000006c8200000|
|  25|0x00000006c8300000, 0x00000006c8300000, 0x00000006c8400000|  0%| F|  |TS  0|AC  0|TAMS 0x00000006c8300000, 0x00000006c8300000|
|  26|0x00000006c8400000, 0x00000006c8400000, 0x00000006c8500000|  0%| F|  |TS  0|AC  0|TAMS 0x00000006c8400000, 0x00000006c8400000|
|  27|0x00000006c8500000, 0x00000006c8500000, 0x00000006c8600000|  0%| F|  |TS  0|AC  0|TAMS 0x00000006c8500000, 0x00000006c8500000|
|  28|0x00000006c8600000, 0x00000006c8600000, 0x00000006c8700000|  0%| F|  |TS  0|AC  0|TAMS 0x00000006c8600000, 0x00000006c8600000|
|  29|0x00000006c8700000, 0x00000006c8700000, 0x00000006c8800000|  0%| F|  |TS  0|AC  0|TAMS 0x00000006c8700000, 0x00000006c8700000|
|  30|0x00000006c8800000, 0x00000006c8800000, 0x00000006c8900000|  0%| F|  |TS  0|AC  0|TAMS 0x00000006c8800000, 0x00000006c8800000|
|  31|0x00000006c8900000, 0x00000006c8900000, 0x00000006c8a00000|  0%| F|  |TS  0|AC  0|TAMS 0x00000006c8900000, 0x00000006c8900000|
|  32|0x00000006c8a00000, 0x00000006c8a00000, 0x00000006c8b00000|  0%| F|  |TS  0|AC  0|TAMS 0x00000006c8a00000, 0x00000006c8a00000|
|  33|0x00000006c8b00000, 0x00000006c8b00000, 0x00000006c8c00000|  0%| F|  |TS  0|AC  0|TAMS 0x00000006c8b00000, 0x00000006c8b00000|
|  34|0x00000006c8c00000, 0x00000006c8c00000, 0x00000006c8d00000|  0%| F|  |TS  0|AC  0|TAMS 0x00000006c8c00000, 0x00000006c8c00000|
|  35|0x00000006c8d00000, 0x00000006c8d00000, 0x00000006c8e00000|  0%| F|  |TS  0|AC  0|TAMS 0x00000006c8d00000, 0x00000006c8d00000|
|  36|0x00000006c8e00000, 0x00000006c8e00000, 0x00000006c8f00000|  0%| F|  |TS  0|AC  0|TAMS 0x00000006c8e00000, 0x00000006c8e00000|
|  37|0x00000006c8f00000, 0x00000006c8f00000, 0x00000006c9000000|  0%| F|  |TS  0|AC  0|TAMS 0x00000006c8f00000, 0x00000006c8f00000|
|  38|0x00000006c9000000, 0x00000006c9000000, 0x00000006c9100000|  0%| F|  |TS  0|AC  0|TAMS 0x00000006c9000000, 0x00000006c9000000|
|  39|0x00000006c9100000, 0x00000006c9100000, 0x00000006c9200000|  0%| F|  |TS  0|AC  0|TAMS 0x00000006c9100000, 0x00000006c9100000|
|  40|0x00000006c9200000, 0x00000006c9200000, 0x00000006c9300000|  0%| F|  |TS  0|AC  0|TAMS 0x00000006c9200000, 0x00000006c9200000|
|  41|0x00000006c9300000, 0x00000006c9300000, 0x00000006c9400000|  0%| F|  |TS  0|AC  0|TAMS 0x00000006c9300000, 0x00000006c9300000|
|  42|0x00000006c9400000, 0x00000006c9400000, 0x00000006c9500000|  0%| F|  |TS  0|AC  0|TAMS 0x00000006c9400000, 0x00000006c9400000|
|  43|0x00000006c9500000, 0x00000006c9500000, 0x00000006c9600000|  0%| F|  |TS  0|AC  0|TAMS 0x00000006c9500000, 0x00000006c9500000|
|  44|0x00000006c9600000, 0x00000006c9600000, 0x00000006c9700000|  0%| F|  |TS  0|AC  0|TAMS 0x00000006c9600000, 0x00000006c9600000|
|  45|0x00000006c9700000, 0x00000006c9700000, 0x00000006c9800000|  0%| F|  |TS  0|AC  0|TAMS 0x00000006c9700000, 0x00000006c9700000|
|  46|0x00000006c9800000, 0x00000006c9800000, 0x00000006c9900000|  0%| F|  |TS  0|AC  0|TAMS 0x00000006c9800000, 0x00000006c9800000|
|  47|0x00000006c9900000, 0x00000006c9900000, 0x00000006c9a00000|  0%| F|  |TS  0|AC  0|TAMS 0x00000006c9900000, 0x00000006c9900000|
|  48|0x00000006c9a00000, 0x00000006c9a00000, 0x00000006c9b00000|  0%| F|  |TS  0|AC  0|TAMS 0x00000006c9a00000, 0x00000006c9a00000|
|  49|0x00000006c9b00000, 0x00000006c9b00000, 0x00000006c9c00000|  0%| F|  |TS  0|AC  0|TAMS 0x00000006c9b00000, 0x00000006c9b00000|
|  50|0x00000006c9c00000, 0x00000006c9c00000, 0x00000006c9d00000|  0%| F|  |TS  0|AC  0|TAMS 0x00000006c9c00000, 0x00000006c9c00000|
|  51|0x00000006c9d00000, 0x00000006c9d00000, 0x00000006c9e00000|  0%| F|  |TS  0|AC  0|TAMS 0x00000006c9d00000, 0x00000006c9d00000|
|  52|0x00000006c9e00000, 0x00000006c9e00000, 0x00000006c9f00000|  0%| F|  |TS  0|AC  0|TAMS 0x00000006c9e00000, 0x00000006c9e00000|
|  53|0x00000006c9f00000, 0x00000006c9f00000, 0x00000006ca000000|  0%| F|  |TS  0|AC  0|TAMS 0x00000006c9f00000, 0x00000006c9f00000|
|  54|0x00000006ca000000, 0x00000006ca000000, 0x00000006ca100000|  0%| F|  |TS  0|AC  0|TAMS 0x00000006ca000000, 0x00000006ca000000|
|  55|0x00000006ca100000, 0x00000006ca100000, 0x00000006ca200000|  0%| F|  |TS  0|AC  0|TAMS 0x00000006ca100000, 0x00000006ca100000|
|  56|0x00000006ca200000, 0x00000006ca200000, 0x00000006ca300000|  0%| F|  |TS  0|AC  0|TAMS 0x00000006ca200000, 0x00000006ca200000|
|  57|0x00000006ca300000, 0x00000006ca300000, 0x00000006ca400000|  0%| F|  |TS  0|AC  0|TAMS 0x00000006ca300000, 0x00000006ca300000|
|  58|0x00000006ca400000, 0x00000006ca400000, 0x00000006ca500000|  0%| F|  |TS  0|AC  0|TAMS 0x00000006ca400000, 0x00000006ca400000|
|  59|0x00000006ca500000, 0x00000006ca500000, 0x00000006ca600000|  0%| F|  |TS  0|AC  0|TAMS 0x00000006ca500000, 0x00000006ca500000|
|  60|0x00000006ca600000, 0x00000006ca600000, 0x00000006ca700000|  0%| F|  |TS  0|AC  0|TAMS 0x00000006ca600000, 0x00000006ca600000|
|  61|0x00000006ca700000, 0x00000006ca700000, 0x00000006ca800000|  0%| F|  |TS  0|AC  0|TAMS 0x00000006ca700000, 0x00000006ca700000|
|  62|0x00000006ca800000, 0x00000006ca800000, 0x00000006ca900000|  0%| F|  |TS  0|AC  0|TAMS 0x00000006ca800000, 0x00000006ca800000|
|  63|0x00000006ca900000, 0x00000006ca900000, 0x00000006caa00000|  0%| F|  |TS  0|AC  0|TAMS 0x00000006ca900000, 0x00000006ca900000|
|  64|0x00000006caa00000, 0x00000006caa00000, 0x00000006cab00000|  0%| F|  |TS  0|AC  0|TAMS 0x00000006caa00000, 0x00000006caa00000|
|  65|0x00000006cab00000, 0x00000006cab00000, 0x00000006cac00000|  0%| F|  |TS  0|AC  0|TAMS 0x00000006cab00000, 0x00000006cab00000|
|  66|0x00000006cac00000, 0x00000006cac00000, 0x00000006cad00000|  0%| F|  |TS  0|AC  0|TAMS 0x00000006cac00000, 0x00000006cac00000|
|  67|0x00000006cad00000, 0x00000006cad00000, 0x00000006cae00000|  0%| F|  |TS  0|AC  0|TAMS 0x00000006cad00000, 0x00000006cad00000|
|  68|0x00000006cae00000, 0x00000006cae00000, 0x00000006caf00000|  0%| F|  |TS  0|AC  0|TAMS 0x00000006cae00000, 0x00000006cae00000|
|  69|0x00000006caf00000, 0x00000006caf00000, 0x00000006cb000000|  0%| F|  |TS  0|AC  0|TAMS 0x00000006caf00000, 0x00000006caf00000|
|  70|0x00000006cb000000, 0x00000006cb000000, 0x00000006cb100000|  0%| F|  |TS  0|AC  0|TAMS 0x00000006cb000000, 0x00000006cb000000|
|  71|0x00000006cb100000, 0x00000006cb100000, 0x00000006cb200000|  0%| F|  |TS  0|AC  0|TAMS 0x00000006cb100000, 0x00000006cb100000|
|  72|0x00000006cb200000, 0x00000006cb200000, 0x00000006cb300000|  0%| F|  |TS  0|AC  0|TAMS 0x00000006cb200000, 0x00000006cb200000|
|  73|0x00000006cb300000, 0x00000006cb300000, 0x00000006cb400000|  0%| F|  |TS  0|AC  0|TAMS 0x00000006cb300000, 0x00000006cb300000|
|  74|0x00000006cb400000, 0x00000006cb400000, 0x00000006cb500000|  0%| F|  |TS  0|AC  0|TAMS 0x00000006cb400000, 0x00000006cb400000|
|  75|0x00000006cb500000, 0x00000006cb500000, 0x00000006cb600000|  0%| F|  |TS  0|AC  0|TAMS 0x00000006cb500000, 0x00000006cb500000|
|  76|0x00000006cb600000, 0x00000006cb600000, 0x00000006cb700000|  0%| F|  |TS  0|AC  0|TAMS 0x00000006cb600000, 0x00000006cb600000|
|  77|0x00000006cb700000, 0x00000006cb700000, 0x00000006cb800000|  0%| F|  |TS  0|AC  0|TAMS 0x00000006cb700000, 0x00000006cb700000|
|  78|0x00000006cb800000, 0x00000006cb800000, 0x00000006cb900000|  0%| F|  |TS  0|AC  0|TAMS 0x00000006cb800000, 0x00000006cb800000|
|  79|0x00000006cb900000, 0x00000006cb900000, 0x00000006cba00000|  0%| F|  |TS  0|AC  0|TAMS 0x00000006cb900000, 0x00000006cb900000|
|  80|0x00000006cba00000, 0x00000006cba00000, 0x00000006cbb00000|  0%| F|  |TS  0|AC  0|TAMS 0x00000006cba00000, 0x00000006cba00000|
|  81|0x00000006cbb00000, 0x00000006cbb00000, 0x00000006cbc00000|  0%| F|  |TS  0|AC  0|TAMS 0x00000006cbb00000, 0x00000006cbb00000|
|  82|0x00000006cbc00000, 0x00000006cbc00000, 0x00000006cbd00000|  0%| F|  |TS  0|AC  0|TAMS 0x00000006cbc00000, 0x00000006cbc00000|
|  83|0x00000006cbd00000, 0x00000006cbd00000, 0x00000006cbe00000|  0%| F|  |TS  0|AC  0|TAMS 0x00000006cbd00000, 0x00000006cbd00000|
|  84|0x00000006cbe00000, 0x00000006cbe00000, 0x00000006cbf00000|  0%| F|  |TS  0|AC  0|TAMS 0x00000006cbe00000, 0x00000006cbe00000|
|  85|0x00000006cbf00000, 0x00000006cbf00000, 0x00000006cc000000|  0%| F|  |TS  0|AC  0|TAMS 0x00000006cbf00000, 0x00000006cbf00000|
|  86|0x00000006cc000000, 0x00000006cc000000, 0x00000006cc100000|  0%| F|  |TS  0|AC  0|TAMS 0x00000006cc000000, 0x00000006cc000000|
|  87|0x00000006cc100000, 0x00000006cc100000, 0x00000006cc200000|  0%| F|  |TS  0|AC  0|TAMS 0x00000006cc100000, 0x00000006cc100000|
|  88|0x00000006cc200000, 0x00000006cc200000, 0x00000006cc300000|  0%| F|  |TS  0|AC  0|TAMS 0x00000006cc200000, 0x00000006cc200000|
|  89|0x00000006cc300000, 0x00000006cc300000, 0x00000006cc400000|  0%| F|  |TS  0|AC  0|TAMS 0x00000006cc300000, 0x00000006cc300000|
|  90|0x00000006cc400000, 0x00000006cc400000, 0x00000006cc500000|  0%| F|  |TS  0|AC  0|TAMS 0x00000006cc400000, 0x00000006cc400000|
|  91|0x00000006cc500000, 0x00000006cc500000, 0x00000006cc600000|  0%| F|  |TS  0|AC  0|TAMS 0x00000006cc500000, 0x00000006cc500000|
|  92|0x00000006cc600000, 0x00000006cc600000, 0x00000006cc700000|  0%| F|  |TS  0|AC  0|TAMS 0x00000006cc600000, 0x00000006cc600000|
|  93|0x00000006cc700000, 0x00000006cc700000, 0x00000006cc800000|  0%| F|  |TS  0|AC  0|TAMS 0x00000006cc700000, 0x00000006cc700000|
|  94|0x00000006cc800000, 0x00000006cc800000, 0x00000006cc900000|  0%| F|  |TS  0|AC  0|TAMS 0x00000006cc800000, 0x00000006cc800000|
|  95|0x00000006cc900000, 0x00000006cc900000, 0x00000006cca00000|  0%| F|  |TS  0|AC  0|TAMS 0x00000006cc900000, 0x00000006cc900000|
|  96|0x00000006cca00000, 0x00000006cca00000, 0x00000006ccb00000|  0%| F|  |TS  0|AC  0|TAMS 0x00000006cca00000, 0x00000006cca00000|
|  97|0x00000006ccb00000, 0x00000006ccb00000, 0x00000006ccc00000|  0%| F|  |TS  0|AC  0|TAMS 0x00000006ccb00000, 0x00000006ccb00000|
|  98|0x00000006ccc00000, 0x00000006ccc00000, 0x00000006ccd00000|  0%| F|  |TS  0|AC  0|TAMS 0x00000006ccc00000, 0x00000006ccc00000|
|  99|0x00000006ccd00000, 0x00000006ccd00000, 0x00000006cce00000|  0%| F|  |TS  0|AC  0|TAMS 0x00000006ccd00000, 0x00000006ccd00000|
| 100|0x00000006cce00000, 0x00000006cce00000, 0x00000006ccf00000|  0%| F|  |TS  0|AC  0|TAMS 0x00000006cce00000, 0x00000006cce00000|
| 101|0x00000006ccf00000, 0x00000006ccf00000, 0x00000006cd000000|  0%| F|  |TS  0|AC  0|TAMS 0x00000006ccf00000, 0x00000006ccf00000|
| 102|0x00000006cd000000, 0x00000006cd000000, 0x00000006cd100000|  0%| F|  |TS  0|AC  0|TAMS 0x00000006cd000000, 0x00000006cd000000|
| 103|0x00000006cd100000, 0x00000006cd100000, 0x00000006cd200000|  0%| F|  |TS  0|AC  0|TAMS 0x00000006cd100000, 0x00000006cd100000|
| 104|0x00000006cd200000, 0x00000006cd200000, 0x00000006cd300000|  0%| F|  |TS  0|AC  0|TAMS 0x00000006cd200000, 0x00000006cd200000|
| 105|0x00000006cd300000, 0x00000006cd300000, 0x00000006cd400000|  0%| F|  |TS  0|AC  0|TAMS 0x00000006cd300000, 0x00000006cd300000|
| 106|0x00000006cd400000, 0x00000006cd400000, 0x00000006cd500000|  0%| F|  |TS  0|AC  0|TAMS 0x00000006cd400000, 0x00000006cd400000|
| 107|0x00000006cd500000, 0x00000006cd500000, 0x00000006cd600000|  0%| F|  |TS  0|AC  0|TAMS 0x00000006cd500000, 0x00000006cd500000|
| 108|0x00000006cd600000, 0x00000006cd600000, 0x00000006cd700000|  0%| F|  |TS  0|AC  0|TAMS 0x00000006cd600000, 0x00000006cd600000|
| 109|0x00000006cd700000, 0x00000006cd700000, 0x00000006cd800000|  0%| F|  |TS  0|AC  0|TAMS 0x00000006cd700000, 0x00000006cd700000|
| 110|0x00000006cd800000, 0x00000006cd800000, 0x00000006cd900000|  0%| F|  |TS  0|AC  0|TAMS 0x00000006cd800000, 0x00000006cd800000|
| 111|0x00000006cd900000, 0x00000006cd900000, 0x00000006cda00000|  0%| F|  |TS  0|AC  0|TAMS 0x00000006cd900000, 0x00000006cd900000|
| 112|0x00000006cda00000, 0x00000006cda00000, 0x00000006cdb00000|  0%| F|  |TS  0|AC  0|TAMS 0x00000006cda00000, 0x00000006cda00000|
| 113|0x00000006cdb00000, 0x00000006cdb00000, 0x00000006cdc00000|  0%| F|  |TS  0|AC  0|TAMS 0x00000006cdb00000, 0x00000006cdb00000|
| 114|0x00000006cdc00000, 0x00000006cdc00000, 0x00000006cdd00000|  0%| F|  |TS  0|AC  0|TAMS 0x00000006cdc00000, 0x00000006cdc00000|
| 115|0x00000006cdd00000, 0x00000006cdd00000, 0x00000006cde00000|  0%| F|  |TS  0|AC  0|TAMS 0x00000006cdd00000, 0x00000006cdd00000|
| 116|0x00000006cde00000, 0x00000006cde00000, 0x00000006cdf00000|  0%| F|  |TS  0|AC  0|TAMS 0x00000006cde00000, 0x00000006cde00000|
| 117|0x00000006cdf00000, 0x00000006cdf00000, 0x00000006ce000000|  0%| F|  |TS  0|AC  0|TAMS 0x00000006cdf00000, 0x00000006cdf00000|
| 118|0x00000006ce000000, 0x00000006ce000000, 0x00000006ce100000|  0%| F|  |TS  0|AC  0|TAMS 0x00000006ce000000, 0x00000006ce000000|
| 119|0x00000006ce100000, 0x00000006ce100000, 0x00000006ce200000|  0%| F|  |TS  0|AC  0|TAMS 0x00000006ce100000, 0x00000006ce100000|
| 120|0x00000006ce200000, 0x00000006ce200000, 0x00000006ce300000|  0%| F|  |TS  0|AC  0|TAMS 0x00000006ce200000, 0x00000006ce200000|
| 121|0x00000006ce300000, 0x00000006ce300000, 0x00000006ce400000|  0%| F|  |TS  0|AC  0|TAMS 0x00000006ce300000, 0x00000006ce300000|
| 122|0x00000006ce400000, 0x00000006ce400000, 0x00000006ce500000|  0%| F|  |TS  0|AC  0|TAMS 0x00000006ce400000, 0x00000006ce400000|
| 123|0x00000006ce500000, 0x00000006ce500000, 0x00000006ce600000|  0%| F|  |TS  0|AC  0|TAMS 0x00000006ce500000, 0x00000006ce500000|
| 124|0x00000006ce600000, 0x00000006ce600000, 0x00000006ce700000|  0%| F|  |TS  0|AC  0|TAMS 0x00000006ce600000, 0x00000006ce600000|
| 125|0x00000006ce700000, 0x00000006ce700000, 0x00000006ce800000|  0%| F|  |TS  0|AC  0|TAMS 0x00000006ce700000, 0x00000006ce700000|
| 126|0x00000006ce800000, 0x00000006ce800000, 0x00000006ce900000|  0%| F|  |TS  0|AC  0|TAMS 0x00000006ce800000, 0x00000006ce800000|
| 127|0x00000006ce900000, 0x00000006ce900000, 0x00000006cea00000|  0%| F|  |TS  0|AC  0|TAMS 0x00000006ce900000, 0x00000006ce900000|
| 128|0x00000006cea00000, 0x00000006cea00000, 0x00000006ceb00000|  0%| F|  |TS  0|AC  0|TAMS 0x00000006cea00000, 0x00000006cea00000|
| 129|0x00000006ceb00000, 0x00000006ceb00000, 0x00000006cec00000|  0%| F|  |TS  0|AC  0|TAMS 0x00000006ceb00000, 0x00000006ceb00000|
| 130|0x00000006cec00000, 0x00000006cec00000, 0x00000006ced00000|  0%| F|  |TS  0|AC  0|TAMS 0x00000006cec00000, 0x00000006cec00000|
| 131|0x00000006ced00000, 0x00000006ced00000, 0x00000006cee00000|  0%| F|  |TS  0|AC  0|TAMS 0x00000006ced00000, 0x00000006ced00000|
| 132|0x00000006cee00000, 0x00000006cee00000, 0x00000006cef00000|  0%| F|  |TS  0|AC  0|TAMS 0x00000006cee00000, 0x00000006cee00000|
| 133|0x00000006cef00000, 0x00000006cef00000, 0x00000006cf000000|  0%| F|  |TS  0|AC  0|TAMS 0x00000006cef00000, 0x00000006cef00000|
| 134|0x00000006cf000000, 0x00000006cf000000, 0x00000006cf100000|  0%| F|  |TS  0|AC  0|TAMS 0x00000006cf000000, 0x00000006cf000000|
| 135|0x00000006cf100000, 0x00000006cf100000, 0x00000006cf200000|  0%| F|  |TS  0|AC  0|TAMS 0x00000006cf100000, 0x00000006cf100000|
| 136|0x00000006cf200000, 0x00000006cf200000, 0x00000006cf300000|  0%| F|  |TS  0|AC  0|TAMS 0x00000006cf200000, 0x00000006cf200000|
| 137|0x00000006cf300000, 0x00000006cf300000, 0x00000006cf400000|  0%| F|  |TS  0|AC  0|TAMS 0x00000006cf300000, 0x00000006cf300000|
| 138|0x00000006cf400000, 0x00000006cf400000, 0x00000006cf500000|  0%| F|  |TS  0|AC  0|TAMS 0x00000006cf400000, 0x00000006cf400000|
| 139|0x00000006cf500000, 0x00000006cf500000, 0x00000006cf600000|  0%| F|  |TS  0|AC  0|TAMS 0x00000006cf500000, 0x00000006cf500000|
| 140|0x00000006cf600000, 0x00000006cf600000, 0x00000006cf700000|  0%| F|  |TS  0|AC  0|TAMS 0x00000006cf600000, 0x00000006cf600000|
| 141|0x00000006cf700000, 0x00000006cf700000, 0x00000006cf800000|  0%| F|  |TS  0|AC  0|TAMS 0x00000006cf700000, 0x00000006cf700000|
| 142|0x00000006cf800000, 0x00000006cf800000, 0x00000006cf900000|  0%| F|  |TS  0|AC  0|TAMS 0x00000006cf800000, 0x00000006cf800000|
| 143|0x00000006cf900000, 0x00000006cf900000, 0x00000006cfa00000|  0%| F|  |TS  0|AC  0|TAMS 0x00000006cf900000, 0x00000006cf900000|
| 144|0x00000006cfa00000, 0x00000006cfa00000, 0x00000006cfb00000|  0%| F|  |TS  0|AC  0|TAMS 0x00000006cfa00000, 0x00000006cfa00000|
| 145|0x00000006cfb00000, 0x00000006cfb00000, 0x00000006cfc00000|  0%| F|  |TS  0|AC  0|TAMS 0x00000006cfb00000, 0x00000006cfb00000|
| 146|0x00000006cfc00000, 0x00000006cfc00000, 0x00000006cfd00000|  0%| F|  |TS  0|AC  0|TAMS 0x00000006cfc00000, 0x00000006cfc00000|
| 147|0x00000006cfd00000, 0x00000006cfd00000, 0x00000006cfe00000|  0%| F|  |TS  0|AC  0|TAMS 0x00000006cfd00000, 0x00000006cfd00000|
| 148|0x00000006cfe00000, 0x00000006cfe00000, 0x00000006cff00000|  0%| F|  |TS  0|AC  0|TAMS 0x00000006cfe00000, 0x00000006cfe00000|
| 149|0x00000006cff00000, 0x00000006cff00000, 0x00000006d0000000|  0%| F|  |TS  0|AC  0|TAMS 0x00000006cff00000, 0x00000006cff00000|
| 150|0x00000006d0000000, 0x00000006d0000000, 0x00000006d0100000|  0%| F|  |TS  0|AC  0|TAMS 0x00000006d0000000, 0x00000006d0000000|
| 151|0x00000006d0100000, 0x00000006d0100000, 0x00000006d0200000|  0%| F|  |TS  0|AC  0|TAMS 0x00000006d0100000, 0x00000006d0100000|
| 152|0x00000006d0200000, 0x00000006d0200000, 0x00000006d0300000|  0%| F|  |TS  0|AC  0|TAMS 0x00000006d0200000, 0x00000006d0200000|
| 153|0x00000006d0300000, 0x00000006d0300000, 0x00000006d0400000|  0%| F|  |TS  0|AC  0|TAMS 0x00000006d0300000, 0x00000006d0300000|
| 154|0x00000006d0400000, 0x00000006d0400000, 0x00000006d0500000|  0%| F|  |TS  0|AC  0|TAMS 0x00000006d0400000, 0x00000006d0400000|
| 155|0x00000006d0500000, 0x00000006d0500000, 0x00000006d0600000|  0%| F|  |TS  0|AC  0|TAMS 0x00000006d0500000, 0x00000006d0500000|
| 156|0x00000006d0600000, 0x00000006d0600000, 0x00000006d0700000|  0%| F|  |TS  0|AC  0|TAMS 0x00000006d0600000, 0x00000006d0600000|
| 157|0x00000006d0700000, 0x00000006d0700000, 0x00000006d0800000|  0%| F|  |TS  0|AC  0|TAMS 0x00000006d0700000, 0x00000006d0700000|
| 158|0x00000006d0800000, 0x00000006d0800000, 0x00000006d0900000|  0%| F|  |TS  0|AC  0|TAMS 0x00000006d0800000, 0x00000006d0800000|
| 159|0x00000006d0900000, 0x00000006d0900000, 0x00000006d0a00000|  0%| F|  |TS  0|AC  0|TAMS 0x00000006d0900000, 0x00000006d0900000|
| 160|0x00000006d0a00000, 0x00000006d0a00000, 0x00000006d0b00000|  0%| F|  |TS  0|AC  0|TAMS 0x00000006d0a00000, 0x00000006d0a00000|
| 161|0x00000006d0b00000, 0x00000006d0b00000, 0x00000006d0c00000|  0%| F|  |TS  0|AC  0|TAMS 0x00000006d0b00000, 0x00000006d0b00000|
| 162|0x00000006d0c00000, 0x00000006d0c00000, 0x00000006d0d00000|  0%| F|  |TS  0|AC  0|TAMS 0x00000006d0c00000, 0x00000006d0c00000|
| 163|0x00000006d0d00000, 0x00000006d0d00000, 0x00000006d0e00000|  0%| F|  |TS  0|AC  0|TAMS 0x00000006d0d00000, 0x00000006d0d00000|
| 164|0x00000006d0e00000, 0x00000006d0e00000, 0x00000006d0f00000|  0%| F|  |TS  0|AC  0|TAMS 0x00000006d0e00000, 0x00000006d0e00000|
| 165|0x00000006d0f00000, 0x00000006d0f00000, 0x00000006d1000000|  0%| F|  |TS  0|AC  0|TAMS 0x00000006d0f00000, 0x00000006d0f00000|
| 166|0x00000006d1000000, 0x00000006d1000000, 0x00000006d1100000|  0%| F|  |TS  0|AC  0|TAMS 0x00000006d1000000, 0x00000006d1000000|
| 167|0x00000006d1100000, 0x00000006d1100000, 0x00000006d1200000|  0%| F|  |TS  0|AC  0|TAMS 0x00000006d1100000, 0x00000006d1100000|
| 168|0x00000006d1200000, 0x00000006d1200000, 0x00000006d1300000|  0%| F|  |TS  0|AC  0|TAMS 0x00000006d1200000, 0x00000006d1200000|
| 169|0x00000006d1300000, 0x00000006d1300000, 0x00000006d1400000|  0%| F|  |TS  0|AC  0|TAMS 0x00000006d1300000, 0x00000006d1300000|
| 170|0x00000006d1400000, 0x00000006d1400000, 0x00000006d1500000|  0%| F|  |TS  0|AC  0|TAMS 0x00000006d1400000, 0x00000006d1400000|
| 171|0x00000006d1500000, 0x00000006d1500000, 0x00000006d1600000|  0%| F|  |TS  0|AC  0|TAMS 0x00000006d1500000, 0x00000006d1500000|
| 172|0x00000006d1600000, 0x00000006d1600000, 0x00000006d1700000|  0%| F|  |TS  0|AC  0|TAMS 0x00000006d1600000, 0x00000006d1600000|
| 173|0x00000006d1700000, 0x00000006d1700000, 0x00000006d1800000|  0%| F|  |TS  0|AC  0|TAMS 0x00000006d1700000, 0x00000006d1700000|
| 174|0x00000006d1800000, 0x00000006d1800000, 0x00000006d1900000|  0%| F|  |TS  0|AC  0|TAMS 0x00000006d1800000, 0x00000006d1800000|
| 175|0x00000006d1900000, 0x00000006d1900000, 0x00000006d1a00000|  0%| F|  |TS  0|AC  0|TAMS 0x00000006d1900000, 0x00000006d1900000|
| 176|0x00000006d1a00000, 0x00000006d1a00000, 0x00000006d1b00000|  0%| F|  |TS  0|AC  0|TAMS 0x00000006d1a00000, 0x00000006d1a00000|
| 177|0x00000006d1b00000, 0x00000006d1b00000, 0x00000006d1c00000|  0%| F|  |TS  0|AC  0|TAMS 0x00000006d1b00000, 0x00000006d1b00000|
| 178|0x00000006d1c00000, 0x00000006d1c00000, 0x00000006d1d00000|  0%| F|  |TS  0|AC  0|TAMS 0x00000006d1c00000, 0x00000006d1c00000|
| 179|0x00000006d1d00000, 0x00000006d1d00000, 0x00000006d1e00000|  0%| F|  |TS  0|AC  0|TAMS 0x00000006d1d00000, 0x00000006d1d00000|
| 180|0x00000006d1e00000, 0x00000006d1e00000, 0x00000006d1f00000|  0%| F|  |TS  0|AC  0|TAMS 0x00000006d1e00000, 0x00000006d1e00000|
| 181|0x00000006d1f00000, 0x00000006d1f00000, 0x00000006d2000000|  0%| F|  |TS  0|AC  0|TAMS 0x00000006d1f00000, 0x00000006d1f00000|
| 182|0x00000006d2000000, 0x00000006d2000000, 0x00000006d2100000|  0%| F|  |TS  0|AC  0|TAMS 0x00000006d2000000, 0x00000006d2000000|
| 183|0x00000006d2100000, 0x00000006d2100000, 0x00000006d2200000|  0%| F|  |TS  0|AC  0|TAMS 0x00000006d2100000, 0x00000006d2100000|
| 184|0x00000006d2200000, 0x00000006d2200000, 0x00000006d2300000|  0%| F|  |TS  0|AC  0|TAMS 0x00000006d2200000, 0x00000006d2200000|
| 185|0x00000006d2300000, 0x00000006d2300000, 0x00000006d2400000|  0%| F|  |TS  0|AC  0|TAMS 0x00000006d2300000, 0x00000006d2300000|
| 186|0x00000006d2400000, 0x00000006d2400000, 0x00000006d2500000|  0%| F|  |TS  0|AC  0|TAMS 0x00000006d2400000, 0x00000006d2400000|
| 187|0x00000006d2500000, 0x00000006d2500000, 0x00000006d2600000|  0%| F|  |TS  0|AC  0|TAMS 0x00000006d2500000, 0x00000006d2500000|
| 188|0x00000006d2600000, 0x00000006d2600000, 0x00000006d2700000|  0%| F|  |TS  0|AC  0|TAMS 0x00000006d2600000, 0x00000006d2600000|
| 189|0x00000006d2700000, 0x00000006d2700000, 0x00000006d2800000|  0%| F|  |TS  0|AC  0|TAMS 0x00000006d2700000, 0x00000006d2700000|
| 190|0x00000006d2800000, 0x00000006d2800000, 0x00000006d2900000|  0%| F|  |TS  0|AC  0|TAMS 0x00000006d2800000, 0x00000006d2800000|
| 191|0x00000006d2900000, 0x00000006d2900000, 0x00000006d2a00000|  0%| F|  |TS  0|AC  0|TAMS 0x00000006d2900000, 0x00000006d2900000|
| 192|0x00000006d2a00000, 0x00000006d2a00000, 0x00000006d2b00000|  0%| F|  |TS  0|AC  0|TAMS 0x00000006d2a00000, 0x00000006d2a00000|
| 193|0x00000006d2b00000, 0x00000006d2b00000, 0x00000006d2c00000|  0%| F|  |TS  0|AC  0|TAMS 0x00000006d2b00000, 0x00000006d2b00000|
| 194|0x00000006d2c00000, 0x00000006d2c00000, 0x00000006d2d00000|  0%| F|  |TS  0|AC  0|TAMS 0x00000006d2c00000, 0x00000006d2c00000|
| 195|0x00000006d2d00000, 0x00000006d2d00000, 0x00000006d2e00000|  0%| F|  |TS  0|AC  0|TAMS 0x00000006d2d00000, 0x00000006d2d00000|
| 196|0x00000006d2e00000, 0x00000006d2e00000, 0x00000006d2f00000|  0%| F|  |TS  0|AC  0|TAMS 0x00000006d2e00000, 0x00000006d2e00000|
| 197|0x00000006d2f00000, 0x00000006d2f00000, 0x00000006d3000000|  0%| F|  |TS  0|AC  0|TAMS 0x00000006d2f00000, 0x00000006d2f00000|
| 198|0x00000006d3000000, 0x00000006d3000000, 0x00000006d3100000|  0%| F|  |TS  0|AC  0|TAMS 0x00000006d3000000, 0x00000006d3000000|
| 199|0x00000006d3100000, 0x00000006d3100000, 0x00000006d3200000|  0%| F|  |TS  0|AC  0|TAMS 0x00000006d3100000, 0x00000006d3100000|
| 200|0x00000006d3200000, 0x00000006d3200000, 0x00000006d3300000|  0%| F|  |TS  0|AC  0|TAMS 0x00000006d3200000, 0x00000006d3200000|
| 201|0x00000006d3300000, 0x00000006d3300000, 0x00000006d3400000|  0%| F|  |TS  0|AC  0|TAMS 0x00000006d3300000, 0x00000006d3300000|
| 202|0x00000006d3400000, 0x00000006d3400000, 0x00000006d3500000|  0%| F|  |TS  0|AC  0|TAMS 0x00000006d3400000, 0x00000006d3400000|
| 203|0x00000006d3500000, 0x00000006d3500000, 0x00000006d3600000|  0%| F|  |TS  0|AC  0|TAMS 0x00000006d3500000, 0x00000006d3500000|
| 204|0x00000006d3600000, 0x00000006d3600000, 0x00000006d3700000|  0%| F|  |TS  0|AC  0|TAMS 0x00000006d3600000, 0x00000006d3600000|
| 205|0x00000006d3700000, 0x00000006d3700000, 0x00000006d3800000|  0%| F|  |TS  0|AC  0|TAMS 0x00000006d3700000, 0x00000006d3700000|
| 206|0x00000006d3800000, 0x00000006d3800000, 0x00000006d3900000|  0%| F|  |TS  0|AC  0|TAMS 0x00000006d3800000, 0x00000006d3800000|
| 207|0x00000006d3900000, 0x00000006d3900000, 0x00000006d3a00000|  0%| F|  |TS  0|AC  0|TAMS 0x00000006d3900000, 0x00000006d3900000|
| 208|0x00000006d3a00000, 0x00000006d3a00000, 0x00000006d3b00000|  0%| F|  |TS  0|AC  0|TAMS 0x00000006d3a00000, 0x00000006d3a00000|
| 209|0x00000006d3b00000, 0x00000006d3b00000, 0x00000006d3c00000|  0%| F|  |TS  0|AC  0|TAMS 0x00000006d3b00000, 0x00000006d3b00000|
| 210|0x00000006d3c00000, 0x00000006d3c00000, 0x00000006d3d00000|  0%| F|  |TS  0|AC  0|TAMS 0x00000006d3c00000, 0x00000006d3c00000|
| 211|0x00000006d3d00000, 0x00000006d3d00000, 0x00000006d3e00000|  0%| F|  |TS  0|AC  0|TAMS 0x00000006d3d00000, 0x00000006d3d00000|
| 212|0x00000006d3e00000, 0x00000006d3e00000, 0x00000006d3f00000|  0%| F|  |TS  0|AC  0|TAMS 0x00000006d3e00000, 0x00000006d3e00000|
| 213|0x00000006d3f00000, 0x00000006d3f00000, 0x00000006d4000000|  0%| F|  |TS  0|AC  0|TAMS 0x00000006d3f00000, 0x00000006d3f00000|
| 214|0x00000006d4000000, 0x00000006d4000000, 0x00000006d4100000|  0%| F|  |TS  0|AC  0|TAMS 0x00000006d4000000, 0x00000006d4000000|
| 215|0x00000006d4100000, 0x00000006d4100000, 0x00000006d4200000|  0%| F|  |TS  0|AC  0|TAMS 0x00000006d4100000, 0x00000006d4100000|
| 216|0x00000006d4200000, 0x00000006d4200000, 0x00000006d4300000|  0%| F|  |TS  0|AC  0|TAMS 0x00000006d4200000, 0x00000006d4200000|
| 217|0x00000006d4300000, 0x00000006d4300000, 0x00000006d4400000|  0%| F|  |TS  0|AC  0|TAMS 0x00000006d4300000, 0x00000006d4300000|
| 218|0x00000006d4400000, 0x00000006d4400000, 0x00000006d4500000|  0%| F|  |TS  0|AC  0|TAMS 0x00000006d4400000, 0x00000006d4400000|
| 219|0x00000006d4500000, 0x00000006d4500000, 0x00000006d4600000|  0%| F|  |TS  0|AC  0|TAMS 0x00000006d4500000, 0x00000006d4500000|
| 220|0x00000006d4600000, 0x00000006d4600000, 0x00000006d4700000|  0%| F|  |TS  0|AC  0|TAMS 0x00000006d4600000, 0x00000006d4600000|
| 221|0x00000006d4700000, 0x00000006d4700000, 0x00000006d4800000|  0%| F|  |TS  0|AC  0|TAMS 0x00000006d4700000, 0x00000006d4700000|
| 222|0x00000006d4800000, 0x00000006d4800000, 0x00000006d4900000|  0%| F|  |TS  0|AC  0|TAMS 0x00000006d4800000, 0x00000006d4800000|
| 223|0x00000006d4900000, 0x00000006d4900000, 0x00000006d4a00000|  0%| F|  |TS  0|AC  0|TAMS 0x00000006d4900000, 0x00000006d4900000|
| 224|0x00000006d4a00000, 0x00000006d4a00000, 0x00000006d4b00000|  0%| F|  |TS  0|AC  0|TAMS 0x00000006d4a00000, 0x00000006d4a00000|
| 225|0x00000006d4b00000, 0x00000006d4b00000, 0x00000006d4c00000|  0%| F|  |TS  0|AC  0|TAMS 0x00000006d4b00000, 0x00000006d4b00000|
| 226|0x00000006d4c00000, 0x00000006d4c00000, 0x00000006d4d00000|  0%| F|  |TS  0|AC  0|TAMS 0x00000006d4c00000, 0x00000006d4c00000|
| 227|0x00000006d4d00000, 0x00000006d4d00000, 0x00000006d4e00000|  0%| F|  |TS  0|AC  0|TAMS 0x00000006d4d00000, 0x00000006d4d00000|
| 228|0x00000006d4e00000, 0x00000006d4e00000, 0x00000006d4f00000|  0%| F|  |TS  0|AC  0|TAMS 0x00000006d4e00000, 0x00000006d4e00000|
| 229|0x00000006d4f00000, 0x00000006d4f00000, 0x00000006d5000000|  0%| F|  |TS  0|AC  0|TAMS 0x00000006d4f00000, 0x00000006d4f00000|
| 230|0x00000006d5000000, 0x00000006d5000000, 0x00000006d5100000|  0%| F|  |TS  0|AC  0|TAMS 0x00000006d5000000, 0x00000006d5000000|
| 231|0x00000006d5100000, 0x00000006d5100000, 0x00000006d5200000|  0%| F|  |TS  0|AC  0|TAMS 0x00000006d5100000, 0x00000006d5100000|
| 232|0x00000006d5200000, 0x00000006d5200000, 0x00000006d5300000|  0%| F|  |TS  0|AC  0|TAMS 0x00000006d5200000, 0x00000006d5200000|
| 233|0x00000006d5300000, 0x00000006d5300000, 0x00000006d5400000|  0%| F|  |TS  0|AC  0|TAMS 0x00000006d5300000, 0x00000006d5300000|
| 234|0x00000006d5400000, 0x00000006d5400000, 0x00000006d5500000|  0%| F|  |TS  0|AC  0|TAMS 0x00000006d5400000, 0x00000006d5400000|
| 235|0x00000006d5500000, 0x00000006d5500000, 0x00000006d5600000|  0%| F|  |TS  0|AC  0|TAMS 0x00000006d5500000, 0x00000006d5500000|
| 236|0x00000006d5600000, 0x00000006d5600000, 0x00000006d5700000|  0%| F|  |TS  0|AC  0|TAMS 0x00000006d5600000, 0x00000006d5600000|
| 237|0x00000006d5700000, 0x00000006d5700000, 0x00000006d5800000|  0%| F|  |TS  0|AC  0|TAMS 0x00000006d5700000, 0x00000006d5700000|
| 238|0x00000006d5800000, 0x00000006d5800000, 0x00000006d5900000|  0%| F|  |TS  0|AC  0|TAMS 0x00000006d5800000, 0x00000006d5800000|
| 239|0x00000006d5900000, 0x00000006d5900000, 0x00000006d5a00000|  0%| F|  |TS  0|AC  0|TAMS 0x00000006d5900000, 0x00000006d5900000|
| 240|0x00000006d5a00000, 0x00000006d5a00000, 0x00000006d5b00000|  0%| F|  |TS  0|AC  0|TAMS 0x00000006d5a00000, 0x00000006d5a00000|
| 241|0x00000006d5b00000, 0x00000006d5b00000, 0x00000006d5c00000|  0%| F|  |TS  0|AC  0|TAMS 0x00000006d5b00000, 0x00000006d5b00000|
| 242|0x00000006d5c00000, 0x00000006d5c7b690, 0x00000006d5d00000| 48%| E|  |TS  0|AC  0|TAMS 0x00000006d5c00000, 0x00000006d5c00000|
| 243|0x00000006d5d00000, 0x00000006d5e00000, 0x00000006d5e00000|100%| E|CS|TS  0|AC  0|TAMS 0x00000006d5d00000, 0x00000006d5d00000|
| 244|0x00000006d5e00000, 0x00000006d5f00000, 0x00000006d5f00000|100%| E|CS|TS  0|AC  0|TAMS 0x00000006d5e00000, 0x00000006d5e00000|
| 245|0x00000006d5f00000, 0x00000006d6000000, 0x00000006d6000000|100%| E|CS|TS  0|AC  0|TAMS 0x00000006d5f00000, 0x00000006d5f00000|
| 246|0x00000006d6000000, 0x00000006d6100000, 0x00000006d6100000|100%| E|CS|TS  0|AC  0|TAMS 0x00000006d6000000, 0x00000006d6000000|
| 247|0x00000006d6100000, 0x00000006d6200000, 0x00000006d6200000|100%| E|CS|TS  0|AC  0|TAMS 0x00000006d6100000, 0x00000006d6100000|
| 248|0x00000006d6200000, 0x00000006d6300000, 0x00000006d6300000|100%| E|CS|TS  0|AC  0|TAMS 0x00000006d6200000, 0x00000006d6200000|
| 249|0x00000006d6300000, 0x00000006d6400000, 0x00000006d6400000|100%| E|CS|TS  0|AC  0|TAMS 0x00000006d6300000, 0x00000006d6300000|

Card table byte_map: [0x00007f840f06a000,0x00007f840f835000] byte_map_base: 0x00007f840ba35000

Marking Bits (Prev, Next): (CMBitMap*) 0x00007f844c088b60, (CMBitMap*) 0x00007f844c088bb8
 Prev Bits: [0x00007f840aa47000, 0x00007f840e89f000)
 Next Bits: [0x00007f8406bef000, 0x00007f840aa47000)

Polling page: 0x00007f8453b07000

CodeHeap 'non-nmethods': size=5696Kb used=1249Kb max_used=1268Kb free=4446Kb
 bounds [0x00007f8435c51000, 0x00007f8435ec1000, 0x00007f84361e1000]
CodeHeap 'profiled nmethods': size=120032Kb used=921Kb max_used=921Kb free=119110Kb
 bounds [0x00007f84361e1000, 0x00007f8436451000, 0x00007f843d719000]
CodeHeap 'non-profiled nmethods': size=120032Kb used=212Kb max_used=212Kb free=119820Kb
 bounds [0x00007f843d719000, 0x00007f843d989000, 0x00007f8444c51000]
 total_blobs=1266 nmethods=596 adapters=423
 compilation: enabled

Compilation events (10 events):
Event: 5.296 Thread 0x00007f844c225800  587       3       java.io.Writer::write (11 bytes)
Event: 5.297 Thread 0x00007f844c225800 nmethod 587 0x00007f84362c5c10 code [0x00007f84362c5da0, 0x00007f84362c61a8]
Event: 5.297 Thread 0x00007f844c225800  592       3       java.util.Hashtable$Enumerator::nextElement (111 bytes)
Event: 5.297 Thread 0x00007f844c225800 nmethod 592 0x00007f84362c6310 code [0x00007f84362c64c0, 0x00007f84362c69e8]
Event: 5.297 Thread 0x00007f844c225800  591       1       java.nio.Buffer::position (5 bytes)
Event: 5.297 Thread 0x00007f844c225800 nmethod 591 0x00007f843d749910 code [0x00007f843d749a80, 0x00007f843d749b90]
Event: 5.300 Thread 0x00007f844c225800  596       3       java.nio.HeapByteBuffer::_get (7 bytes)
Event: 5.300 Thread 0x00007f844c225800 nmethod 596 0x00007f84362c6b90 code [0x00007f84362c6d00, 0x00007f84362c6e70]
Event: 5.301 Thread 0x00007f844c225800  597       3       java.nio.Buffer::position (55 bytes)
Event: 5.301 Thread 0x00007f844c225800 nmethod 597 0x00007f84362c6f90 code [0x00007f84362c7120, 0x00007f84362c73e8]

GC Heap History (0 events):
No events

Deoptimization events (10 events):
Event: 0.221 Thread 0x00007f844c011000 Uncommon trap: reason=unstable_if action=reinterpret pc=0x00007f843d722b88 method=java.util.HashMap.hash(Ljava/lang/Object;)I @ 1
Event: 0.272 Thread 0x00007f844c011000 Uncommon trap: reason=class_check action=maybe_recompile pc=0x00007f843d7235d4 method=java.util.HashMap.putVal(ILjava/lang/Object;Ljava/lang/Object;ZZ)Ljava/lang/Object; @ 253
Event: 0.272 Thread 0x00007f844c011000 Uncommon trap: reason=class_check action=maybe_recompile pc=0x00007f843d7235d4 method=java.util.HashMap.putVal(ILjava/lang/Object;Ljava/lang/Object;ZZ)Ljava/lang/Object; @ 253
Event: 0.272 Thread 0x00007f844c011000 Uncommon trap: reason=class_check action=maybe_recompile pc=0x00007f843d7235d4 method=java.util.HashMap.putVal(ILjava/lang/Object;Ljava/lang/Object;ZZ)Ljava/lang/Object; @ 253
Event: 0.272 Thread 0x00007f844c011000 Uncommon trap: reason=class_check action=maybe_recompile pc=0x00007f843d7235d4 method=java.util.HashMap.putVal(ILjava/lang/Object;Ljava/lang/Object;ZZ)Ljava/lang/Object; @ 253
Event: 0.523 Thread 0x00007f844c7aa000 Uncommon trap: reason=unstable_if action=reinterpret pc=0x00007f843d742c40 method=sun.security.provider.SeedGenerator$ThreadedSeedGenerator.run()V @ 120
Event: 5.285 Thread 0x00007f844c011000 Uncommon trap: reason=unstable_if action=reinterpret pc=0x00007f843d737780 method=java.lang.String.equals(Ljava/lang/Object;)Z @ 27
Event: 5.293 Thread 0x00007f844c011000 Uncommon trap: reason=class_check action=maybe_recompile pc=0x00007f843d744918 method=java.util.HashMap.putVal(ILjava/lang/Object;Ljava/lang/Object;ZZ)Ljava/lang/Object; @ 203
Event: 5.293 Thread 0x00007f844c011000 Uncommon trap: reason=class_check action=maybe_recompile pc=0x00007f843d7448dc method=java.util.HashMap.putVal(ILjava/lang/Object;Ljava/lang/Object;ZZ)Ljava/lang/Object; @ 91
Event: 5.293 Thread 0x00007f844c011000 Uncommon trap: reason=class_check action=maybe_recompile pc=0x00007f843d7448dc method=java.util.HashMap.putVal(ILjava/lang/Object;Ljava/lang/Object;ZZ)Ljava/lang/Object; @ 91

Classes redefined (0 events):
No events

Internal exceptions (7 events):
Event: 0.123 Thread 0x00007f844c011000 Exception <a 'java/lang/ClassNotFoundException': sun/awt/resources/awtProvider> (0x00000006d601eb28) thrown at [/build/openjdk-9-argm_o/openjdk-9-9~b114/src/hotspot/src/share/vm/classfile/systemDictionary.cpp, line 224]
Event: 0.131 Thread 0x00007f844c011000 Exception <a 'java/io/FileNotFoundException'> (0x00000006d605e7f0) thrown at [/build/openjdk-9-argm_o/openjdk-9-9~b114/src/hotspot/src/share/vm/prims/jni.cpp, line 605]
Event: 0.132 Thread 0x00007f844c011000 Exception <a 'java/io/FileNotFoundException'> (0x00000006d6066800) thrown at [/build/openjdk-9-argm_o/openjdk-9-9~b114/src/hotspot/src/share/vm/prims/jni.cpp, line 605]
Event: 0.214 Thread 0x00007f844c011000 Exception <a 'java/lang/ClassNotFoundException': com/sun/swing/internal/plaf/metal/resources/metalProvider> (0x00000006d5e82370) thrown at [/build/openjdk-9-argm_o/openjdk-9-9~b114/src/hotspot/src/share/vm/classfile/systemDictionary.cpp, line 224]
Event: 0.215 Thread 0x00007f844c011000 Exception <a 'java/lang/ClassNotFoundException': com/sun/swing/internal/plaf/basic/resources/basicProvider> (0x00000006d5e85e70) thrown at [/build/openjdk-9-argm_o/openjdk-9-9~b114/src/hotspot/src/share/vm/classfile/systemDictionary.cpp, line 224]
Event: 0.217 Thread 0x00007f844c011000 Implicit null exception at 0x00007f843d724eb8 to 0x00007f843d724f46
Event: 0.221 Thread 0x00007f844c011000 Implicit null exception at 0x00007f843d722b0f to 0x00007f843d722b79

Events (10 events):
Event: 5.301 loading class sun/nio/cs/UTF_16$Decoder
Event: 5.301 loading class sun/nio/cs/UnicodeDecoder
Event: 5.301 loading class sun/nio/cs/UnicodeDecoder done
Event: 5.301 loading class sun/nio/cs/UTF_16$Decoder done
Event: 5.301 loading class sun/font/FileFontStrike
Event: 5.302 loading class sun/font/FileFontStrike done
Event: 5.302 loading class sun/font/FontScaler
Event: 5.302 loading class sun/font/FontScaler done
Event: 5.302 loading class sun/font/FreetypeFontScaler
Event: 5.302 loading class sun/font/FreetypeFontScaler done


Dynamic libraries:
00400000-00401000 r-xp 00000000 08:06 1987601                            /usr/lib/jvm/java-9-openjdk-amd64/bin/java
00600000-00601000 r--p 00000000 08:06 1987601                            /usr/lib/jvm/java-9-openjdk-amd64/bin/java
00601000-00602000 rw-p 00001000 08:06 1987601                            /usr/lib/jvm/java-9-openjdk-amd64/bin/java
008f5000-00916000 rw-p 00000000 00:00 0                                  [heap]
6c6a00000-6d6400000 rw-p 00000000 00:00 0 
6d6400000-7c0000000 ---p 00000000 00:00 0 
7c0000000-7c0180000 rw-p 00000000 00:00 0 
7c0180000-800000000 ---p 00000000 00:00 0 
7f83ac000000-7f83ac021000 rw-p 00000000 00:00 0 
7f83ac021000-7f83b0000000 ---p 00000000 00:00 0 
7f83b4000000-7f83b4021000 rw-p 00000000 00:00 0 
7f83b4021000-7f83b8000000 ---p 00000000 00:00 0 
7f83b8000000-7f83b8021000 rw-p 00000000 00:00 0 
7f83b8021000-7f83bc000000 ---p 00000000 00:00 0 
7f83bc000000-7f83bc021000 rw-p 00000000 00:00 0 
7f83bc021000-7f83c0000000 ---p 00000000 00:00 0 
7f83c0000000-7f83c0021000 rw-p 00000000 00:00 0 
7f83c0021000-7f83c4000000 ---p 00000000 00:00 0 
7f83c4000000-7f83c4021000 rw-p 00000000 00:00 0 
7f83c4021000-7f83c8000000 ---p 00000000 00:00 0 
7f83c8000000-7f83c8021000 rw-p 00000000 00:00 0 
7f83c8021000-7f83cc000000 ---p 00000000 00:00 0 
7f83cc000000-7f83cc021000 rw-p 00000000 00:00 0 
7f83cc021000-7f83d0000000 ---p 00000000 00:00 0 
7f83d06f6000-7f83d0776000 rw-p 00000000 00:00 0 
7f83d0776000-7f83d08fa000 ---p 00000000 00:00 0 
7f83d08fa000-7f83d09f7000 rw-p 00000000 00:00 0 
7f83d09f7000-7f83d09fb000 ---p 00000000 00:00 0 
7f83d09fb000-7f83d0af8000 rw-p 00000000 00:00 0 
7f83d0af8000-7f83d0afc000 ---p 00000000 00:00 0 
7f83d0afc000-7f83d0df9000 rw-p 00000000 00:00 0 
7f83d0df9000-7f83d0dfe000 r-xp 00000000 08:06 1843173                    /usr/lib/x86_64-linux-gnu/libXfixes.so.3.1.0
7f83d0dfe000-7f83d0ffd000 ---p 00005000 08:06 1843173                    /usr/lib/x86_64-linux-gnu/libXfixes.so.3.1.0
7f83d0ffd000-7f83d0ffe000 r--p 00004000 08:06 1843173                    /usr/lib/x86_64-linux-gnu/libXfixes.so.3.1.0
7f83d0ffe000-7f83d0fff000 rw-p 00005000 08:06 1843173                    /usr/lib/x86_64-linux-gnu/libXfixes.so.3.1.0
7f83d0fff000-7f83d4000000 rw-p 00000000 00:00 0 
7f83d4000000-7f83d4191000 rw-p 00000000 00:00 0 
7f83d4191000-7f83d8000000 ---p 00000000 00:00 0 
7f83d8000000-7f83d8021000 rw-p 00000000 00:00 0 
7f83d8021000-7f83dc000000 ---p 00000000 00:00 0 
7f83dc000000-7f83dc2fb000 rw-p 00000000 00:00 0 
7f83dc2fb000-7f83e0000000 ---p 00000000 00:00 0 
7f83e0000000-7f83e02a4000 rw-p 00000000 00:00 0 
7f83e02a4000-7f83e4000000 ---p 00000000 00:00 0 
7f83e4000000-7f83e4021000 rw-p 00000000 00:00 0 
7f83e4021000-7f83e8000000 ---p 00000000 00:00 0 
7f83e8000000-7f83e8021000 rw-p 00000000 00:00 0 
7f83e8021000-7f83ec000000 ---p 00000000 00:00 0 
7f83ec000000-7f83ec021000 rw-p 00000000 00:00 0 
7f83ec021000-7f83f0000000 ---p 00000000 00:00 0 
7f83f0000000-7f83f0021000 rw-p 00000000 00:00 0 
7f83f0021000-7f83f4000000 ---p 00000000 00:00 0 
7f83f4000000-7f83f4021000 rw-p 00000000 00:00 0 
7f83f4021000-7f83f8000000 ---p 00000000 00:00 0 
7f83f8000000-7f83f8021000 rw-p 00000000 00:00 0 
7f83f8021000-7f83fc000000 ---p 00000000 00:00 0 
7f83fc0a7000-7f83fc0ab000 ---p 00000000 00:00 0 
7f83fc0ab000-7f83fc1a8000 rw-p 00000000 00:00 0 
7f83fc1a8000-7f83fc1b1000 r-xp 00000000 08:06 1836218                    /usr/lib/x86_64-linux-gnu/libXcursor.so.1.0.2
7f83fc1b1000-7f83fc3b0000 ---p 00009000 08:06 1836218                    /usr/lib/x86_64-linux-gnu/libXcursor.so.1.0.2
7f83fc3b0000-7f83fc3b1000 r--p 00008000 08:06 1836218                    /usr/lib/x86_64-linux-gnu/libXcursor.so.1.0.2
7f83fc3b1000-7f83fc3b2000 rw-p 00009000 08:06 1836218                    /usr/lib/x86_64-linux-gnu/libXcursor.so.1.0.2
7f83fc3b2000-7f83fc3b6000 ---p 00000000 00:00 0 
7f83fc3b6000-7f83fc4b3000 rw-p 00000000 00:00 0 
7f83fc4b3000-7f83fc4d7000 r-xp 00000000 08:06 10228456                   /lib/x86_64-linux-gnu/libpng12.so.0.54.0
7f83fc4d7000-7f83fc6d6000 ---p 00024000 08:06 10228456                   /lib/x86_64-linux-gnu/libpng12.so.0.54.0
7f83fc6d6000-7f83fc6d7000 r--p 00023000 08:06 10228456                   /lib/x86_64-linux-gnu/libpng12.so.0.54.0
7f83fc6d7000-7f83fc6d8000 rw-p 00024000 08:06 10228456                   /lib/x86_64-linux-gnu/libpng12.so.0.54.0
7f83fc6d8000-7f83fc77c000 r-xp 00000000 08:06 1843596                    /usr/lib/x86_64-linux-gnu/libfreetype.so.6.12.1
7f83fc77c000-7f83fc97b000 ---p 000a4000 08:06 1843596                    /usr/lib/x86_64-linux-gnu/libfreetype.so.6.12.1
7f83fc97b000-7f83fc981000 r--p 000a3000 08:06 1843596                    /usr/lib/x86_64-linux-gnu/libfreetype.so.6.12.1
7f83fc981000-7f83fc982000 rw-p 000a9000 08:06 1843596                    /usr/lib/x86_64-linux-gnu/libfreetype.so.6.12.1
7f83fc982000-7f83fca48000 r-xp 00000000 08:06 2379387                    /usr/lib/jvm/java-9-openjdk-amd64/lib/amd64/libfontmanager.so
7f83fca48000-7f83fcc47000 ---p 000c6000 08:06 2379387                    /usr/lib/jvm/java-9-openjdk-amd64/lib/amd64/libfontmanager.so
7f83fcc47000-7f83fcc4a000 r--p 000c5000 08:06 2379387                    /usr/lib/jvm/java-9-openjdk-amd64/lib/amd64/libfontmanager.so
7f83fcc4a000-7f83fcc4b000 rw-p 000c8000 08:06 2379387                    /usr/lib/jvm/java-9-openjdk-amd64/lib/amd64/libfontmanager.so
7f83fcc4b000-7f83fcc4c000 rw-p 00000000 00:00 0 
7f83fcc4c000-7f83fcc51000 r-xp 00000000 08:06 1843169                    /usr/lib/x86_64-linux-gnu/libXdmcp.so.6.0.0
7f83fcc51000-7f83fce50000 ---p 00005000 08:06 1843169                    /usr/lib/x86_64-linux-gnu/libXdmcp.so.6.0.0
7f83fce50000-7f83fce51000 r--p 00004000 08:06 1843169                    /usr/lib/x86_64-linux-gnu/libXdmcp.so.6.0.0
7f83fce51000-7f83fce52000 rw-p 00005000 08:06 1843169                    /usr/lib/x86_64-linux-gnu/libXdmcp.so.6.0.0
7f83fce52000-7f83fce54000 r-xp 00000000 08:06 1843158                    /usr/lib/x86_64-linux-gnu/libXau.so.6.0.0
7f83fce54000-7f83fd054000 ---p 00002000 08:06 1843158                    /usr/lib/x86_64-linux-gnu/libXau.so.6.0.0
7f83fd054000-7f83fd055000 r--p 00002000 08:06 1843158                    /usr/lib/x86_64-linux-gnu/libXau.so.6.0.0
7f83fd055000-7f83fd056000 rw-p 00003000 08:06 1843158                    /usr/lib/x86_64-linux-gnu/libXau.so.6.0.0
7f83fd056000-7f83fd077000 r-xp 00000000 08:06 1844582                    /usr/lib/x86_64-linux-gnu/libxcb.so.1.1.0
7f83fd077000-7f83fd276000 ---p 00021000 08:06 1844582                    /usr/lib/x86_64-linux-gnu/libxcb.so.1.1.0
7f83fd276000-7f83fd277000 r--p 00020000 08:06 1844582                    /usr/lib/x86_64-linux-gnu/libxcb.so.1.1.0
7f83fd277000-7f83fd278000 rw-p 00021000 08:06 1844582                    /usr/lib/x86_64-linux-gnu/libxcb.so.1.1.0
7f83fd278000-7f83fd287000 r-xp 00000000 08:06 1843181                    /usr/lib/x86_64-linux-gnu/libXi.so.6.1.0
7f83fd287000-7f83fd486000 ---p 0000f000 08:06 1843181                    /usr/lib/x86_64-linux-gnu/libXi.so.6.1.0
7f83fd486000-7f83fd487000 r--p 0000e000 08:06 1843181                    /usr/lib/x86_64-linux-gnu/libXi.so.6.1.0
7f83fd487000-7f83fd488000 rw-p 0000f000 08:06 1843181                    /usr/lib/x86_64-linux-gnu/libXi.so.6.1.0
7f83fd488000-7f83fd48d000 r-xp 00000000 08:06 1843199                    /usr/lib/x86_64-linux-gnu/libXtst.so.6.1.0
7f83fd48d000-7f83fd68c000 ---p 00005000 08:06 1843199                    /usr/lib/x86_64-linux-gnu/libXtst.so.6.1.0
7f83fd68c000-7f83fd68d000 r--p 00004000 08:06 1843199                    /usr/lib/x86_64-linux-gnu/libXtst.so.6.1.0
7f83fd68d000-7f83fd68e000 rw-p 00005000 08:06 1843199                    /usr/lib/x86_64-linux-gnu/libXtst.so.6.1.0
7f83fd68e000-7f83fd697000 r-xp 00000000 08:06 1843193                    /usr/lib/x86_64-linux-gnu/libXrender.so.1.3.0
7f83fd697000-7f83fd896000 ---p 00009000 08:06 1843193                    /usr/lib/x86_64-linux-gnu/libXrender.so.1.3.0
7f83fd896000-7f83fd897000 r--p 00008000 08:06 1843193                    /usr/lib/x86_64-linux-gnu/libXrender.so.1.3.0
7f83fd897000-7f83fd898000 rw-p 00009000 08:06 1843193                    /usr/lib/x86_64-linux-gnu/libXrender.so.1.3.0
7f83fd898000-7f83fd9cd000 r-xp 00000000 08:06 1840714                    /usr/lib/x86_64-linux-gnu/libX11.so.6.3.0
7f83fd9cd000-7f83fdbcd000 ---p 00135000 08:06 1840714                    /usr/lib/x86_64-linux-gnu/libX11.so.6.3.0
7f83fdbcd000-7f83fdbce000 r--p 00135000 08:06 1840714                    /usr/lib/x86_64-linux-gnu/libX11.so.6.3.0
7f83fdbce000-7f83fdbd2000 rw-p 00136000 08:06 1840714                    /usr/lib/x86_64-linux-gnu/libX11.so.6.3.0
7f83fdbd2000-7f83fdbe3000 r-xp 00000000 08:06 1843171                    /usr/lib/x86_64-linux-gnu/libXext.so.6.4.0
7f83fdbe3000-7f83fdde2000 ---p 00011000 08:06 1843171                    /usr/lib/x86_64-linux-gnu/libXext.so.6.4.0
7f83fdde2000-7f83fdde3000 r--p 00010000 08:06 1843171                    /usr/lib/x86_64-linux-gnu/libXext.so.6.4.0
7f83fdde3000-7f83fdde4000 rw-p 00011000 08:06 1843171                    /usr/lib/x86_64-linux-gnu/libXext.so.6.4.0
7f83fdde4000-7f83fde3b000 r-xp 00000000 08:06 2379414                    /usr/lib/jvm/java-9-openjdk-amd64/lib/amd64/libawt_xawt.so
7f83fde3b000-7f83fe03b000 ---p 00057000 08:06 2379414                    /usr/lib/jvm/java-9-openjdk-amd64/lib/amd64/libawt_xawt.so
7f83fe03b000-7f83fe03c000 r--p 00057000 08:06 2379414                    /usr/lib/jvm/java-9-openjdk-amd64/lib/amd64/libawt_xawt.so
7f83fe03c000-7f83fe03f000 rw-p 00058000 08:06 2379414                    /usr/lib/jvm/java-9-openjdk-amd64/lib/amd64/libawt_xawt.so
7f83fe03f000-7f83fe040000 rw-p 00000000 00:00 0 
7f83fe040000-7f83fe0e0000 r-xp 00000000 08:06 2379386                    /usr/lib/jvm/java-9-openjdk-amd64/lib/amd64/libawt.so
7f83fe0e0000-7f83fe2df000 ---p 000a0000 08:06 2379386                    /usr/lib/jvm/java-9-openjdk-amd64/lib/amd64/libawt.so
7f83fe2df000-7f83fe2e0000 r--p 0009f000 08:06 2379386                    /usr/lib/jvm/java-9-openjdk-amd64/lib/amd64/libawt.so
7f83fe2e0000-7f83fe2eb000 rw-p 000a0000 08:06 2379386                    /usr/lib/jvm/java-9-openjdk-amd64/lib/amd64/libawt.so
7f83fe2eb000-7f83fe310000 rw-p 00000000 00:00 0 
7f83fe310000-7f83fe311000 ---p 00000000 00:00 0 
7f83fe311000-7f83fe411000 rw-p 00000000 00:00 0 
7f83fe411000-7f83fe415000 ---p 00000000 00:00 0 
7f83fe415000-7f83fe512000 rw-p 00000000 00:00 0 
7f83fe512000-7f83fe516000 ---p 00000000 00:00 0 
7f83fe516000-7f83fe613000 rw-p 00000000 00:00 0 
7f83fe613000-7f83fe629000 r-xp 00000000 08:06 2379388                    /usr/lib/jvm/java-9-openjdk-amd64/lib/amd64/libnet.so
7f83fe629000-7f83fe828000 ---p 00016000 08:06 2379388                    /usr/lib/jvm/java-9-openjdk-amd64/lib/amd64/libnet.so
7f83fe828000-7f83fe829000 r--p 00015000 08:06 2379388                    /usr/lib/jvm/java-9-openjdk-amd64/lib/amd64/libnet.so
7f83fe829000-7f83fe82a000 rw-p 00016000 08:06 2379388                    /usr/lib/jvm/java-9-openjdk-amd64/lib/amd64/libnet.so
7f83fe82a000-7f83fe83b000 r-xp 00000000 08:06 2379415                    /usr/lib/jvm/java-9-openjdk-amd64/lib/amd64/libnio.so
7f83fe83b000-7f83fea3b000 ---p 00011000 08:06 2379415                    /usr/lib/jvm/java-9-openjdk-amd64/lib/amd64/libnio.so
7f83fea3b000-7f83fea3c000 r--p 00011000 08:06 2379415                    /usr/lib/jvm/java-9-openjdk-amd64/lib/amd64/libnio.so
7f83fea3c000-7f83fea3d000 rw-p 00012000 08:06 2379415                    /usr/lib/jvm/java-9-openjdk-amd64/lib/amd64/libnio.so
7f83fea3d000-7f83fea41000 ---p 00000000 00:00 0 
7f83fea41000-7f83feb3e000 rw-p 00000000 00:00 0 
7f83feb3e000-7f83feb42000 ---p 00000000 00:00 0 
7f83feb42000-7f83fec3f000 rw-p 00000000 00:00 0 
7f83fec3f000-7f83fec43000 ---p 00000000 00:00 0 
7f83fec43000-7f83fed40000 rw-p 00000000 00:00 0 
7f83fed40000-7f83fed44000 ---p 00000000 00:00 0 
7f83fed44000-7f83fee41000 rw-p 00000000 00:00 0 
7f83fee41000-7f83ff800000 r--p 00000000 08:06 1842172                    /usr/lib/locale/locale-archive
7f83ff800000-7f8400000000 rw-p 00000000 00:00 0 
7f8400000000-7f8400021000 rw-p 00000000 00:00 0 
7f8400021000-7f8404000000 ---p 00000000 00:00 0 
7f84040f8000-7f84040f9000 r--s 00000000 08:06 2100978                    /var/cache/fontconfig/087e1975ba9a574b140bb1df193bf770-le64.cache-6
7f84040f9000-7f84040fd000 ---p 00000000 00:00 0 
7f84040fd000-7f84041fa000 rw-p 00000000 00:00 0 
7f84041fa000-7f84041fe000 ---p 00000000 00:00 0 
7f84041fe000-7f84042fb000 rw-p 00000000 00:00 0 
7f84042fb000-7f84042ff000 ---p 00000000 00:00 0 
7f84042ff000-7f84043fc000 rw-p 00000000 00:00 0 
7f84043fc000-7f8404400000 ---p 00000000 00:00 0 
7f8404400000-7f84044fd000 rw-p 00000000 00:00 0 
7f84044fd000-7f84044fe000 ---p 00000000 00:00 0 
7f84044fe000-7f8406fd7000 rw-p 00000000 00:00 0 
7f8406fd7000-7f840aa47000 ---p 00000000 00:00 0 
7f840aa47000-7f840ae2f000 rw-p 00000000 00:00 0 
7f840ae2f000-7f840e89f000 ---p 00000000 00:00 0 
7f840e89f000-7f840e91c000 rw-p 00000000 00:00 0 
7f840e91c000-7f840f06a000 ---p 00000000 00:00 0 
7f840f06a000-7f840f0e7000 rw-p 00000000 00:00 0 
7f840f0e7000-7f8410000000 ---p 00000000 00:00 0 
7f8410000000-7f8410021000 rw-p 00000000 00:00 0 
7f8410021000-7f8414000000 ---p 00000000 00:00 0 
7f8414000000-7f8414021000 rw-p 00000000 00:00 0 
7f8414021000-7f8418000000 ---p 00000000 00:00 0 
7f8418000000-7f8418021000 rw-p 00000000 00:00 0 
7f8418021000-7f841c000000 ---p 00000000 00:00 0 
7f841c000000-7f841c021000 rw-p 00000000 00:00 0 
7f841c021000-7f8420000000 ---p 00000000 00:00 0 
7f8420000000-7f8420021000 rw-p 00000000 00:00 0 
7f8420021000-7f8424000000 ---p 00000000 00:00 0 
7f8424000000-7f8424021000 rw-p 00000000 00:00 0 
7f8424021000-7f8428000000 ---p 00000000 00:00 0 
7f8428000000-7f8428021000 rw-p 00000000 00:00 0 
7f8428021000-7f842c000000 ---p 00000000 00:00 0 
7f842c000000-7f842c021000 rw-p 00000000 00:00 0 
7f842c021000-7f8430000000 ---p 00000000 00:00 0 
7f8430000000-7f8430021000 rw-p 00000000 00:00 0 
7f8430021000-7f8434000000 ---p 00000000 00:00 0 
7f8434000000-7f843400b000 r--s 00000000 08:06 2102049                    /var/cache/fontconfig/945677eb7aeaf62f1d50efc3fb3ec7d8-le64.cache-6
7f843400b000-7f8434011000 r--s 00000000 08:06 2102031                    /var/cache/fontconfig/2cd17615ca594fa2959ae173292e504c-le64.cache-6
7f8434011000-7f8434018000 r--s 00000000 08:06 2104214                    /var/cache/fontconfig/6eb3985aa4124903f6ff08ba781cd364-le64.cache-6
7f8434018000-7f8434019000 r--s 00000000 08:06 2102028                    /var/cache/fontconfig/0d8c3b2ac0904cb8a57a757ad11a4a08-le64.cache-6
7f8434019000-7f843401d000 r--s 00000000 08:06 2104213                    /var/cache/fontconfig/6d41288fd70b0be22e8c3a91e032eec0-le64.cache-6
7f843401d000-7f8434021000 r--s 00000000 08:06 2103946                    /var/cache/fontconfig/de156ccd2eddbdc19d37a45b8b2aac9c-le64.cache-6
7f8434021000-7f8434036000 r--s 00000000 08:06 2102025                    /var/cache/fontconfig/04aabc0a78ac019cf9454389977116d2-le64.cache-6
7f8434036000-7f84342a7000 rw-p 00000000 00:00 0 
7f84342a7000-7f84342a8000 ---p 00000000 00:00 0 
7f84342a8000-7f84343a8000 rw-p 00000000 00:00 0 
7f84343a8000-7f84343a9000 ---p 00000000 00:00 0 
7f84343a9000-7f8434620000 rw-p 00000000 00:00 0 
7f8434620000-7f8434d6e000 ---p 00000000 00:00 0 
7f8434d6e000-7f8434d6f000 ---p 00000000 00:00 0 
7f8434d6f000-7f8434e6f000 rw-p 00000000 00:00 0 
7f8434e6f000-7f8434e70000 ---p 00000000 00:00 0 
7f8434e70000-7f8434f70000 rw-p 00000000 00:00 0 
7f8434f70000-7f8434f71000 ---p 00000000 00:00 0 
7f8434f71000-7f8435071000 rw-p 00000000 00:00 0 
7f8435071000-7f8435072000 ---p 00000000 00:00 0 
7f8435072000-7f8435172000 rw-p 00000000 00:00 0 
7f8435172000-7f8435173000 ---p 00000000 00:00 0 
7f8435173000-7f8435677000 rw-p 00000000 00:00 0 
7f8435677000-7f8435678000 ---p 00000000 00:00 0 
7f8435678000-7f8435778000 rw-p 00000000 00:00 0 
7f8435778000-7f8435779000 ---p 00000000 00:00 0 
7f8435779000-7f8435879000 rw-p 00000000 00:00 0 
7f8435879000-7f843587a000 ---p 00000000 00:00 0 
7f843587a000-7f843597a000 rw-p 00000000 00:00 0 
7f843597a000-7f843597b000 ---p 00000000 00:00 0 
7f843597b000-7f8435a80000 rw-p 00000000 00:00 0 
7f8435a80000-7f8435b66000 ---p 00000000 00:00 0 
7f8435b66000-7f8435b6b000 rw-p 00000000 00:00 0 
7f8435b6b000-7f8435c51000 ---p 00000000 00:00 0 
7f8435c51000-7f8435ec1000 rwxp 00000000 00:00 0 
7f8435ec1000-7f84361e1000 ---p 00000000 00:00 0 
7f84361e1000-7f8436451000 rwxp 00000000 00:00 0 
7f8436451000-7f843d719000 ---p 00000000 00:00 0 
7f843d719000-7f843d989000 rwxp 00000000 00:00 0 
7f843d989000-7f8444c51000 ---p 00000000 00:00 0 
7f8444c51000-7f844c000000 r--s 00000000 08:06 1987606                    /usr/lib/jvm/java-9-openjdk-amd64/lib/modules
7f844c000000-7f844c7b4000 rw-p 00000000 00:00 0 
7f844c7b4000-7f8450000000 ---p 00000000 00:00 0 
7f8450000000-7f8450001000 r--s 00000000 08:06 2102030                    /var/cache/fontconfig/1ac9eb803944fde146138c791f5cc56a-le64.cache-6
7f8450001000-7f8450005000 r--s 00000000 08:06 2102035                    /var/cache/fontconfig/385c0604a188198f04d133e54aba7fe7-le64.cache-6
7f8450005000-7f8450006000 r--s 00000000 08:06 2102062                    /var/cache/fontconfig/dc05db6664285cc2f12bf69c139ae4c3-le64.cache-6
7f8450006000-7f8450009000 r--s 00000000 08:06 2102045                    /var/cache/fontconfig/767a8244fc0220cfb567a839d0392e0b-le64.cache-6
7f8450009000-7f845000a000 r--s 00000000 08:06 2100927                    /var/cache/fontconfig/4794a0821666d79190d59a36cb4f44b5-le64.cache-6
7f845000a000-7f845000f000 r--s 00000000 08:06 2102048                    /var/cache/fontconfig/8801497958630a81b71ace7c5f9b32a8-le64.cache-6
7f845000f000-7f8450016000 r--s 00000000 08:06 2102032                    /var/cache/fontconfig/3047814df9a2f067bd2d96a2b9c36e5a-le64.cache-6
7f8450016000-7f845001b000 r-xp 00000000 08:06 2379402                    /usr/lib/jvm/java-9-openjdk-amd64/lib/amd64/libjimage.so
7f845001b000-7f845021a000 ---p 00005000 08:06 2379402                    /usr/lib/jvm/java-9-openjdk-amd64/lib/amd64/libjimage.so
7f845021a000-7f845021b000 r--p 00004000 08:06 2379402                    /usr/lib/jvm/java-9-openjdk-amd64/lib/amd64/libjimage.so
7f845021b000-7f845021c000 rw-p 00005000 08:06 2379402                    /usr/lib/jvm/java-9-openjdk-amd64/lib/amd64/libjimage.so
7f845021c000-7f8450223000 r-xp 00000000 08:06 2379398                    /usr/lib/jvm/java-9-openjdk-amd64/lib/amd64/libzip.so
7f8450223000-7f8450422000 ---p 00007000 08:06 2379398                    /usr/lib/jvm/java-9-openjdk-amd64/lib/amd64/libzip.so
7f8450422000-7f8450423000 r--p 00006000 08:06 2379398                    /usr/lib/jvm/java-9-openjdk-amd64/lib/amd64/libzip.so
7f8450423000-7f8450424000 rw-p 00007000 08:06 2379398                    /usr/lib/jvm/java-9-openjdk-amd64/lib/amd64/libzip.so
7f8450424000-7f845042f000 r-xp 00000000 08:06 10228414                   /lib/x86_64-linux-gnu/libnss_files-2.23.so
7f845042f000-7f845062e000 ---p 0000b000 08:06 10228414                   /lib/x86_64-linux-gnu/libnss_files-2.23.so
7f845062e000-7f845062f000 r--p 0000a000 08:06 10228414                   /lib/x86_64-linux-gnu/libnss_files-2.23.so
7f845062f000-7f8450630000 rw-p 0000b000 08:06 10228414                   /lib/x86_64-linux-gnu/libnss_files-2.23.so
7f8450630000-7f8450636000 rw-p 00000000 00:00 0 
7f8450636000-7f8450641000 r-xp 00000000 08:06 10228424                   /lib/x86_64-linux-gnu/libnss_nis-2.23.so
7f8450641000-7f8450840000 ---p 0000b000 08:06 10228424                   /lib/x86_64-linux-gnu/libnss_nis-2.23.so
7f8450840000-7f8450841000 r--p 0000a000 08:06 10228424                   /lib/x86_64-linux-gnu/libnss_nis-2.23.so
7f8450841000-7f8450842000 rw-p 0000b000 08:06 10228424                   /lib/x86_64-linux-gnu/libnss_nis-2.23.so
7f8450842000-7f8450858000 r-xp 00000000 08:06 10228408                   /lib/x86_64-linux-gnu/libnsl-2.23.so
7f8450858000-7f8450a57000 ---p 00016000 08:06 10228408                   /lib/x86_64-linux-gnu/libnsl-2.23.so
7f8450a57000-7f8450a58000 r--p 00015000 08:06 10228408                   /lib/x86_64-linux-gnu/libnsl-2.23.so
7f8450a58000-7f8450a59000 rw-p 00016000 08:06 10228408                   /lib/x86_64-linux-gnu/libnsl-2.23.so
7f8450a59000-7f8450a5b000 rw-p 00000000 00:00 0 
7f8450a5b000-7f8450a63000 r-xp 00000000 08:06 10228410                   /lib/x86_64-linux-gnu/libnss_compat-2.23.so
7f8450a63000-7f8450c62000 ---p 00008000 08:06 10228410                   /lib/x86_64-linux-gnu/libnss_compat-2.23.so
7f8450c62000-7f8450c63000 r--p 00007000 08:06 10228410                   /lib/x86_64-linux-gnu/libnss_compat-2.23.so
7f8450c63000-7f8450c64000 rw-p 00008000 08:06 10228410                   /lib/x86_64-linux-gnu/libnss_compat-2.23.so
7f8450c64000-7f8450c8f000 r-xp 00000000 08:06 2379381                    /usr/lib/jvm/java-9-openjdk-amd64/lib/amd64/libjava.so
7f8450c8f000-7f8450e8e000 ---p 0002b000 08:06 2379381                    /usr/lib/jvm/java-9-openjdk-amd64/lib/amd64/libjava.so
7f8450e8e000-7f8450e8f000 r--p 0002a000 08:06 2379381                    /usr/lib/jvm/java-9-openjdk-amd64/lib/amd64/libjava.so
7f8450e8f000-7f8450e91000 rw-p 0002b000 08:06 2379381                    /usr/lib/jvm/java-9-openjdk-amd64/lib/amd64/libjava.so
7f8450e91000-7f8450e9e000 r-xp 00000000 08:06 2379382                    /usr/lib/jvm/java-9-openjdk-amd64/lib/amd64/libverify.so
7f8450e9e000-7f845109d000 ---p 0000d000 08:06 2379382                    /usr/lib/jvm/java-9-openjdk-amd64/lib/amd64/libverify.so
7f845109d000-7f845109f000 r--p 0000c000 08:06 2379382                    /usr/lib/jvm/java-9-openjdk-amd64/lib/amd64/libverify.so
7f845109f000-7f84510a0000 rw-p 0000e000 08:06 2379382                    /usr/lib/jvm/java-9-openjdk-amd64/lib/amd64/libverify.so
7f84510a0000-7f84510a7000 r-xp 00000000 08:06 10228469                   /lib/x86_64-linux-gnu/librt-2.23.so
7f84510a7000-7f84512a6000 ---p 00007000 08:06 10228469                   /lib/x86_64-linux-gnu/librt-2.23.so
7f84512a6000-7f84512a7000 r--p 00006000 08:06 10228469                   /lib/x86_64-linux-gnu/librt-2.23.so
7f84512a7000-7f84512a8000 rw-p 00007000 08:06 10228469                   /lib/x86_64-linux-gnu/librt-2.23.so
7f84512a8000-7f84512be000 r-xp 00000000 08:06 10228353                   /lib/x86_64-linux-gnu/libgcc_s.so.1
7f84512be000-7f84514bd000 ---p 00016000 08:06 10228353                   /lib/x86_64-linux-gnu/libgcc_s.so.1
7f84514bd000-7f84514be000 rw-p 00015000 08:06 10228353                   /lib/x86_64-linux-gnu/libgcc_s.so.1
7f84514be000-7f84515c6000 r-xp 00000000 08:06 10228385                   /lib/x86_64-linux-gnu/libm-2.23.so
7f84515c6000-7f84517c5000 ---p 00108000 08:06 10228385                   /lib/x86_64-linux-gnu/libm-2.23.so
7f84517c5000-7f84517c6000 r--p 00107000 08:06 10228385                   /lib/x86_64-linux-gnu/libm-2.23.so
7f84517c6000-7f84517c7000 rw-p 00108000 08:06 10228385                   /lib/x86_64-linux-gnu/libm-2.23.so
7f84517c7000-7f8451939000 r-xp 00000000 08:06 1844331                    /usr/lib/x86_64-linux-gnu/libstdc++.so.6.0.21
7f8451939000-7f8451b39000 ---p 00172000 08:06 1844331                    /usr/lib/x86_64-linux-gnu/libstdc++.so.6.0.21
7f8451b39000-7f8451b43000 r--p 00172000 08:06 1844331                    /usr/lib/x86_64-linux-gnu/libstdc++.so.6.0.21
7f8451b43000-7f8451b45000 rw-p 0017c000 08:06 1844331                    /usr/lib/x86_64-linux-gnu/libstdc++.so.6.0.21
7f8451b45000-7f8451b49000 rw-p 00000000 00:00 0 
7f8451b49000-7f84529a7000 r-xp 00000000 08:06 2379395                    /usr/lib/jvm/java-9-openjdk-amd64/lib/amd64/server/libjvm.so
7f84529a7000-7f8452ba7000 ---p 00e5e000 08:06 2379395                    /usr/lib/jvm/java-9-openjdk-amd64/lib/amd64/server/libjvm.so
7f8452ba7000-7f8452c59000 r--p 00e5e000 08:06 2379395                    /usr/lib/jvm/java-9-openjdk-amd64/lib/amd64/server/libjvm.so
7f8452c59000-7f8452c8b000 rw-p 00f10000 08:06 2379395                    /usr/lib/jvm/java-9-openjdk-amd64/lib/amd64/server/libjvm.so
7f8452c8b000-7f8452cd0000 rw-p 00000000 00:00 0 
7f8452cd0000-7f8452ce8000 r-xp 00000000 08:06 10228461                   /lib/x86_64-linux-gnu/libpthread-2.23.so
7f8452ce8000-7f8452ee7000 ---p 00018000 08:06 10228461                   /lib/x86_64-linux-gnu/libpthread-2.23.so
7f8452ee7000-7f8452ee8000 r--p 00017000 08:06 10228461                   /lib/x86_64-linux-gnu/libpthread-2.23.so
7f8452ee8000-7f8452ee9000 rw-p 00018000 08:06 10228461                   /lib/x86_64-linux-gnu/libpthread-2.23.so
7f8452ee9000-7f8452eed000 rw-p 00000000 00:00 0 
7f8452eed000-7f8452ef0000 r-xp 00000000 08:06 10228339                   /lib/x86_64-linux-gnu/libdl-2.23.so
7f8452ef0000-7f84530ef000 ---p 00003000 08:06 10228339                   /lib/x86_64-linux-gnu/libdl-2.23.so
7f84530ef000-7f84530f0000 r--p 00002000 08:06 10228339                   /lib/x86_64-linux-gnu/libdl-2.23.so
7f84530f0000-7f84530f1000 rw-p 00003000 08:06 10228339                   /lib/x86_64-linux-gnu/libdl-2.23.so
7f84530f1000-7f845310a000 r-xp 00000000 08:06 10228506                   /lib/x86_64-linux-gnu/libz.so.1.2.8
7f845310a000-7f8453309000 ---p 00019000 08:06 10228506                   /lib/x86_64-linux-gnu/libz.so.1.2.8
7f8453309000-7f845330a000 r--p 00018000 08:06 10228506                   /lib/x86_64-linux-gnu/libz.so.1.2.8
7f845330a000-7f845330b000 rw-p 00019000 08:06 10228506                   /lib/x86_64-linux-gnu/libz.so.1.2.8
7f845330b000-7f84534cb000 r-xp 00000000 08:06 10228315                   /lib/x86_64-linux-gnu/libc-2.23.so
7f84534cb000-7f84536cb000 ---p 001c0000 08:06 10228315                   /lib/x86_64-linux-gnu/libc-2.23.so
7f84536cb000-7f84536cf000 r--p 001c0000 08:06 10228315                   /lib/x86_64-linux-gnu/libc-2.23.so
7f84536cf000-7f84536d1000 rw-p 001c4000 08:06 10228315                   /lib/x86_64-linux-gnu/libc-2.23.so
7f84536d1000-7f84536d5000 rw-p 00000000 00:00 0 
7f84536d5000-7f84536e3000 r-xp 00000000 08:06 2379412                    /usr/lib/jvm/java-9-openjdk-amd64/lib/amd64/jli/libjli.so
7f84536e3000-7f84538e2000 ---p 0000e000 08:06 2379412                    /usr/lib/jvm/java-9-openjdk-amd64/lib/amd64/jli/libjli.so
7f84538e2000-7f84538e3000 r--p 0000d000 08:06 2379412                    /usr/lib/jvm/java-9-openjdk-amd64/lib/amd64/jli/libjli.so
7f84538e3000-7f84538e4000 rw-p 0000e000 08:06 2379412                    /usr/lib/jvm/java-9-openjdk-amd64/lib/amd64/jli/libjli.so
7f84538e4000-7f845390a000 r-xp 00000000 08:06 10228287                   /lib/x86_64-linux-gnu/ld-2.23.so
7f845390a000-7f845390e000 r--s 00000000 08:06 2100960                    /var/cache/fontconfig/c57959a16110560c8d0fcea73374aeeb-le64.cache-6
7f845390e000-7f845390f000 r--s 00000000 08:06 2102055                    /var/cache/fontconfig/bab58bb527bb656aaa9f116d68a48d89-le64.cache-6
7f845390f000-7f8453917000 r--s 00000000 08:06 2099134                    /var/cache/fontconfig/bf3b770c553c462765856025a94f1ce6-le64.cache-6
7f8453917000-7f8453918000 r--s 00000000 08:06 2102039                    /var/cache/fontconfig/56cf4f4769d0f4abc89a4895d7bd3ae1-le64.cache-6
7f8453918000-7f8453919000 r--s 00000000 08:06 2102054                    /var/cache/fontconfig/b9d506c9ac06c20b433354fa67a72993-le64.cache-6
7f8453919000-7f845391f000 r--s 00000000 08:06 2102053                    /var/cache/fontconfig/b47c4e1ecd0709278f4910c18777a504-le64.cache-6
7f845391f000-7f8453932000 r--s 00000000 08:06 2102059                    /var/cache/fontconfig/d52a8644073d54c13679302ca1180695-le64.cache-6
7f8453932000-7f8453933000 r--s 00000000 08:06 2102038                    /var/cache/fontconfig/551ecf3b0e8b0bca0f25c0944f561853-le64.cache-6
7f8453933000-7f8453934000 r--s 00000000 08:06 2100977                    /var/cache/fontconfig/8a687c406b77f27d99abfeeba937fcce-le64.cache-6
7f8453934000-7f845393f000 r--s 00000000 08:06 2102466                    /var/cache/fontconfig/d589a48862398ed80a3d6066f4f56f4c-le64.cache-6
7f845393f000-7f8453940000 r--s 00000000 08:06 2102033                    /var/cache/fontconfig/30829fa25452a46451e813d634d7f916-le64.cache-6
7f8453940000-7f8453941000 r--s 00000000 08:06 2102027                    /var/cache/fontconfig/0c9eb80ebd1c36541ebe2852d3bb0c49-le64.cache-6
7f8453941000-7f8453944000 r--s 00000000 08:06 2102044                    /var/cache/fontconfig/75114ca45c98e8a441da0ff356701271-le64.cache-6
7f8453944000-7f845394f000 r--s 00000000 08:06 2102047                    /var/cache/fontconfig/83bf95040141907cd45bb53cf7c1c148-le64.cache-6
7f845394f000-7f8453961000 r--s 00000000 08:06 2102051                    /var/cache/fontconfig/9b89f8e3dae116d678bbf48e5f21f69b-le64.cache-6
7f8453961000-7f8453962000 r--s 00000000 08:06 2100975                    /var/cache/fontconfig/c277e94e32b20404286a1ddafa5a80f0-le64.cache-6
7f8453962000-7f8453965000 r--s 00000000 08:06 2102063                    /var/cache/fontconfig/e13b20fdb08344e0e664864cc2ede53d-le64.cache-6
7f8453965000-7f84539c0000 rw-p 00000000 00:00 0 
7f84539c0000-7f84539c4000 ---p 00000000 00:00 0 
7f84539c4000-7f8453ac5000 rw-p 00000000 00:00 0 
7f8453ac5000-7f8453ac9000 r--s 00000000 08:06 2100971                    /var/cache/fontconfig/7ef2298fde41cc6eeb7af42e48b7d293-le64.cache-6
7f8453ac9000-7f8453aca000 r--p 00000000 08:06 3032266                    /usr/share/locale-langpack/en_GB/LC_MESSAGES/libc.mo
7f8453aca000-7f8453af7000 rw-p 00000000 00:00 0 
7f8453af7000-7f8453afe000 ---p 00000000 00:00 0 
7f8453afe000-7f8453b06000 rw-s 00000000 08:06 9710262                    /tmp/hsperfdata_mohit/15062
7f8453b06000-7f8453b07000 rw-p 00000000 00:00 0 
7f8453b07000-7f8453b08000 r--p 00000000 00:00 0 
7f8453b08000-7f8453b09000 rw-p 00000000 00:00 0 
7f8453b09000-7f8453b0a000 r--p 00025000 08:06 10228287                   /lib/x86_64-linux-gnu/ld-2.23.so
7f8453b0a000-7f8453b0b000 rw-p 00026000 08:06 10228287                   /lib/x86_64-linux-gnu/ld-2.23.so
7f8453b0b000-7f8453b0c000 rw-p 00000000 00:00 0 
7ffee8223000-7ffee8244000 rw-p 00000000 00:00 0                          [stack]
7ffee8312000-7ffee8315000 r--p 00000000 00:00 0                          [vvar]
7ffee8315000-7ffee8317000 r-xp 00000000 00:00 0                          [vdso]
ffffffffff600000-ffffffffff601000 r-xp 00000000 00:00 0                  [vsyscall]

VM Arguments:
java_command: robot
java_class_path (initial): /usr/share/java/j3dutils.jar:/usr/share/java/j3dcore.jar:/usr/share/java/vecmath.jar:.
Launcher Type: SUN_STANDARD

Environment Variables:
PATH=/home/mohit/bin:/home/mohit/.local/bin:/usr/local/sbin:/usr/local/bin:/usr/sbin:/usr/bin:/sbin:/bin:/usr/games:/usr/local/games:/snap/bin
SHELL=/bin/bash
DISPLAY=:0

Signal Handlers:
SIGSEGV: [libjvm.so+0xc12c20], sa_mask[0]=11111111011111111101111111111110, sa_flags=SA_RESTART|SA_SIGINFO
SIGBUS: [libjvm.so+0xc12c20], sa_mask[0]=11111111011111111101111111111110, sa_flags=SA_RESTART|SA_SIGINFO
SIGFPE: [libjvm.so+0xc12c20], sa_mask[0]=11111111011111111101111111111110, sa_flags=SA_RESTART|SA_SIGINFO
SIGPIPE: [libjvm.so+0xa3b600], sa_mask[0]=11111111011111111101111111111110, sa_flags=SA_RESTART|SA_SIGINFO
SIGXFSZ: [libjvm.so+0xa3b600], sa_mask[0]=11111111011111111101111111111110, sa_flags=SA_RESTART|SA_SIGINFO
SIGILL: [libjvm.so+0xc12c20], sa_mask[0]=11111111011111111101111111111110, sa_flags=SA_RESTART|SA_SIGINFO
SIGUSR2: [libjvm.so+0xa3b4a0], sa_mask[0]=00000000000000000000000000000000, sa_flags=SA_RESTART|SA_SIGINFO
SIGHUP: [libjvm.so+0xa3b870], sa_mask[0]=11111111011111111101111111111110, sa_flags=SA_RESTART|SA_SIGINFO
SIGINT: [libjvm.so+0xa3b870], sa_mask[0]=11111111011111111101111111111110, sa_flags=SA_RESTART|SA_SIGINFO
SIGTERM: [libjvm.so+0xa3b870], sa_mask[0]=11111111011111111101111111111110, sa_flags=SA_RESTART|SA_SIGINFO
SIGQUIT: [libjvm.so+0xa3b870], sa_mask[0]=11111111011111111101111111111110, sa_flags=SA_RESTART|SA_SIGINFO


---------------  S Y S T E M  ---------------

OS:DISTRIB_ID=Ubuntu
DISTRIB_RELEASE=16.04
DISTRIB_CODENAME=xenial
DISTRIB_DESCRIPTION="Ubuntu 16.04.5 LTS"
uname:Linux 4.15.0-34-generic #37~16.04.1-Ubuntu SMP Tue Aug 28 10:44:06 UTC 2018 x86_64
libc:glibc 2.23 NPTL 2.23 
rlimit: STACK 8192k, CORE 0k, NPROC 63466, NOFILE 1048576, AS infinity
load average:0.70 0.87 0.78

/proc/meminfo:
MemTotal:       16341324 kB
MemFree:         1243952 kB
MemAvailable:   10341968 kB
Buffers:          271432 kB
Cached:          9190220 kB
SwapCached:            0 kB
Active:          8518940 kB
Inactive:        5741448 kB
Active(anon):    4799608 kB
Inactive(anon):   500512 kB
Active(file):    3719332 kB
Inactive(file):  5240936 kB
Unevictable:         312 kB
Mlocked:             312 kB
SwapTotal:       1000444 kB
SwapFree:        1000444 kB
Dirty:              1220 kB
Writeback:             8 kB
AnonPages:       4799520 kB
Mapped:           545300 kB
Shmem:            502096 kB
Slab:             571396 kB
SReclaimable:     478972 kB
SUnreclaim:        92424 kB
KernelStack:       20608 kB
PageTables:       110864 kB
NFS_Unstable:          0 kB
Bounce:                0 kB
WritebackTmp:          0 kB
CommitLimit:     9171104 kB
Committed_AS:   19622848 kB
VmallocTotal:   34359738367 kB
VmallocUsed:           0 kB
VmallocChunk:          0 kB
HardwareCorrupted:     0 kB
AnonHugePages:         0 kB
ShmemHugePages:        0 kB
ShmemPmdMapped:        0 kB
CmaTotal:              0 kB
CmaFree:               0 kB
HugePages_Total:       0
HugePages_Free:        0
HugePages_Rsvd:        0
HugePages_Surp:        0
Hugepagesize:       2048 kB
DirectMap4k:      369972 kB
DirectMap2M:    14225408 kB
DirectMap1G:     2097152 kB


CPU:total 4 (2 cores per cpu, 2 threads per core) family 6 model 142 stepping 9, cmov, cx8, fxsr, mmx, sse, sse2, sse3, ssse3, sse4.1, sse4.2, popcnt, avx, avx2, aes, clmul, erms, 3dnowpref, lzcnt, ht, tsc, tscinvbit, bmi1, bmi2, adx

CPU Model and flags from /proc/cpuinfo:
model name	: Intel(R) Core(TM) i7-7500U CPU @ 2.70GHz
flags		: fpu vme de pse tsc msr pae mce cx8 apic sep mtrr pge mca cmov pat pse36 clflush dts acpi mmx fxsr sse sse2 ss ht tm pbe syscall nx pdpe1gb rdtscp lm constant_tsc art arch_perfmon pebs bts rep_good nopl xtopology nonstop_tsc cpuid aperfmperf tsc_known_freq pni pclmulqdq dtes64 monitor ds_cpl vmx est tm2 ssse3 sdbg fma cx16 xtpr pdcm pcid sse4_1 sse4_2 x2apic movbe popcnt tsc_deadline_timer aes xsave avx f16c rdrand lahf_lm abm 3dnowprefetch cpuid_fault epb invpcid_single pti ssbd ibrs ibpb stibp tpr_shadow vnmi flexpriority ept vpid fsgsbase tsc_adjust bmi1 avx2 smep bmi2 erms invpcid mpx rdseed adx smap clflushopt intel_pt xsaveopt xsavec xgetbv1 xsaves dtherm ida arat pln pts hwp hwp_notify hwp_act_window hwp_epp flush_l1d

Memory: 4k page, physical 16341324k(1243952k free), swap 1000444k(1000444k free)

vm_info: OpenJDK 64-Bit Server VM (9-internal+0-2016-04-14-195246.buildd.src) for linux-amd64 JRE (9-internal+0-2016-04-14-195246.buildd.src), built on Apr 14 2016 20:05:37 by "buildd" with gcc 5.3.1 20160413

END.
